AUTOSAR XML Text Transformation v2.1.2.0
    Output folder: C:\Users\nz3541\Documents\SynergyWorkingEA4\CM660A_HwTq1Meas_Impl\tools\local\generate
    Descr. file:   C:\Users\nz3541\AppData\Local\Temp\DaVinci\Cfg-5537806\Generation\Cfg_Gen-1523555785400-0\AutosarFiles_ValGen-1523555804909-0\HwTq1Meas_ECUC_433634897866925286.arxml
    Include file:  C:\Users\nz3541\Documents\SynergyWorkingEA4\CM660A_HwTq1Meas_Impl\tools\template\..\..\..\TL105A_Artt\tools\include\Helper.tt
    Template:      C:\Users\nz3541\Documents\SynergyWorkingEA4\CM660A_HwTq1Meas_Impl\tools\template\CDD_HwTq1Meas_Cfg.h.tt
    Namespace:     http://autosar.org/schema/r4.0
    Prefix:        ar
    File:          C:/Users/nz3541/Documents/SynergyWorkingEA4/CM660A_HwTq1Meas_Impl/tools/local/generate\CDD_HwTq1Meas_Cfg.h. written.
    Duration:      00:00:00.8892057.
AUTOSAR XML Text Transformation v2.1.2.0
    Output folder: C:\Users\nz3541\Documents\SynergyWorkingEA4\CM660A_HwTq1Meas_Impl\tools\local\generate
    Descr. file:   C:\Users\nz3541\AppData\Local\Temp\DaVinci\Cfg-5537806\Generation\Cfg_Gen-1523555785400-0\AutosarFiles_ValGen-1523555877745-0\HwTq1Meas_ECUC_6560359243256212029.arxml
    Include file:  C:\Users\nz3541\Documents\SynergyWorkingEA4\CM660A_HwTq1Meas_Impl\tools\template\..\..\..\TL105A_Artt\tools\include\Helper.tt
    Template:      C:\Users\nz3541\Documents\SynergyWorkingEA4\CM660A_HwTq1Meas_Impl\tools\template\CDD_HwTq1Meas_Cfg.h.tt
    Namespace:     http://autosar.org/schema/r4.0
    Prefix:        ar
    File:          C:/Users/nz3541/Documents/SynergyWorkingEA4/CM660A_HwTq1Meas_Impl/tools/local/generate\CDD_HwTq1Meas_Cfg.h. written.
    Duration:      00:00:00.8112052.
AUTOSAR XML Text Transformation v2.1.2.0
    Output folder: C:\Users\nz3541\Documents\SynergyWorkingEA4\CM660A_HwTq1Meas_Impl\tools\local\generate
    Descr. file:   C:\Users\nz3541\AppData\Local\Temp\DaVinci\Cfg-5537806\Generation\Cfg_Gen-1523555785400-0\AutosarFiles_ValGen-1523556172385-0\HwTq1Meas_ECUC_4966056959782457868.arxml
    Include file:  C:\Users\nz3541\Documents\SynergyWorkingEA4\CM660A_HwTq1Meas_Impl\tools\template\..\..\..\TL105A_Artt\tools\include\Helper.tt
    Template:      C:\Users\nz3541\Documents\SynergyWorkingEA4\CM660A_HwTq1Meas_Impl\tools\template\CDD_HwTq1Meas_Cfg.h.tt
    Namespace:     http://autosar.org/schema/r4.0
    Prefix:        ar
    File:          C:/Users/nz3541/Documents/SynergyWorkingEA4/CM660A_HwTq1Meas_Impl/tools/local/generate\CDD_HwTq1Meas_Cfg.h. written.
    Duration:      00:00:00.8892057.
AUTOSAR XML Text Transformation v2.1.2.0
    Output folder: C:\Users\nz3541\Documents\SynergyWorkingEA4\CM660A_HwTq1Meas_Impl\tools\local\generate
    Descr. file:   C:\Users\nz3541\AppData\Local\Temp\DaVinci\Cfg-5013791\Generation\Cfg_Gen-1523565018042-0\AutosarFiles_ValGen-1523565024682-0\HwTq1Meas_ECUC_9215240884346715061.arxml
    Include file:  C:\Users\nz3541\Documents\SynergyWorkingEA4\CM660A_HwTq1Meas_Impl\tools\template\..\..\..\TL105A_Artt\tools\include\Helper.tt
    Template:      C:\Users\nz3541\Documents\SynergyWorkingEA4\CM660A_HwTq1Meas_Impl\tools\template\CDD_HwTq1Meas_Cfg.h.tt
    Namespace:     http://autosar.org/schema/r4.0
    Prefix:        ar
    File:          C:/Users/nz3541/Documents/SynergyWorkingEA4/CM660A_HwTq1Meas_Impl/tools/local/generate\CDD_HwTq1Meas_Cfg.h. written.
    Duration:      00:00:00.9048058.
AUTOSAR XML Text Transformation v2.1.2.0
    Output folder: C:\Users\nz3541\Documents\SynergyWorkingEA4\CM660A_HwTq1Meas_Impl\tools\local\generate
    Descr. file:   C:\Users\nz3541\AppData\Local\Temp\DaVinci\Cfg-2398093\Generation\Cfg_Gen-1523622403185-0\AutosarFiles_ValGen-1523622410173-0\HwTq1Meas_ECUC_5013977649848895530.arxml
    Include file:  C:\Users\nz3541\Documents\SynergyWorkingEA4\CM660A_HwTq1Meas_Impl\tools\template\..\..\..\TL105A_Artt\tools\include\Helper.tt
    Template:      C:\Users\nz3541\Documents\SynergyWorkingEA4\CM660A_HwTq1Meas_Impl\tools\template\CDD_HwTq1Meas_Cfg.h.tt
    Namespace:     http://autosar.org/schema/r4.0
    Prefix:        ar
    File:          C:/Users/nz3541/Documents/SynergyWorkingEA4/CM660A_HwTq1Meas_Impl/tools/local/generate\CDD_HwTq1Meas_Cfg.h. written.
    Duration:      00:00:00.9048058.
AUTOSAR XML Text Transformation v2.1.2.0
    Output folder: C:\Users\nz3541\Documents\SynergyWorkingEA4\CM660A_HwTq1Meas_Impl\tools\local\generate
    Descr. file:   C:\Users\nz3541\AppData\Local\Temp\DaVinci\Cfg-2976866\Generation\Cfg_Gen-1523622981226-0\AutosarFiles_ValGen-1523622987803-0\HwTq1Meas_ECUC_6353684758249336989.arxml
    Include file:  C:\Users\nz3541\Documents\SynergyWorkingEA4\CM660A_HwTq1Meas_Impl\tools\template\..\..\..\TL105A_Artt\tools\include\Helper.tt
    Template:      C:\Users\nz3541\Documents\SynergyWorkingEA4\CM660A_HwTq1Meas_Impl\tools\template\CDD_HwTq1Meas_Cfg.h.tt
    Namespace:     http://autosar.org/schema/r4.0
    Prefix:        ar
    File:          C:/Users/nz3541/Documents/SynergyWorkingEA4/CM660A_HwTq1Meas_Impl/tools/local/generate\CDD_HwTq1Meas_Cfg.h. written.
    Duration:      00:00:00.8580055.
