AUTOSAR XML Text Transformation v2.0.2.0
    Output folder: E:\EA4NewTemplate\AR350A_ImcArbn_Impl\tools\local\generate
    Descr. file:   C:\Users\rzk04c\AppData\Local\Temp\DaVinci\Cfg-3903915\Generation\Cfg_Gen-1510093911749-0\AutosarFiles_ValGen-1510093935010-0\ImcArbn_ECUC_3527600691389757221.arxml
    Include file:  E:\EA4NewTemplate\AR350A_ImcArbn_Impl\tools\template\..\..\..\TL105A_Artt\tools\include\Helper.tt
    Include file:  E:\EA4NewTemplate\AR350A_ImcArbn_Impl\tools\template\..\..\..\TL105A_Artt\tools\include\Logger.tt
    Include file:  E:\EA4NewTemplate\AR350A_ImcArbn_Impl\tools\template\ImcArbn_helper.tt
    Template:      E:\EA4NewTemplate\AR350A_ImcArbn_Impl\tools\template\ImcArbn_Private_Cfg.h.tt
    Namespace:     http://autosar.org/schema/r4.0
    Prefix:        ar
    File:          E:/EA4NewTemplate/AR350A_ImcArbn_Impl/tools/local/generate\ImcArbn_Private_Cfg.h. written.
    Duration:      00:00:00.7488048.
AUTOSAR XML Text Transformation v2.0.2.0
    Output folder: E:\EA4NewTemplate\AR350A_ImcArbn_Impl\tools\local\generate
    Descr. file:   C:\Users\rzk04c\AppData\Local\Temp\DaVinci\Cfg-6203001\Generation\Cfg_Gen-1510166223870-0\AutosarFiles_ValGen-1510166256023-0\ImcArbn_ECUC_3421306684861764306.arxml
    Include file:  E:\EA4NewTemplate\AR350A_ImcArbn_Impl\tools\template\..\..\..\TL105A_Artt\tools\include\Helper.tt
    Include file:  E:\EA4NewTemplate\AR350A_ImcArbn_Impl\tools\template\..\..\..\TL105A_Artt\tools\include\Logger.tt
    Include file:  E:\EA4NewTemplate\AR350A_ImcArbn_Impl\tools\template\ImcArbn_helper.tt
    Template:      E:\EA4NewTemplate\AR350A_ImcArbn_Impl\tools\template\ImcArbn_Private_Cfg.h.tt
    Namespace:     http://autosar.org/schema/r4.0
    Prefix:        ar
    File:          E:/EA4NewTemplate/AR350A_ImcArbn_Impl/tools/local/generate\ImcArbn_Private_Cfg.h. written.
    Duration:      00:00:01.2480080.
