AUTOSAR XML Text Transformation v2.1.2.0
    Output folder: C:\_Synergy_Projects\Working\ES225A_HwTq10Meas_Impl\tools\local\generate
    Descr. file:   C:\Users\nzlf92\AppData\Local\Temp\DaVinci\Cfg-3315853\Generation\Cfg_Gen-1516033455647-0\AutosarFiles_ValGen-1516033488742-0\HwTq10Meas_ECUC_5421288028799723522.arxml
    Include file:  C:\_Synergy_Projects\Working\ES225A_HwTq10Meas_Impl\tools\template\..\..\..\TL105A_Artt\tools\include\Helper.tt
    Template:      C:\_Synergy_Projects\Working\ES225A_HwTq10Meas_Impl\tools\template\HwTq10Meas_Cfg.h.tt
    Namespace:     http://autosar.org/schema/r4.0
    Prefix:        ar
    File:          C:/_Synergy_Projects/Working/ES225A_HwTq10Meas_Impl/tools/local/generate\HwTq10Meas_Cfg.h. written.
    Duration:      00:00:01.5912102.
AUTOSAR XML Text Transformation v2.1.2.0
    Output folder: C:\_Synergy_Projects\Working\ES225A_HwTq10Meas_Impl\tools\local\generate
    Descr. file:   C:\Users\nzlf92\AppData\Local\Temp\DaVinci\Cfg-4046560\Generation\Cfg_Gen-1516034062703-0\AutosarFiles_ValGen-1516034078725-0\HwTq10Meas_ECUC_7058033405188788017.arxml
    Include file:  C:\_Synergy_Projects\Working\ES225A_HwTq10Meas_Impl\tools\template\..\..\..\TL105A_Artt\tools\include\Helper.tt
    Template:      C:\_Synergy_Projects\Working\ES225A_HwTq10Meas_Impl\tools\template\HwTq10Meas_Cfg.h.tt
    Namespace:     http://autosar.org/schema/r4.0
    Prefix:        ar
    File:          C:/_Synergy_Projects/Working/ES225A_HwTq10Meas_Impl/tools/local/generate\HwTq10Meas_Cfg.h. written.
    Duration:      00:00:01.2636081.
AUTOSAR XML Text Transformation v2.1.2.0
    Output folder: C:\_Synergy_Projects\Working\ES225A_HwTq10Meas_Impl\tools\local\generate
    Descr. file:   C:\Users\nzlf92\AppData\Local\Temp\DaVinci\Cfg-4229302\Generation\Cfg_Gen-1516034241006-0\AutosarFiles_ValGen-1516034253523-0\HwTq10Meas_ECUC_9213642446909161774.arxml
    Include file:  C:\_Synergy_Projects\Working\ES225A_HwTq10Meas_Impl\tools\template\..\..\..\TL105A_Artt\tools\include\Helper.tt
    Template:      C:\_Synergy_Projects\Working\ES225A_HwTq10Meas_Impl\tools\template\HwTq10Meas_Cfg.h.tt
    Namespace:     http://autosar.org/schema/r4.0
    Prefix:        ar
    File:          C:/_Synergy_Projects/Working/ES225A_HwTq10Meas_Impl/tools/local/generate\HwTq10Meas_Cfg.h. written.
    Duration:      00:00:01.2324079.
AUTOSAR XML Text Transformation v2.1.2.0
    Output folder: C:\_Synergy_Projects\Working\ES225A_HwTq10Meas_Impl\tools\local\generate
    Descr. file:   C:\Users\nzlf92\AppData\Local\Temp\DaVinci\Cfg-4433689\Generation\Cfg_Gen-1516034447357-0\AutosarFiles_ValGen-1516034460451-0\HwTq10Meas_ECUC_554728006658537080.arxml
    Include file:  C:\_Synergy_Projects\Working\ES225A_HwTq10Meas_Impl\tools\template\..\..\..\TL105A_Artt\tools\include\Helper.tt
    Template:      C:\_Synergy_Projects\Working\ES225A_HwTq10Meas_Impl\tools\template\HwTq10Meas_Cfg.h.tt
    Namespace:     http://autosar.org/schema/r4.0
    Prefix:        ar
    File:          C:/_Synergy_Projects/Working/ES225A_HwTq10Meas_Impl/tools/local/generate\HwTq10Meas_Cfg.h. written.
    Duration:      00:00:01.3728088.
AUTOSAR XML Text Transformation v2.1.2.0
    Output folder: C:\_Synergy_Projects\Working\ES225A_HwTq10Meas_Impl\tools\local\generate
    Descr. file:   C:\Users\nzlf92\AppData\Local\Temp\DaVinci\Cfg-4546095\Generation\Cfg_Gen-1516034558970-0\AutosarFiles_ValGen-1516034571663-0\HwTq10Meas_ECUC_3843018159478481555.arxml
    Include file:  C:\_Synergy_Projects\Working\ES225A_HwTq10Meas_Impl\tools\template\..\..\..\TL105A_Artt\tools\include\Helper.tt
    Template:      C:\_Synergy_Projects\Working\ES225A_HwTq10Meas_Impl\tools\template\HwTq10Meas_Cfg.h.tt
    Namespace:     http://autosar.org/schema/r4.0
    Prefix:        ar
    File:          C:/_Synergy_Projects/Working/ES225A_HwTq10Meas_Impl/tools/local/generate\HwTq10Meas_Cfg.h. written.
    Duration:      00:00:01.2012077.
AUTOSAR XML Text Transformation v2.1.2.0
    Output folder: C:\_Synergy_Projects\Working\ES225A_HwTq10Meas_Impl\tools\local\generate
    Descr. file:   C:\Users\nzlf92\AppData\Local\Temp\DaVinci\Cfg-4640512\Generation\Cfg_Gen-1516034652466-0\AutosarFiles_ValGen-1516034666552-0\HwTq10Meas_ECUC_1642062154679438136.arxml
    Include file:  C:\_Synergy_Projects\Working\ES225A_HwTq10Meas_Impl\tools\template\..\..\..\TL105A_Artt\tools\include\Helper.tt
    Template:      C:\_Synergy_Projects\Working\ES225A_HwTq10Meas_Impl\tools\template\HwTq10Meas_Cfg.h.tt
    Namespace:     http://autosar.org/schema/r4.0
    Prefix:        ar
    File:          C:/_Synergy_Projects/Working/ES225A_HwTq10Meas_Impl/tools/local/generate\HwTq10Meas_Cfg.h. written.
    Duration:      00:00:01.0764069.
AUTOSAR XML Text Transformation v2.1.2.0
    Output folder: C:\_Synergy_Projects\Working\ES225A_HwTq10Meas_Impl\tools\local\generate
    Descr. file:   C:\Users\nzlf92\AppData\Local\Temp\DaVinci\Cfg-4998668\Generation\Cfg_Gen-1516035012916-0\AutosarFiles_ValGen-1516035026772-0\HwTq10Meas_ECUC_6940133597467750643.arxml
    Include file:  C:\_Synergy_Projects\Working\ES225A_HwTq10Meas_Impl\tools\template\..\..\..\TL105A_Artt\tools\include\Helper.tt
    Template:      C:\_Synergy_Projects\Working\ES225A_HwTq10Meas_Impl\tools\template\HwTq10Meas_Cfg.h.tt
    Namespace:     http://autosar.org/schema/r4.0
    Prefix:        ar
    File:          C:/_Synergy_Projects/Working/ES225A_HwTq10Meas_Impl/tools/local/generate\HwTq10Meas_Cfg.h. written.
    Duration:      00:00:01.1700075.
AUTOSAR XML Text Transformation v2.1.2.0
    Output folder: C:\_Synergy_Projects\Working\ES225A_HwTq10Meas_Impl\tools\local\generate
    Descr. file:   C:\Users\nzlf92\AppData\Local\Temp\DaVinci\Cfg-5091471\Generation\Cfg_Gen-1516035102750-0\AutosarFiles_ValGen-1516035116982-0\HwTq10Meas_ECUC_2453966595643948653.arxml
    Include file:  C:\_Synergy_Projects\Working\ES225A_HwTq10Meas_Impl\tools\template\..\..\..\TL105A_Artt\tools\include\Helper.tt
    Template:      C:\_Synergy_Projects\Working\ES225A_HwTq10Meas_Impl\tools\template\HwTq10Meas_Cfg.h.tt
    Namespace:     http://autosar.org/schema/r4.0
    Prefix:        ar
    File:          C:/_Synergy_Projects/Working/ES225A_HwTq10Meas_Impl/tools/local/generate\HwTq10Meas_Cfg.h. written.
    Duration:      00:00:01.2168078.
AUTOSAR XML Text Transformation v2.1.2.0
    Output folder: C:\_Synergy_Projects\Working\ES225A_HwTq10Meas_Impl\tools\local\generate
    Descr. file:   C:\Users\nzlf92\AppData\Local\Temp\DaVinci\Cfg-5161191\Generation\Cfg_Gen-1516035173243-0\AutosarFiles_ValGen-1516035188175-0\HwTq10Meas_ECUC_1265779135182340672.arxml
    Include file:  C:\_Synergy_Projects\Working\ES225A_HwTq10Meas_Impl\tools\template\..\..\..\TL105A_Artt\tools\include\Helper.tt
    Template:      C:\_Synergy_Projects\Working\ES225A_HwTq10Meas_Impl\tools\template\HwTq10Meas_Cfg.h.tt
    Namespace:     http://autosar.org/schema/r4.0
    Prefix:        ar
    File:          C:/_Synergy_Projects/Working/ES225A_HwTq10Meas_Impl/tools/local/generate\HwTq10Meas_Cfg.h. written.
    Duration:      00:00:01.3260085.
