AUTOSAR XML Text Transformation v2.0.2.0
    Output folder: C:\_EA4SynWrkgCpy\ES243A_MotAg6Meas_Impl\tools\local\generate
    Descr. file:   C:\Users\nz2554\AppData\Local\Temp\DaVinci\Cfg-3354907\Generation\Cfg_Gen-1501683363488-0\AutosarFiles_ValGen-1501683369672-0\MotAg6Meas_ECUC_3448390769770471327.arxml
    Include file:  C:\_EA4SynWrkgCpy\ES243A_MotAg6Meas_Impl\tools\template\..\..\..\TL105A_Artt\tools\include\Helper.tt
    Template:      C:\_EA4SynWrkgCpy\ES243A_MotAg6Meas_Impl\tools\template\CDD_MotAg6Meas_Cfg_private.h.tt
    Namespace:     http://autosar.org/schema/r4.0
    Prefix:        ar
    File:          C:/_EA4SynWrkgCpy/ES243A_MotAg6Meas_Impl/tools/local/generate\CDD_MotAg6Meas_Cfg_private.h. written.
    Duration:      00:00:02.3088148.
AUTOSAR XML Text Transformation v2.0.2.0
    Output folder: C:\_EA4SynWrkgCpy\ES243A_MotAg6Meas_Impl\tools\local\generate
    Descr. file:   C:\Users\nz2554\AppData\Local\Temp\DaVinci\Cfg-7260056\Generation\Cfg_Gen-1501687267744-0\AutosarFiles_ValGen-1501687273737-0\MotAg6Meas_ECUC_7196406767475415399.arxml
    Include file:  C:\_EA4SynWrkgCpy\ES243A_MotAg6Meas_Impl\tools\template\..\..\..\TL105A_Artt\tools\include\Helper.tt
    Template:      C:\_EA4SynWrkgCpy\ES243A_MotAg6Meas_Impl\tools\template\CDD_MotAg6Meas_Cfg_private.h.tt
    Namespace:     http://autosar.org/schema/r4.0
    Prefix:        ar
    File:          C:/_EA4SynWrkgCpy/ES243A_MotAg6Meas_Impl/tools/local/generate\CDD_MotAg6Meas_Cfg_private.h. written.
    Duration:      00:00:02.6364169.
AUTOSAR XML Text Transformation v2.0.2.0
    Output folder: C:\_EA4SynWrkgCpy\ES243A_MotAg6Meas_Impl\tools\local\generate
    Descr. file:   C:\Users\nz2554\AppData\Local\Temp\DaVinci\Cfg-7698154\Generation\Cfg_Gen-1501697709386-0\AutosarFiles_ValGen-1501697715644-0\MotAg6Meas_ECUC_5430317442527634326.arxml
    Include file:  C:\_EA4SynWrkgCpy\ES243A_MotAg6Meas_Impl\tools\template\..\..\..\TL105A_Artt\tools\include\Helper.tt
    Template:      C:\_EA4SynWrkgCpy\ES243A_MotAg6Meas_Impl\tools\template\CDD_MotAg6Meas_Cfg_private.h.tt
    Namespace:     http://autosar.org/schema/r4.0
    Prefix:        ar
    File:          C:/_EA4SynWrkgCpy/ES243A_MotAg6Meas_Impl/tools/local/generate\CDD_MotAg6Meas_Cfg_private.h. written.
    Duration:      00:00:02.2932147.
AUTOSAR XML Text Transformation v2.0.2.0
    Output folder: C:\_EA4SynWrkgCpy\ES243A_MotAg6Meas_Impl\tools\local\generate
    Descr. file:   C:\Users\nz2554\AppData\Local\Temp\DaVinci\Cfg-9763767\Generation\Cfg_Gen-1508169770093-0\AutosarFiles_ValGen-1508169776398-0\MotAg6Meas_ECUC_4361587991929155126.arxml
    Include file:  C:\_EA4SynWrkgCpy\ES243A_MotAg6Meas_Impl\tools\template\..\..\..\TL105A_Artt\tools\include\Helper.tt
    Template:      C:\_EA4SynWrkgCpy\ES243A_MotAg6Meas_Impl\tools\template\CDD_MotAg6Meas_Cfg_private.h.tt
    Namespace:     http://autosar.org/schema/r4.0
    Prefix:        ar
    File:          C:/_EA4SynWrkgCpy/ES243A_MotAg6Meas_Impl/tools/local/generate\CDD_MotAg6Meas_Cfg_private.h. written.
    Duration:      00:00:00.7488048.
