The system cannot find the path specified.
AUTOSAR XML Text Transformation v2.0.2.0
    Output folder: C:\myWork\CM301A_Adcf0CfgAndUse_Impl\tools\local\generate
    Descr. file:   C:\Users\nz3526\AppData\Local\Temp\DaVinci\Cfg-9584357\Generation\Cfg_Gen-1501659588279-0\AutosarFiles_ValGen-1501659594127-0\Adcf0CfgAndUse_ECUC_71497897366348668.arxml
    Include file:  C:\myWork\CM301A_Adcf0CfgAndUse_Impl\tools\template\..\..\..\TL105A_Artt\tools\include\Helper.tt
    Template:      C:\myWork\CM301A_Adcf0CfgAndUse_Impl\tools\template\CDD_Adcf0CfgAndUse_Cfg.h.tt
    Namespace:     http://autosar.org/schema/r4.0
    Prefix:        ar
    File:          C:/myWork/CM301A_Adcf0CfgAndUse_Impl/tools/local/generate\CDD_Adcf0CfgAndUse_Cfg.h. written.
    Duration:      00:00:00.7956051.
AUTOSAR XML Text Transformation v2.0.2.0
    Output folder: C:\myWork\CM301A_Adcf0CfgAndUse_Impl\tools\local\generate
    Descr. file:   C:\Users\nz3526\AppData\Local\Temp\DaVinci\Cfg-9881254\Generation\Cfg_Gen-1501659885634-0\AutosarFiles_ValGen-1501659891659-0\Adcf0CfgAndUse_ECUC_187137971350504963.arxml
    Include file:  C:\myWork\CM301A_Adcf0CfgAndUse_Impl\tools\template\..\..\..\TL105A_Artt\tools\include\Helper.tt
    Template:      C:\myWork\CM301A_Adcf0CfgAndUse_Impl\tools\template\CDD_Adcf0CfgAndUse_Cfg.h.tt
    Namespace:     http://autosar.org/schema/r4.0
    Prefix:        ar
    File:          C:/myWork/CM301A_Adcf0CfgAndUse_Impl/tools/local/generate\CDD_Adcf0CfgAndUse_Cfg.h. written.
    Duration:      00:00:00.7644049.
AUTOSAR XML Text Transformation v2.0.2.0
    Output folder: C:\myWork\CM301A_Adcf0CfgAndUse_Impl\tools\local\generate
    Descr. file:   C:\Users\nz3526\AppData\Local\Temp\DaVinci\Cfg-0002713\Generation\Cfg_Gen-1501660006582-0\AutosarFiles_ValGen-1501660012417-0\Adcf0CfgAndUse_ECUC_5840280606004232289.arxml
    Include file:  C:\myWork\CM301A_Adcf0CfgAndUse_Impl\tools\template\..\..\..\TL105A_Artt\tools\include\Helper.tt
    Template:      C:\myWork\CM301A_Adcf0CfgAndUse_Impl\tools\template\CDD_Adcf0CfgAndUse_Cfg.h.tt
    Namespace:     http://autosar.org/schema/r4.0
    Prefix:        ar
    File:          C:/myWork/CM301A_Adcf0CfgAndUse_Impl/tools/local/generate\CDD_Adcf0CfgAndUse_Cfg.h. written.
    Duration:      00:00:00.7488048.
