AUTOSAR XML Text Transformation v2.0.2.0
    Output folder: C:\Users\gz324f\Desktop\working\_Ford_T3T6_Eps_Impl_A_Working\_Ford_T3T6_Eps_Impl_A\generate
    Descr. file:   C:\Users\gz324f\AppData\Local\Temp\DaVinci\Cfg-1791264\Generation\Cfg_Gen-1502721810997-0\AutosarFiles_ValGen-1502722579497-0\MotCtrlMgr_ECUC_1553497757994385598.arxml
    Include file:  C:\Users\gz324f\Desktop\working\_Ford_T3T6_Eps_Impl_A_Working\AR300A_MotCtrlMgr_Impl\tools\template\..\..\..\TL105A_Artt\tools\include\Helper.tt
    Template:      C:\Users\gz324f\Desktop\working\_Ford_T3T6_Eps_Impl_A_Working\AR300A_MotCtrlMgr_Impl\tools\template\AR300A_MotCtrlMgr_DataDict.m.tt
    Namespace:     http://autosar.org/schema/r4.0
    Prefix:        ar
    File:          C:/Users/gz324f/Desktop/working/_Ford_T3T6_Eps_Impl_A_Working/_Ford_T3T6_Eps_Impl_A/generate\AR300A_MotCtrlMgr_DataDict.m. written.
    Duration:      00:00:00.9048058.
AUTOSAR XML Text Transformation v2.0.2.0
    Output folder: C:\Users\gz324f\Desktop\working\_Ford_T3T6_Eps_Impl_A_Working\_Ford_T3T6_Eps_Impl_A\generate
    Descr. file:   C:\Users\gz324f\AppData\Local\Temp\DaVinci\Cfg-1791264\Generation\Cfg_Gen-1502721810997-0\AutosarFiles_ValGen-1502726839328-0\MotCtrlMgr_ECUC_5121918326012624956.arxml
    Include file:  C:\Users\gz324f\Desktop\working\_Ford_T3T6_Eps_Impl_A_Working\AR300A_MotCtrlMgr_Impl\tools\template\..\..\..\TL105A_Artt\tools\include\Helper.tt
    Template:      C:\Users\gz324f\Desktop\working\_Ford_T3T6_Eps_Impl_A_Working\AR300A_MotCtrlMgr_Impl\tools\template\AR300A_MotCtrlMgr_DataDict.m.tt
    Namespace:     http://autosar.org/schema/r4.0
    Prefix:        ar
    File:          C:/Users/gz324f/Desktop/working/_Ford_T3T6_Eps_Impl_A_Working/_Ford_T3T6_Eps_Impl_A/generate\AR300A_MotCtrlMgr_DataDict.m. written.
    Duration:      00:00:01.6224104.
AUTOSAR XML Text Transformation v2.0.2.0
    Output folder: C:\Users\gz324f\Desktop\working\_Ford_T3T6_Eps_Impl_A_Working\_Ford_T3T6_Eps_Impl_A\generate
    Descr. file:   C:\Users\gz324f\AppData\Local\Temp\DaVinci\Cfg-1791264\Generation\Cfg_Gen-1502721810997-0\AutosarFiles_ValGen-1502730620432-0\MotCtrlMgr_ECUC_3551381800372868452.arxml
    Include file:  C:\Users\gz324f\Desktop\working\_Ford_T3T6_Eps_Impl_A_Working\AR300A_MotCtrlMgr_Impl\tools\template\..\..\..\TL105A_Artt\tools\include\Helper.tt
    Template:      C:\Users\gz324f\Desktop\working\_Ford_T3T6_Eps_Impl_A_Working\AR300A_MotCtrlMgr_Impl\tools\template\AR300A_MotCtrlMgr_DataDict.m.tt
    Namespace:     http://autosar.org/schema/r4.0
    Prefix:        ar
    File:          C:/Users/gz324f/Desktop/working/_Ford_T3T6_Eps_Impl_A_Working/_Ford_T3T6_Eps_Impl_A/generate\AR300A_MotCtrlMgr_DataDict.m. written.
    Duration:      00:00:00.9204059.
AUTOSAR XML Text Transformation v2.0.2.0
    Output folder: C:\Users\gz324f\Desktop\working\_Ford_T3T6_Eps_Impl_A_Working\_Ford_T3T6_Eps_Impl_A\generate
    Descr. file:   C:\Users\gz324f\AppData\Local\Temp\DaVinci\Cfg-1791264\Generation\Cfg_Gen-1502721810997-0\AutosarFiles_ValGen-1502730705886-0\MotCtrlMgr_ECUC_4276677142658798150.arxml
    Include file:  C:\Users\gz324f\Desktop\working\_Ford_T3T6_Eps_Impl_A_Working\AR300A_MotCtrlMgr_Impl\tools\template\..\..\..\TL105A_Artt\tools\include\Helper.tt
    Template:      C:\Users\gz324f\Desktop\working\_Ford_T3T6_Eps_Impl_A_Working\AR300A_MotCtrlMgr_Impl\tools\template\AR300A_MotCtrlMgr_DataDict.m.tt
    Namespace:     http://autosar.org/schema/r4.0
    Prefix:        ar
    File:          C:/Users/gz324f/Desktop/working/_Ford_T3T6_Eps_Impl_A_Working/_Ford_T3T6_Eps_Impl_A/generate\AR300A_MotCtrlMgr_DataDict.m. written.
    Duration:      00:00:00.8736056.
AUTOSAR XML Text Transformation v2.0.2.0
    Output folder: C:\Users\gz324f\Desktop\working\_Ford_T3T6_Eps_Impl_A_Working\_Ford_T3T6_Eps_Impl_A\generate
    Descr. file:   C:\Users\gz324f\AppData\Local\Temp\DaVinci\Cfg-1791264\Generation\Cfg_Gen-1502721810997-0\AutosarFiles_ValGen-1502732223067-0\MotCtrlMgr_ECUC_133610317385775463.arxml
    Include file:  C:\Users\gz324f\Desktop\working\_Ford_T3T6_Eps_Impl_A_Working\AR300A_MotCtrlMgr_Impl\tools\template\..\..\..\TL105A_Artt\tools\include\Helper.tt
    Template:      C:\Users\gz324f\Desktop\working\_Ford_T3T6_Eps_Impl_A_Working\AR300A_MotCtrlMgr_Impl\tools\template\AR300A_MotCtrlMgr_DataDict.m.tt
    Namespace:     http://autosar.org/schema/r4.0
    Prefix:        ar
    File:          C:/Users/gz324f/Desktop/working/_Ford_T3T6_Eps_Impl_A_Working/_Ford_T3T6_Eps_Impl_A/generate\AR300A_MotCtrlMgr_DataDict.m. written.
    Duration:      00:00:00.9360060.
AUTOSAR XML Text Transformation v2.0.2.0
    Output folder: C:\Users\gz324f\Desktop\working\_Ford_T3T6_Eps_Impl_A_Working\_Ford_T3T6_Eps_Impl_A\generate
    Descr. file:   C:\Users\gz324f\AppData\Local\Temp\DaVinci\Cfg-3325665\Generation\Cfg_Gen-1502733339270-0\AutosarFiles_ValGen-1502741603633-0\MotCtrlMgr_ECUC_3750577003648574221.arxml
    Include file:  C:\Users\gz324f\Desktop\working\_Ford_T3T6_Eps_Impl_A_Working\AR300A_MotCtrlMgr_Impl\tools\template\..\..\..\TL105A_Artt\tools\include\Helper.tt
    Template:      C:\Users\gz324f\Desktop\working\_Ford_T3T6_Eps_Impl_A_Working\AR300A_MotCtrlMgr_Impl\tools\template\AR300A_MotCtrlMgr_DataDict.m.tt
    Namespace:     http://autosar.org/schema/r4.0
    Prefix:        ar
    File:          C:/Users/gz324f/Desktop/working/_Ford_T3T6_Eps_Impl_A_Working/_Ford_T3T6_Eps_Impl_A/generate\AR300A_MotCtrlMgr_DataDict.m. written.
    Duration:      00:00:00.8892057.
AUTOSAR XML Text Transformation v2.0.2.0
    Output folder: C:\Users\gz324f\Desktop\working\_Ford_T3T6_Eps_Impl_A_Working\_Ford_T3T6_Eps_Impl_A\generate
    Descr. file:   C:\Users\gz324f\AppData\Local\Temp\DaVinci\Cfg-3325665\Generation\Cfg_Gen-1502733339270-0\AutosarFiles_ValGen-1502742818705-0\MotCtrlMgr_ECUC_6267421623860366163.arxml
    Include file:  C:\Users\gz324f\Desktop\working\_Ford_T3T6_Eps_Impl_A_Working\AR300A_MotCtrlMgr_Impl\tools\template\..\..\..\TL105A_Artt\tools\include\Helper.tt
    Template:      C:\Users\gz324f\Desktop\working\_Ford_T3T6_Eps_Impl_A_Working\AR300A_MotCtrlMgr_Impl\tools\template\AR300A_MotCtrlMgr_DataDict.m.tt
    Namespace:     http://autosar.org/schema/r4.0
    Prefix:        ar
    File:          C:/Users/gz324f/Desktop/working/_Ford_T3T6_Eps_Impl_A_Working/_Ford_T3T6_Eps_Impl_A/generate\AR300A_MotCtrlMgr_DataDict.m. written.
    Duration:      00:00:00.9204059.
AUTOSAR XML Text Transformation v2.0.2.0
    Output folder: C:\Users\gz324f\Desktop\working\_Ford_T3T6_Eps_Impl_A_Working\_Ford_T3T6_Eps_Impl_A\generate
    Descr. file:   C:\Users\gz324f\AppData\Local\Temp\DaVinci\Cfg-7118460\Generation\Cfg_Gen-1502907127279-0\AutosarFiles_ValGen-1502907827558-0\MotCtrlMgr_ECUC_3535531713652108671.arxml
    Include file:  C:\Users\gz324f\Desktop\working\_Ford_T3T6_Eps_Impl_A_Working\AR300A_MotCtrlMgr_Impl\tools\template\..\..\..\TL105A_Artt\tools\include\Helper.tt
    Template:      C:\Users\gz324f\Desktop\working\_Ford_T3T6_Eps_Impl_A_Working\AR300A_MotCtrlMgr_Impl\tools\template\AR300A_MotCtrlMgr_DataDict.m.tt
    Namespace:     http://autosar.org/schema/r4.0
    Prefix:        ar
    File:          C:/Users/gz324f/Desktop/working/_Ford_T3T6_Eps_Impl_A_Working/_Ford_T3T6_Eps_Impl_A/generate\AR300A_MotCtrlMgr_DataDict.m. written.
    Duration:      00:00:01.1700075.
AUTOSAR XML Text Transformation v2.0.2.0
    Output folder: C:\Users\gz324f\Desktop\working\_Ford_T3T6_Eps_Impl_A_Working\_Ford_T3T6_Eps_Impl_A\generate
    Descr. file:   C:\Users\gz324f\AppData\Local\Temp\DaVinci\Cfg-7118460\Generation\Cfg_Gen-1502907127279-0\AutosarFiles_ValGen-1502908127632-0\MotCtrlMgr_ECUC_8052253954917897149.arxml
    Include file:  C:\Users\gz324f\Desktop\working\_Ford_T3T6_Eps_Impl_A_Working\AR300A_MotCtrlMgr_Impl\tools\template\..\..\..\TL105A_Artt\tools\include\Helper.tt
    Template:      C:\Users\gz324f\Desktop\working\_Ford_T3T6_Eps_Impl_A_Working\AR300A_MotCtrlMgr_Impl\tools\template\AR300A_MotCtrlMgr_DataDict.m.tt
    Namespace:     http://autosar.org/schema/r4.0
    Prefix:        ar
    File:          C:/Users/gz324f/Desktop/working/_Ford_T3T6_Eps_Impl_A_Working/_Ford_T3T6_Eps_Impl_A/generate\AR300A_MotCtrlMgr_DataDict.m. written.
    Duration:      00:00:00.9516061.
AUTOSAR XML Text Transformation v2.0.2.0
    Output folder: C:\Users\gz324f\Desktop\working\_Ford_T3T6_Eps_Impl_A_Working\_Ford_T3T6_Eps_Impl_A\generate
    Descr. file:   C:\Users\gz324f\AppData\Local\Temp\DaVinci\Cfg-7118460\Generation\Cfg_Gen-1502907127279-0\AutosarFiles_ValGen-1502908513901-0\MotCtrlMgr_ECUC_2382920964191746310.arxml
    Include file:  C:\Users\gz324f\Desktop\working\_Ford_T3T6_Eps_Impl_A_Working\AR300A_MotCtrlMgr_Impl\tools\template\..\..\..\TL105A_Artt\tools\include\Helper.tt
    Template:      C:\Users\gz324f\Desktop\working\_Ford_T3T6_Eps_Impl_A_Working\AR300A_MotCtrlMgr_Impl\tools\template\AR300A_MotCtrlMgr_DataDict.m.tt
    Namespace:     http://autosar.org/schema/r4.0
    Prefix:        ar
    File:          C:/Users/gz324f/Desktop/working/_Ford_T3T6_Eps_Impl_A_Working/_Ford_T3T6_Eps_Impl_A/generate\AR300A_MotCtrlMgr_DataDict.m. written.
    Duration:      00:00:00.9360060.
AUTOSAR XML Text Transformation v2.0.2.0
    Output folder: C:\Users\gz324f\Desktop\working\_Ford_T3T6_Eps_Impl_A_Working\_Ford_T3T6_Eps_Impl_A\generate
    Descr. file:   C:\Users\gz324f\AppData\Local\Temp\DaVinci\Cfg-7118460\Generation\Cfg_Gen-1502907127279-0\AutosarFiles_ValGen-1502996710663-0\MotCtrlMgr_ECUC_4657085001877036084.arxml
    Include file:  C:\Users\gz324f\Desktop\working\_Ford_T3T6_Eps_Impl_A_Working\AR300A_MotCtrlMgr_Impl\tools\template\..\..\..\TL105A_Artt\tools\include\Helper.tt
    Template:      C:\Users\gz324f\Desktop\working\_Ford_T3T6_Eps_Impl_A_Working\AR300A_MotCtrlMgr_Impl\tools\template\AR300A_MotCtrlMgr_DataDict.m.tt
    Namespace:     http://autosar.org/schema/r4.0
    Prefix:        ar
    File:          C:/Users/gz324f/Desktop/working/_Ford_T3T6_Eps_Impl_A_Working/_Ford_T3T6_Eps_Impl_A/generate\AR300A_MotCtrlMgr_DataDict.m. written.
    Duration:      00:00:00.9672062.
AUTOSAR XML Text Transformation v2.0.2.0
    Output folder: C:\Users\gz324f\Desktop\working\_Ford_T3T6_Eps_Impl_A_Working\_Ford_T3T6_Eps_Impl_A\generate
    Descr. file:   C:\Users\gz324f\AppData\Local\Temp\DaVinci\Cfg-8009766\Generation\Cfg_Gen-1502998018223-0\AutosarFiles_ValGen-1502998388097-0\MotCtrlMgr_ECUC_7876021954341512162.arxml
    Include file:  C:\Users\gz324f\Desktop\working\_Ford_T3T6_Eps_Impl_A_Working\AR300A_MotCtrlMgr_Impl\tools\template\..\..\..\TL105A_Artt\tools\include\Helper.tt
    Template:      C:\Users\gz324f\Desktop\working\_Ford_T3T6_Eps_Impl_A_Working\AR300A_MotCtrlMgr_Impl\tools\template\AR300A_MotCtrlMgr_DataDict.m.tt
    Namespace:     http://autosar.org/schema/r4.0
    Prefix:        ar
    File:          C:/Users/gz324f/Desktop/working/_Ford_T3T6_Eps_Impl_A_Working/_Ford_T3T6_Eps_Impl_A/generate\AR300A_MotCtrlMgr_DataDict.m. written.
    Duration:      00:00:00.9048058.
AUTOSAR XML Text Transformation v2.0.2.0
    Output folder: C:\Users\gz324f\Desktop\working\_Ford_T3T6_Eps_Impl_A_Working\_Ford_T3T6_Eps_Impl_A\generate
    Descr. file:   C:\Users\gz324f\AppData\Local\Temp\DaVinci\Cfg-9351676\Generation\Cfg_Gen-1502999359946-0\AutosarFiles_ValGen-1502999496823-0\MotCtrlMgr_ECUC_3330551408240581728.arxml
    Include file:  C:\Users\gz324f\Desktop\working\_Ford_T3T6_Eps_Impl_A_Working\AR300A_MotCtrlMgr_Impl\tools\template\..\..\..\TL105A_Artt\tools\include\Helper.tt
    Template:      C:\Users\gz324f\Desktop\working\_Ford_T3T6_Eps_Impl_A_Working\AR300A_MotCtrlMgr_Impl\tools\template\AR300A_MotCtrlMgr_DataDict.m.tt
    Namespace:     http://autosar.org/schema/r4.0
    Prefix:        ar
    File:          C:/Users/gz324f/Desktop/working/_Ford_T3T6_Eps_Impl_A_Working/_Ford_T3T6_Eps_Impl_A/generate\AR300A_MotCtrlMgr_DataDict.m. written.
    Duration:      00:00:00.8892057.
AUTOSAR XML Text Transformation v2.0.2.0
    Output folder: C:\Users\gz324f\Desktop\working\_Ford_T3T6_Eps_Impl_A_Working\_Ford_T3T6_Eps_Impl_A\generate
    Descr. file:   C:\Users\gz324f\AppData\Local\Temp\DaVinci\Cfg-9351676\Generation\Cfg_Gen-1503074795311-0\AutosarFiles_ValGen-1503075207698-0\MotCtrlMgr_ECUC_5002100214252575681.arxml
    Include file:  C:\Users\gz324f\Desktop\working\_Ford_T3T6_Eps_Impl_A_Working\AR300A_MotCtrlMgr_Impl\tools\template\..\..\..\TL105A_Artt\tools\include\Helper.tt
    Template:      C:\Users\gz324f\Desktop\working\_Ford_T3T6_Eps_Impl_A_Working\AR300A_MotCtrlMgr_Impl\tools\template\AR300A_MotCtrlMgr_DataDict.m.tt
    Namespace:     http://autosar.org/schema/r4.0
    Prefix:        ar
    File:          C:/Users/gz324f/Desktop/working/_Ford_T3T6_Eps_Impl_A_Working/_Ford_T3T6_Eps_Impl_A/generate\AR300A_MotCtrlMgr_DataDict.m. written.
    Duration:      00:00:00.9672062.
AUTOSAR XML Text Transformation v2.0.2.0
    Output folder: C:\Users\gz324f\Desktop\working\_Ford_T3T6_Eps_Impl_A_Working\_Ford_T3T6_Eps_Impl_A\generate
    Descr. file:   C:\Users\gz324f\AppData\Local\Temp\DaVinci\Cfg-1036597\Generation\Cfg_Gen-1503941651169-0\AutosarFiles_ValGen-1504038909114-0\MotCtrlMgr_ECUC_1637586396303161265.arxml
    Include file:  C:\Users\gz324f\Desktop\working\_Ford_T3T6_Eps_Impl_A_Working\AR300A_MotCtrlMgr_Impl\tools\template\..\..\..\TL105A_Artt\tools\include\Helper.tt
    Template:      C:\Users\gz324f\Desktop\working\_Ford_T3T6_Eps_Impl_A_Working\AR300A_MotCtrlMgr_Impl\tools\template\AR300A_MotCtrlMgr_DataDict.m.tt
    Namespace:     http://autosar.org/schema/r4.0
    Prefix:        ar
    File:          C:/Users/gz324f/Desktop/working/_Ford_T3T6_Eps_Impl_A_Working/_Ford_T3T6_Eps_Impl_A/generate\AR300A_MotCtrlMgr_DataDict.m. written.
    Duration:      00:00:01.2636081.
AUTOSAR XML Text Transformation v2.0.2.0
    Output folder: C:\Users\gz324f\Desktop\working\_Ford_T3T6_Eps_Impl_A_Working\_Ford_T3T6_Eps_Impl_A\generate
    Descr. file:   C:\Users\gz324f\AppData\Local\Temp\DaVinci\Cfg-2579913\Generation\Cfg_Gen-1504042589528-0\AutosarFiles_ValGen-1504042746624-0\MotCtrlMgr_ECUC_6098735905111156251.arxml
    Include file:  C:\Users\gz324f\Desktop\working\_Ford_T3T6_Eps_Impl_A_Working\AR300A_MotCtrlMgr_Impl\tools\template\..\..\..\TL105A_Artt\tools\include\Helper.tt
    Template:      C:\Users\gz324f\Desktop\working\_Ford_T3T6_Eps_Impl_A_Working\AR300A_MotCtrlMgr_Impl\tools\template\AR300A_MotCtrlMgr_DataDict.m.tt
    Namespace:     http://autosar.org/schema/r4.0
    Prefix:        ar
    File:          C:/Users/gz324f/Desktop/working/_Ford_T3T6_Eps_Impl_A_Working/_Ford_T3T6_Eps_Impl_A/generate\AR300A_MotCtrlMgr_DataDict.m. written.
    Duration:      00:00:00.9360060.
AUTOSAR XML Text Transformation v2.0.2.0
    Output folder: C:\Users\gz324f\Desktop\working\_Ford_T3T6_Eps_Impl_A_Working\_Ford_T3T6_Eps_Impl_A\generate
    Descr. file:   C:\Users\gz324f\AppData\Local\Temp\DaVinci\Cfg-0621762\Generation\Cfg_Gen-1504191124855-0\AutosarFiles_ValGen-1504201057837-0\MotCtrlMgr_ECUC_8828331258409641460.arxml
    Include file:  C:\Users\gz324f\Desktop\working\_Ford_T3T6_Eps_Impl_A_Working\AR300A_MotCtrlMgr_Impl\tools\template\..\..\..\TL105A_Artt\tools\include\Helper.tt
    Template:      C:\Users\gz324f\Desktop\working\_Ford_T3T6_Eps_Impl_A_Working\AR300A_MotCtrlMgr_Impl\tools\template\AR300A_MotCtrlMgr_DataDict.m.tt
    Namespace:     http://autosar.org/schema/r4.0
    Prefix:        ar
    File:          C:/Users/gz324f/Desktop/working/_Ford_T3T6_Eps_Impl_A_Working/_Ford_T3T6_Eps_Impl_A/generate\AR300A_MotCtrlMgr_DataDict.m. written.
    Duration:      00:00:00.8736056.
AUTOSAR XML Text Transformation v2.0.2.0
    Output folder: C:\Users\gz324f\Desktop\working\_Ford_T3T6_Eps_Impl_A_Working\_Ford_T3T6_Eps_Impl_A\generate
    Descr. file:   C:\Users\gz324f\AppData\Local\Temp\DaVinci\Cfg-5851623\Generation\Cfg_Gen-1505840983410-0\AutosarFiles_ValGen-1505841110242-0\MotCtrlMgr_ECUC_1675828117525460801.arxml
    Include file:  C:\Users\gz324f\Desktop\working\_Ford_T3T6_Eps_Impl_A_Working\AR300A_MotCtrlMgr_Impl\tools\template\..\..\..\TL105A_Artt\tools\include\Helper.tt
    Template:      C:\Users\gz324f\Desktop\working\_Ford_T3T6_Eps_Impl_A_Working\AR300A_MotCtrlMgr_Impl\tools\template\AR300A_MotCtrlMgr_DataDict.m.tt
    Namespace:     http://autosar.org/schema/r4.0
    Prefix:        ar
    File:          C:/Users/gz324f/Desktop/working/_Ford_T3T6_Eps_Impl_A_Working/_Ford_T3T6_Eps_Impl_A/generate\AR300A_MotCtrlMgr_DataDict.m. written.
    Duration:      00:00:00.9204059.
AUTOSAR XML Text Transformation v2.0.2.0
    Output folder: C:\Users\gz324f\Desktop\working\_Ford_T3T6_Eps_Impl_A_Working\_Ford_T3T6_Eps_Impl_A\generate
    Descr. file:   C:\Users\gz324f\AppData\Local\Temp\DaVinci\Cfg-6658088\Generation\Cfg_Gen-1506636668813-0\AutosarFiles_ValGen-1506707430632-0\MotCtrlMgr_ECUC_7323022492647046341.arxml
    Include file:  C:\Users\gz324f\Desktop\working\_Ford_T3T6_Eps_Impl_A_Working\AR300A_MotCtrlMgr_Impl\tools\template\..\..\..\TL105A_Artt\tools\include\Helper.tt
    Template:      C:\Users\gz324f\Desktop\working\_Ford_T3T6_Eps_Impl_A_Working\AR300A_MotCtrlMgr_Impl\tools\template\AR300A_MotCtrlMgr_DataDict.m.tt
    Namespace:     http://autosar.org/schema/r4.0
    Prefix:        ar
    File:          C:/Users/gz324f/Desktop/working/_Ford_T3T6_Eps_Impl_A_Working/_Ford_T3T6_Eps_Impl_A/generate\AR300A_MotCtrlMgr_DataDict.m. written.
    Duration:      00:00:01.0764069.
AUTOSAR XML Text Transformation v2.0.2.0
    Output folder: C:\Users\gz324f\Desktop\working\_Ford_T3T6_Eps_Impl_A_Working\_Ford_T3T6_Eps_Impl_A\generate
    Descr. file:   C:\Users\gz324f\AppData\Local\Temp\DaVinci\Cfg-6658088\Generation\Cfg_Gen-1506636668813-0\AutosarFiles_ValGen-1506708536135-0\MotCtrlMgr_ECUC_1214839399397389456.arxml
    Include file:  C:\Users\gz324f\Desktop\working\_Ford_T3T6_Eps_Impl_A_Working\AR300A_MotCtrlMgr_Impl\tools\template\..\..\..\TL105A_Artt\tools\include\Helper.tt
    Template:      C:\Users\gz324f\Desktop\working\_Ford_T3T6_Eps_Impl_A_Working\AR300A_MotCtrlMgr_Impl\tools\template\AR300A_MotCtrlMgr_DataDict.m.tt
    Namespace:     http://autosar.org/schema/r4.0
    Prefix:        ar
    File:          C:/Users/gz324f/Desktop/working/_Ford_T3T6_Eps_Impl_A_Working/_Ford_T3T6_Eps_Impl_A/generate\AR300A_MotCtrlMgr_DataDict.m. written.
    Duration:      00:00:01.0296066.
AUTOSAR XML Text Transformation v2.0.2.0
    Output folder: C:\Users\gz324f\Desktop\working\_Ford_T3T6_Eps_Impl_A_Working\_Ford_T3T6_Eps_Impl_A\generate
    Descr. file:   C:\Users\gz324f\AppData\Local\Temp\DaVinci\Cfg-5797150\Generation\Cfg_Gen-1506965807801-0\AutosarFiles_ValGen-1506967175328-0\MotCtrlMgr_ECUC_8955209776600662934.arxml
    Include file:  C:\Users\gz324f\Desktop\working\_Ford_T3T6_Eps_Impl_A_Working\AR300A_MotCtrlMgr_Impl\tools\template\..\..\..\TL105A_Artt\tools\include\Helper.tt
    Template:      C:\Users\gz324f\Desktop\working\_Ford_T3T6_Eps_Impl_A_Working\AR300A_MotCtrlMgr_Impl\tools\template\AR300A_MotCtrlMgr_DataDict.m.tt
    Namespace:     http://autosar.org/schema/r4.0
    Prefix:        ar
    File:          C:/Users/gz324f/Desktop/working/_Ford_T3T6_Eps_Impl_A_Working/_Ford_T3T6_Eps_Impl_A/generate\AR300A_MotCtrlMgr_DataDict.m. written.
    Duration:      00:00:01.0140065.
AUTOSAR XML Text Transformation v2.0.2.0
    Output folder: C:\Users\gz324f\Desktop\working\_Ford_T3T6_Eps_Impl_A_Working\_Ford_T3T6_Eps_Impl_A\generate
    Descr. file:   C:\Users\gz324f\AppData\Local\Temp\DaVinci\Cfg-5797150\Generation\Cfg_Gen-1506968626790-0\AutosarFiles_ValGen-1506969013079-0\MotCtrlMgr_ECUC_4962531929635078650.arxml
    Include file:  C:\Users\gz324f\Desktop\working\_Ford_T3T6_Eps_Impl_A_Working\AR300A_MotCtrlMgr_Impl\tools\template\..\..\..\TL105A_Artt\tools\include\Helper.tt
    Template:      C:\Users\gz324f\Desktop\working\_Ford_T3T6_Eps_Impl_A_Working\AR300A_MotCtrlMgr_Impl\tools\template\AR300A_MotCtrlMgr_DataDict.m.tt
    Namespace:     http://autosar.org/schema/r4.0
    Prefix:        ar
    File:          C:/Users/gz324f/Desktop/working/_Ford_T3T6_Eps_Impl_A_Working/_Ford_T3T6_Eps_Impl_A/generate\AR300A_MotCtrlMgr_DataDict.m. written.
    Duration:      00:00:00.9828063.
AUTOSAR XML Text Transformation v2.0.2.0
    Output folder: C:\Users\gz324f\Desktop\working\_Ford_T3T6_Eps_Impl_A_Working\_Ford_T3T6_Eps_Impl_A\generate
    Descr. file:   C:\Users\gz324f\AppData\Local\Temp\DaVinci\Cfg-0827594\Generation\Cfg_Gen-1507570840251-0\AutosarFiles_ValGen-1507646081426-0\MotCtrlMgr_ECUC_4024346062951068782.arxml
    Include file:  C:\Users\gz324f\Desktop\working\_Ford_T3T6_Eps_Impl_A_Working\AR300A_MotCtrlMgr_Impl\tools\template\..\..\..\TL105A_Artt\tools\include\Helper.tt
    Template:      C:\Users\gz324f\Desktop\working\_Ford_T3T6_Eps_Impl_A_Working\AR300A_MotCtrlMgr_Impl\tools\template\AR300A_MotCtrlMgr_DataDict.m.tt
    Namespace:     http://autosar.org/schema/r4.0
    Prefix:        ar
    File:          C:/Users/gz324f/Desktop/working/_Ford_T3T6_Eps_Impl_A_Working/_Ford_T3T6_Eps_Impl_A/generate\AR300A_MotCtrlMgr_DataDict.m. written.
    Duration:      00:00:00.9984064.
AUTOSAR XML Text Transformation v2.0.2.0
    Output folder: C:\Users\gz324f\Desktop\working\_Ford_T3T6_Eps_Impl_A_Working\_Ford_T3T6_Eps_Impl_A\generate
    Descr. file:   C:\Users\gz324f\AppData\Local\Temp\DaVinci\Cfg-0827594\Generation\Cfg_Gen-1507647001149-0\AutosarFiles_ValGen-1507647371198-0\MotCtrlMgr_ECUC_6710641866612615549.arxml
    Include file:  C:\Users\gz324f\Desktop\working\_Ford_T3T6_Eps_Impl_A_Working\AR300A_MotCtrlMgr_Impl\tools\template\..\..\..\TL105A_Artt\tools\include\Helper.tt
    Template:      C:\Users\gz324f\Desktop\working\_Ford_T3T6_Eps_Impl_A_Working\AR300A_MotCtrlMgr_Impl\tools\template\AR300A_MotCtrlMgr_DataDict.m.tt
    Namespace:     http://autosar.org/schema/r4.0
    Prefix:        ar
    File:          C:/Users/gz324f/Desktop/working/_Ford_T3T6_Eps_Impl_A_Working/_Ford_T3T6_Eps_Impl_A/generate\AR300A_MotCtrlMgr_DataDict.m. written.
    Duration:      00:00:00.9672062.
AUTOSAR XML Text Transformation v2.0.2.0
    Output folder: C:\Users\gz324f\Desktop\working\_Ford_T3T6_Eps_Impl_A_Working\_Ford_T3T6_Eps_Impl_A\generate
    Descr. file:   C:\Users\gz324f\AppData\Local\Temp\DaVinci\Cfg-0827594\Generation\Cfg_Gen-1507647657850-0\AutosarFiles_ValGen-1507647731095-0\MotCtrlMgr_ECUC_4024204889184030678.arxml
    Include file:  C:\Users\gz324f\Desktop\working\_Ford_T3T6_Eps_Impl_A_Working\AR300A_MotCtrlMgr_Impl\tools\template\..\..\..\TL105A_Artt\tools\include\Helper.tt
    Template:      C:\Users\gz324f\Desktop\working\_Ford_T3T6_Eps_Impl_A_Working\AR300A_MotCtrlMgr_Impl\tools\template\AR300A_MotCtrlMgr_DataDict.m.tt
    Namespace:     http://autosar.org/schema/r4.0
    Prefix:        ar
    File:          C:/Users/gz324f/Desktop/working/_Ford_T3T6_Eps_Impl_A_Working/_Ford_T3T6_Eps_Impl_A/generate\AR300A_MotCtrlMgr_DataDict.m. written.
    Duration:      00:00:00.9516061.
AUTOSAR XML Text Transformation v2.0.2.0
    Output folder: C:\Users\gz324f\Desktop\working\_Ford_T3T6_Eps_Impl_A_Working\_Ford_T3T6_Eps_Impl_A\generate
    Descr. file:   C:\Users\gz324f\AppData\Local\Temp\DaVinci\Cfg-0827594\Generation\Cfg_Gen-1507647873161-0\AutosarFiles_ValGen-1507647932851-0\MotCtrlMgr_ECUC_4499038911603744022.arxml
    Include file:  C:\Users\gz324f\Desktop\working\_Ford_T3T6_Eps_Impl_A_Working\AR300A_MotCtrlMgr_Impl\tools\template\..\..\..\TL105A_Artt\tools\include\Helper.tt
    Template:      C:\Users\gz324f\Desktop\working\_Ford_T3T6_Eps_Impl_A_Working\AR300A_MotCtrlMgr_Impl\tools\template\AR300A_MotCtrlMgr_DataDict.m.tt
    Namespace:     http://autosar.org/schema/r4.0
    Prefix:        ar
    File:          C:/Users/gz324f/Desktop/working/_Ford_T3T6_Eps_Impl_A_Working/_Ford_T3T6_Eps_Impl_A/generate\AR300A_MotCtrlMgr_DataDict.m. written.
    Duration:      00:00:00.9048058.
AUTOSAR XML Text Transformation v2.0.2.0
    Output folder: C:\Users\gz324f\Desktop\working\_Ford_T3T6_Eps_Impl_A_Working\_Ford_T3T6_Eps_Impl_A\generate
    Descr. file:   C:\Users\gz324f\AppData\Local\Temp\DaVinci\Cfg-9438354\Generation\Cfg_Gen-1507649447596-0\AutosarFiles_ValGen-1507671246656-0\MotCtrlMgr_ECUC_8121315136726756378.arxml
    Include file:  C:\Users\gz324f\Desktop\working\_Ford_T3T6_Eps_Impl_A_Working\AR300A_MotCtrlMgr_Impl\tools\template\..\..\..\TL105A_Artt\tools\include\Helper.tt
    Template:      C:\Users\gz324f\Desktop\working\_Ford_T3T6_Eps_Impl_A_Working\AR300A_MotCtrlMgr_Impl\tools\template\AR300A_MotCtrlMgr_DataDict.m.tt
    Namespace:     http://autosar.org/schema/r4.0
    Prefix:        ar
    File:          C:/Users/gz324f/Desktop/working/_Ford_T3T6_Eps_Impl_A_Working/_Ford_T3T6_Eps_Impl_A/generate\AR300A_MotCtrlMgr_DataDict.m. written.
    Duration:      00:00:00.9672062.
AUTOSAR XML Text Transformation v2.0.2.0
    Output folder: C:\Users\gz324f\Desktop\working\_Ford_T3T6_Eps_Impl_A_Working\_Ford_T3T6_Eps_Impl_A\generate
    Descr. file:   C:\Users\gz324f\AppData\Local\Temp\DaVinci\Cfg-9438354\Generation\Cfg_Gen-1507834494529-0\AutosarFiles_ValGen-1507834571728-0\MotCtrlMgr_ECUC_1010884776385358012.arxml
    Include file:  C:\Users\gz324f\Desktop\working\_Ford_T3T6_Eps_Impl_A_Working\AR300A_MotCtrlMgr_Impl\tools\template\..\..\..\TL105A_Artt\tools\include\Helper.tt
    Template:      C:\Users\gz324f\Desktop\working\_Ford_T3T6_Eps_Impl_A_Working\AR300A_MotCtrlMgr_Impl\tools\template\AR300A_MotCtrlMgr_DataDict.m.tt
    Namespace:     http://autosar.org/schema/r4.0
    Prefix:        ar
    File:          C:/Users/gz324f/Desktop/working/_Ford_T3T6_Eps_Impl_A_Working/_Ford_T3T6_Eps_Impl_A/generate\AR300A_MotCtrlMgr_DataDict.m. written.
    Duration:      00:00:01.0296066.
AUTOSAR XML Text Transformation v2.0.2.0
    Output folder: C:\Users\gz324f\Desktop\working\_Ford_T3T6_Eps_Impl_A_Working\_Ford_T3T6_Eps_Impl_A\generate
    Descr. file:   C:\Users\gz324f\AppData\Local\Temp\DaVinci\Cfg-3732721\Generation\Cfg_Gen-1510843742159-0\AutosarFiles_ValGen-1510844790948-0\MotCtrlMgr_ECUC_2002935312094937984.arxml
    Include file:  C:\Users\gz324f\Desktop\working\_Ford_T3T6_Eps_Impl_A_Working\AR300A_MotCtrlMgr_Impl\tools\template\..\..\..\TL105A_Artt\tools\include\Helper.tt
    Template:      C:\Users\gz324f\Desktop\working\_Ford_T3T6_Eps_Impl_A_Working\AR300A_MotCtrlMgr_Impl\tools\template\AR300A_MotCtrlMgr_DataDict.m.tt
    Namespace:     http://autosar.org/schema/r4.0
    Prefix:        ar
    File:          C:/Users/gz324f/Desktop/working/_Ford_T3T6_Eps_Impl_A_Working/_Ford_T3T6_Eps_Impl_A/generate\AR300A_MotCtrlMgr_DataDict.m. written.
    Duration:      00:00:00.9360060.
AUTOSAR XML Text Transformation v2.0.2.0
    Output folder: C:\Users\gz324f\Desktop\working\_Ford_T3T6_Eps_Impl_A_Working\_Ford_T3T6_Eps_Impl_A\generate
    Descr. file:   C:\Users\gz324f\AppData\Local\Temp\DaVinci\Cfg-3267363\Generation\Cfg_Gen-1510933276677-0\AutosarFiles_ValGen-1510938910304-0\MotCtrlMgr_ECUC_4308511706636665747.arxml
    Include file:  C:\Users\gz324f\Desktop\working\_Ford_T3T6_Eps_Impl_A_Working\AR300A_MotCtrlMgr_Impl\tools\template\..\..\..\TL105A_Artt\tools\include\Helper.tt
    Template:      C:\Users\gz324f\Desktop\working\_Ford_T3T6_Eps_Impl_A_Working\AR300A_MotCtrlMgr_Impl\tools\template\AR300A_MotCtrlMgr_DataDict.m.tt
    Namespace:     http://autosar.org/schema/r4.0
    Prefix:        ar
    File:          C:/Users/gz324f/Desktop/working/_Ford_T3T6_Eps_Impl_A_Working/_Ford_T3T6_Eps_Impl_A/generate\AR300A_MotCtrlMgr_DataDict.m. written.
    Duration:      00:00:01.3260085.
AUTOSAR XML Text Transformation v2.0.2.0
    Output folder: C:\Users\gz324f\Desktop\working\_Ford_T3T6_Eps_Impl_A_Working\_Ford_T3T6_Eps_Impl_A\generate
    Descr. file:   C:\Users\gz324f\AppData\Local\Temp\DaVinci\Cfg-1032132\Generation\Cfg_Gen-1520781042328-0\AutosarFiles_ValGen-1520781324396-0\MotCtrlMgr_ECUC_8727177218468110680.arxml
    Include file:  C:\Users\gz324f\Desktop\working\_Ford_T3T6_Eps_Impl_A_Working\AR300A_MotCtrlMgr_Impl\tools\template\..\..\..\TL105A_Artt\tools\include\Helper.tt
    Template:      C:\Users\gz324f\Desktop\working\_Ford_T3T6_Eps_Impl_A_Working\AR300A_MotCtrlMgr_Impl\tools\template\AR300A_MotCtrlMgr_DataDict.m.tt
    Namespace:     http://autosar.org/schema/r4.0
    Prefix:        ar
    File:          C:/Users/gz324f/Desktop/working/_Ford_T3T6_Eps_Impl_A_Working/_Ford_T3T6_Eps_Impl_A/generate\AR300A_MotCtrlMgr_DataDict.m. written.
    Duration:      00:00:01.0764069.
AUTOSAR XML Text Transformation v2.0.2.0
    Output folder: C:\Users\gz324f\Desktop\working\_Ford_T3T6_Eps_Impl_A_Working\_Ford_T3T6_Eps_Impl_A\generate
    Descr. file:   C:\Users\gz324f\AppData\Local\Temp\DaVinci\Cfg-3083446\Generation\Cfg_Gen-1520783093123-0\AutosarFiles_ValGen-1520783431964-0\MotCtrlMgr_ECUC_7387784230017608514.arxml
    Include file:  C:\Users\gz324f\Desktop\working\_Ford_T3T6_Eps_Impl_A_Working\AR300A_MotCtrlMgr_Impl\tools\template\..\..\..\TL105A_Artt\tools\include\Helper.tt
    Template:      C:\Users\gz324f\Desktop\working\_Ford_T3T6_Eps_Impl_A_Working\AR300A_MotCtrlMgr_Impl\tools\template\AR300A_MotCtrlMgr_DataDict.m.tt
    Namespace:     http://autosar.org/schema/r4.0
    Prefix:        ar
    File:          C:/Users/gz324f/Desktop/working/_Ford_T3T6_Eps_Impl_A_Working/_Ford_T3T6_Eps_Impl_A/generate\AR300A_MotCtrlMgr_DataDict.m. written.
    Duration:      00:00:00.9984064.
AUTOSAR XML Text Transformation v2.0.2.0
    Output folder: C:\Users\gz324f\Desktop\working\_Ford_T3T6_Eps_Impl_A_Working\_Ford_T3T6_Eps_Impl_A\generate
    Descr. file:   C:\Users\gz324f\AppData\Local\Temp\DaVinci\Cfg-4042684\Generation\Cfg_Gen-1523654578571-0\AutosarFiles_ValGen-1523654709881-0\MotCtrlMgr_ECUC_1790613423319887515.arxml
    Include file:  C:\Users\gz324f\Desktop\working\_Ford_T3T6_Eps_Impl_A_Working\AR300A_MotCtrlMgr_Impl\tools\template\..\..\..\TL105A_Artt\tools\include\Helper.tt
    Template:      C:\Users\gz324f\Desktop\working\_Ford_T3T6_Eps_Impl_A_Working\AR300A_MotCtrlMgr_Impl\tools\template\AR300A_MotCtrlMgr_DataDict.m.tt
    Namespace:     http://autosar.org/schema/r4.0
    Prefix:        ar
    File:          C:/Users/gz324f/Desktop/working/_Ford_T3T6_Eps_Impl_A_Working/_Ford_T3T6_Eps_Impl_A/generate\AR300A_MotCtrlMgr_DataDict.m. written.
    Duration:      00:00:01.0140065.
AUTOSAR XML Text Transformation v2.0.2.0
    Output folder: C:\Users\gz324f\Desktop\working\_Ford_T3T6_Eps_Impl_A_Working\_Ford_T3T6_Eps_Impl_A\generate
    Descr. file:   C:\Users\gz324f\AppData\Local\Temp\DaVinci\Cfg-4042684\Generation\Cfg_Gen-1523654578571-0\AutosarFiles_ValGen-1523655190091-0\MotCtrlMgr_ECUC_1163745729370395593.arxml
    Include file:  C:\Users\gz324f\Desktop\working\_Ford_T3T6_Eps_Impl_A_Working\AR300A_MotCtrlMgr_Impl\tools\template\..\..\..\TL105A_Artt\tools\include\Helper.tt
    Template:      C:\Users\gz324f\Desktop\working\_Ford_T3T6_Eps_Impl_A_Working\AR300A_MotCtrlMgr_Impl\tools\template\AR300A_MotCtrlMgr_DataDict.m.tt
    Namespace:     http://autosar.org/schema/r4.0
    Prefix:        ar
    File:          C:/Users/gz324f/Desktop/working/_Ford_T3T6_Eps_Impl_A_Working/_Ford_T3T6_Eps_Impl_A/generate\AR300A_MotCtrlMgr_DataDict.m. written.
    Duration:      00:00:01.4196091.
