AUTOSAR XML Text Transformation v2.0.2.0
    Output folder: C:\Users\gz324f\Desktop\working\_Ford_T3T6_Eps_Impl_A_Working\_Ford_T3T6_Eps_Impl_A\generate
    Descr. file:   C:\Users\gz324f\AppData\Local\Temp\DaVinci\Cfg-6475940\Generation\Cfg_Gen-1502905462682-0\AutosarFiles_ValGen-1502905495656-0\VrfyCritReg_ECUC_719100267784153994.arxml
    Include file:  C:\Users\gz324f\Desktop\working\_Ford_T3T6_Eps_Impl_A_Working\CM111A_VrfyCritReg_Impl\tools\template\..\..\..\TL105A_Artt\tools\include\Helper.tt
    Include file:  C:\Users\gz324f\Desktop\working\_Ford_T3T6_Eps_Impl_A_Working\CM111A_VrfyCritReg_Impl\tools\template\..\..\..\TL105A_Artt\tools\include\Logger.tt
    Include file:  C:\Users\gz324f\Desktop\working\_Ford_T3T6_Eps_Impl_A_Working\CM111A_VrfyCritReg_Impl\tools\template\CDD_VrfyCritReg_helper.tt
    Template:      C:\Users\gz324f\Desktop\working\_Ford_T3T6_Eps_Impl_A_Working\CM111A_VrfyCritReg_Impl\tools\template\CDD_VrfyCritReg_Cfg.c.tt
    Namespace:     http://autosar.org/schema/r4.0
    Prefix:        ar
    File:          C:/Users/gz324f/Desktop/working/_Ford_T3T6_Eps_Impl_A_Working/_Ford_T3T6_Eps_Impl_A/generate\CDD_VrfyCritReg_Cfg.c. written.
    Duration:      00:00:00.9516061.
AUTOSAR XML Text Transformation v2.0.2.0
    Output folder: C:\Users\gz324f\Desktop\working\_Ford_T3T6_Eps_Impl_A_Working\_Ford_T3T6_Eps_Impl_A\generate
    Descr. file:   C:\Users\gz324f\AppData\Local\Temp\DaVinci\Cfg-6475940\Generation\Cfg_Gen-1502905601950-0\AutosarFiles_ValGen-1502905638929-0\VrfyCritReg_ECUC_2945067315992374123.arxml
    Include file:  C:\Users\gz324f\Desktop\working\_Ford_T3T6_Eps_Impl_A_Working\CM111A_VrfyCritReg_Impl\tools\template\..\..\..\TL105A_Artt\tools\include\Helper.tt
    Include file:  C:\Users\gz324f\Desktop\working\_Ford_T3T6_Eps_Impl_A_Working\CM111A_VrfyCritReg_Impl\tools\template\..\..\..\TL105A_Artt\tools\include\Logger.tt
    Include file:  C:\Users\gz324f\Desktop\working\_Ford_T3T6_Eps_Impl_A_Working\CM111A_VrfyCritReg_Impl\tools\template\CDD_VrfyCritReg_helper.tt
    Template:      C:\Users\gz324f\Desktop\working\_Ford_T3T6_Eps_Impl_A_Working\CM111A_VrfyCritReg_Impl\tools\template\CDD_VrfyCritReg_Cfg.c.tt
    Namespace:     http://autosar.org/schema/r4.0
    Prefix:        ar
    File:          C:/Users/gz324f/Desktop/working/_Ford_T3T6_Eps_Impl_A_Working/_Ford_T3T6_Eps_Impl_A/generate\CDD_VrfyCritReg_Cfg.c. written.
    Duration:      00:00:00.8424054.
AUTOSAR XML Text Transformation v2.0.2.0
    Output folder: C:\Users\gz324f\Desktop\working\_Ford_T3T6_Eps_Impl_A_Working\_Ford_T3T6_Eps_Impl_A\generate
    Descr. file:   C:\Users\gz324f\AppData\Local\Temp\DaVinci\Cfg-5316751\Generation\Cfg_Gen-1514926197189-0\AutosarFiles_ValGen-1515181550854-0\VrfyCritReg_ECUC_5710102640906026678.arxml
    Include file:  C:\Users\gz324f\Desktop\working\_Ford_T3T6_Eps_Impl_A_Working\CM111A_VrfyCritReg_Impl\tools\template\..\..\..\TL105A_Artt\tools\include\Helper.tt
    Include file:  C:\Users\gz324f\Desktop\working\_Ford_T3T6_Eps_Impl_A_Working\CM111A_VrfyCritReg_Impl\tools\template\..\..\..\TL105A_Artt\tools\include\Logger.tt
    Include file:  C:\Users\gz324f\Desktop\working\_Ford_T3T6_Eps_Impl_A_Working\CM111A_VrfyCritReg_Impl\tools\template\CDD_VrfyCritReg_helper.tt
    Template:      C:\Users\gz324f\Desktop\working\_Ford_T3T6_Eps_Impl_A_Working\CM111A_VrfyCritReg_Impl\tools\template\CDD_VrfyCritReg_Cfg.c.tt
    Namespace:     http://autosar.org/schema/r4.0
    Prefix:        ar
    File:          C:/Users/gz324f/Desktop/working/_Ford_T3T6_Eps_Impl_A_Working/_Ford_T3T6_Eps_Impl_A/generate\CDD_VrfyCritReg_Cfg.c. written.
    Duration:      00:00:00.9048058.
AUTOSAR XML Text Transformation v2.0.2.0
    Output folder: C:\Users\gz324f\Desktop\working\_Ford_T3T6_Eps_Impl_A_Working\_Ford_T3T6_Eps_Impl_A\generate
    Descr. file:   C:\Users\gz324f\AppData\Local\Temp\DaVinci\Cfg-4314014\Generation\Cfg_Gen-1520887105629-0\AutosarFiles_ValGen-1520887954181-0\VrfyCritReg_ECUC_6900236587881220490.arxml
    Include file:  C:\Users\gz324f\Desktop\working\_Ford_T3T6_Eps_Impl_A_Working\CM111A_VrfyCritReg_Impl\tools\template\..\..\..\TL105A_Artt\tools\include\Helper.tt
    Include file:  C:\Users\gz324f\Desktop\working\_Ford_T3T6_Eps_Impl_A_Working\CM111A_VrfyCritReg_Impl\tools\template\..\..\..\TL105A_Artt\tools\include\Logger.tt
    Include file:  C:\Users\gz324f\Desktop\working\_Ford_T3T6_Eps_Impl_A_Working\CM111A_VrfyCritReg_Impl\tools\template\CDD_VrfyCritReg_helper.tt
    Template:      C:\Users\gz324f\Desktop\working\_Ford_T3T6_Eps_Impl_A_Working\CM111A_VrfyCritReg_Impl\tools\template\CDD_VrfyCritReg_Cfg.c.tt
    Namespace:     http://autosar.org/schema/r4.0
    Prefix:        ar
    File:          C:/Users/gz324f/Desktop/working/_Ford_T3T6_Eps_Impl_A_Working/_Ford_T3T6_Eps_Impl_A/generate\CDD_VrfyCritReg_Cfg.c. written.
    Duration:      00:00:01.0296066.
