AUTOSAR XML Text Transformation v2.0.2.0
    Output folder: C:\Users\gz324f\Desktop\working\_Ford_T3T6_Eps_Impl_A_Working\_Ford_T3T6_Eps_Impl_A\generate
    Descr. file:   C:\Users\gz324f\AppData\Local\Temp\DaVinci\Cfg-1777123\Generation\Cfg_Gen-1513351786846-0\AutosarFiles_ValGen-1513352908169-0\SyncCrc_ECUC_5736267220833912737.arxml
    Include file:  C:\Users\gz324f\Desktop\working\_Ford_T3T6_Eps_Impl_A_Working\CM800A_SyncCrc_Impl\tools\template\..\..\..\TL105A_Artt\tools\include\Helper.tt
    Template:      C:\Users\gz324f\Desktop\working\_Ford_T3T6_Eps_Impl_A_Working\CM800A_SyncCrc_Impl\tools\template\CDD_SyncCrc_Cfg_private.h.tt
    Namespace:     http://autosar.org/schema/r4.0
    Prefix:        ar
The transformation produced the following errors and warnings:
c:\Users\gz324f\Desktop\working\_Ford_T3T6_Eps_Impl_A_Working\CM800A_SyncCrc_Impl\tools\template\CDD_SyncCrc_Cfg_private.h.tt(37,10) : warning CS0219: Compiling transformation: The variable 'BaseSecAddr' is assigned but its value is never used
    File:          C:/Users/gz324f/Desktop/working/_Ford_T3T6_Eps_Impl_A_Working/_Ford_T3T6_Eps_Impl_A/generate\CDD_SyncCrc_Cfg_private.h. written.
    Duration:      00:00:00.9516061.
AUTOSAR XML Text Transformation v2.0.2.0
    Output folder: C:\Users\gz324f\Desktop\working\_Ford_T3T6_Eps_Impl_A_Working\_Ford_T3T6_Eps_Impl_A\generate
    Descr. file:   C:\Users\gz324f\AppData\Local\Temp\DaVinci\Cfg-8993106\Generation\Cfg_Gen-1517673822578-0\AutosarFiles_ValGen-1517688508064-0\SyncCrc_ECUC_3309175139424428324.arxml
    Include file:  C:\Users\gz324f\Desktop\working\_Ford_T3T6_Eps_Impl_A_Working\CM800A_SyncCrc_Impl\tools\template\..\..\..\TL105A_Artt\tools\include\Helper.tt
    Template:      C:\Users\gz324f\Desktop\working\_Ford_T3T6_Eps_Impl_A_Working\CM800A_SyncCrc_Impl\tools\template\CDD_SyncCrc_Cfg_private.h.tt
    Namespace:     http://autosar.org/schema/r4.0
    Prefix:        ar
The transformation produced the following errors and warnings:
c:\Users\gz324f\Desktop\working\_Ford_T3T6_Eps_Impl_A_Working\CM800A_SyncCrc_Impl\tools\template\CDD_SyncCrc_Cfg_private.h.tt(38,10) : warning CS0219: Compiling transformation: The variable 'BaseSecAddr' is assigned but its value is never used
    File:          C:/Users/gz324f/Desktop/working/_Ford_T3T6_Eps_Impl_A_Working/_Ford_T3T6_Eps_Impl_A/generate\CDD_SyncCrc_Cfg_private.h. written.
    Duration:      00:00:01.0296066.
