AUTOSAR XML Text Transformation v2.0.2.0
    Output folder: C:\Users\gz324f\Desktop\working\_Ford_T3T6_Eps_Impl_A_Working\_Ford_T3T6_Eps_Impl_A\generate
    Descr. file:   C:\Users\gz324f\AppData\Local\Temp\DaVinci\Cfg-9159615\Generation\Cfg_Gen-1517689168804-0\AutosarFiles_ValGen-1517689300279-0\DiagcMgr_ECUC_2943290269897348908.arxml
    Include file:  C:\Users\gz324f\Desktop\working\_Ford_T3T6_Eps_Impl_A_Working\ES101A_DiagcMgr_Impl\tools\template\..\..\..\TL105A_Artt\tools\include\Helper.tt
    Template:      C:\Users\gz324f\Desktop\working\_Ford_T3T6_Eps_Impl_A_Working\ES101A_DiagcMgr_Impl\tools\template\DiagcMgr_Cfg.c.tt
    Namespace:     http://autosar.org/schema/r4.0
    Prefix:        ar
The transformation produced the following errors and warnings:
c:\Users\gz324f\Desktop\working\_Ford_T3T6_Eps_Impl_A_Working\ES101A_DiagcMgr_Impl\tools\template\DiagcMgr_Cfg.c.tt(275,9) : warning CS0168: Compiling transformation: The variable 'curr_ntcnum' is declared but never used
    File:          C:/Users/gz324f/Desktop/working/_Ford_T3T6_Eps_Impl_A_Working/_Ford_T3T6_Eps_Impl_A/generate\DiagcMgr_Cfg.c. written.
    Duration:      00:00:05.4912352.
AUTOSAR XML Text Transformation v2.0.2.0
    Output folder: C:\Users\gz324f\Desktop\working\_Ford_T3T6_Eps_Impl_A_Working\_Ford_T3T6_Eps_Impl_A\generate
    Descr. file:   C:\Users\gz324f\AppData\Local\Temp\DaVinci\Cfg-2548227\Generation\Cfg_Gen-1517874546071-0\AutosarFiles_ValGen-1517874908842-0\DiagcMgr_ECUC_4490914221645942178.arxml
    Include file:  C:\Users\gz324f\Desktop\working\_Ford_T3T6_Eps_Impl_A_Working\ES101A_DiagcMgr_Impl\tools\template\..\..\..\TL105A_Artt\tools\include\Helper.tt
    Template:      C:\Users\gz324f\Desktop\working\_Ford_T3T6_Eps_Impl_A_Working\ES101A_DiagcMgr_Impl\tools\template\DiagcMgr_Cfg.c.tt
    Namespace:     http://autosar.org/schema/r4.0
    Prefix:        ar
The transformation produced the following errors and warnings:
c:\Users\gz324f\Desktop\working\_Ford_T3T6_Eps_Impl_A_Working\ES101A_DiagcMgr_Impl\tools\template\DiagcMgr_Cfg.c.tt(275,9) : warning CS0168: Compiling transformation: The variable 'curr_ntcnum' is declared but never used
    File:          C:/Users/gz324f/Desktop/working/_Ford_T3T6_Eps_Impl_A_Working/_Ford_T3T6_Eps_Impl_A/generate\DiagcMgr_Cfg.c. written.
    Duration:      00:00:05.4756351.
AUTOSAR XML Text Transformation v2.0.2.0
    Output folder: C:\Users\gz324f\Desktop\working\_Ford_T3T6_Eps_Impl_A_Working\_Ford_T3T6_Eps_Impl_A\generate
    Descr. file:   C:\Users\gz324f\AppData\Local\Temp\DaVinci\Cfg-3827596\Generation\Cfg_Gen-1518033839439-0\AutosarFiles_ValGen-1518038095083-0\DiagcMgr_ECUC_3375015587958267182.arxml
    Include file:  C:\Users\gz324f\Desktop\working\_Ford_T3T6_Eps_Impl_A_Working\ES101A_DiagcMgr_Impl\tools\template\..\..\..\TL105A_Artt\tools\include\Helper.tt
    Template:      C:\Users\gz324f\Desktop\working\_Ford_T3T6_Eps_Impl_A_Working\ES101A_DiagcMgr_Impl\tools\template\DiagcMgr_Cfg.c.tt
    Namespace:     http://autosar.org/schema/r4.0
    Prefix:        ar
The transformation produced the following errors and warnings:
c:\Users\gz324f\Desktop\working\_Ford_T3T6_Eps_Impl_A_Working\ES101A_DiagcMgr_Impl\tools\template\DiagcMgr_Cfg.c.tt(275,9) : warning CS0168: Compiling transformation: The variable 'curr_ntcnum' is declared but never used
    File:          C:/Users/gz324f/Desktop/working/_Ford_T3T6_Eps_Impl_A_Working/_Ford_T3T6_Eps_Impl_A/generate\DiagcMgr_Cfg.c. written.
    Duration:      00:00:05.4912352.
AUTOSAR XML Text Transformation v2.0.2.0
    Output folder: C:\Users\gz324f\Desktop\working\_Ford_T3T6_Eps_Impl_A_Working\_Ford_T3T6_Eps_Impl_A\generate
    Descr. file:   C:\Users\gz324f\AppData\Local\Temp\DaVinci\Cfg-6406444\Generation\Cfg_Gen-1520549097769-0\AutosarFiles_ValGen-1520549535799-0\DiagcMgr_ECUC_1759807132322657008.arxml
    Include file:  C:\Users\gz324f\Desktop\working\_Ford_T3T6_Eps_Impl_A_Working\ES101A_DiagcMgr_Impl\tools\template\..\..\..\TL105A_Artt\tools\include\Helper.tt
    Template:      C:\Users\gz324f\Desktop\working\_Ford_T3T6_Eps_Impl_A_Working\ES101A_DiagcMgr_Impl\tools\template\DiagcMgr_Cfg.c.tt
    Namespace:     http://autosar.org/schema/r4.0
    Prefix:        ar
The transformation produced the following errors and warnings:
c:\Users\gz324f\Desktop\working\_Ford_T3T6_Eps_Impl_A_Working\ES101A_DiagcMgr_Impl\tools\template\DiagcMgr_Cfg.c.tt(275,9) : warning CS0168: Compiling transformation: The variable 'curr_ntcnum' is declared but never used
    File:          C:/Users/gz324f/Desktop/working/_Ford_T3T6_Eps_Impl_A_Working/_Ford_T3T6_Eps_Impl_A/generate\DiagcMgr_Cfg.c. written.
    Duration:      00:00:06.5520420.
AUTOSAR XML Text Transformation v2.0.2.0
    Output folder: C:\Users\gz324f\Desktop\working\_Ford_T3T6_Eps_Impl_A_Working\_Ford_T3T6_Eps_Impl_A\generate
    Descr. file:   C:\Users\gz324f\AppData\Local\Temp\DaVinci\Cfg-3083446\Generation\Cfg_Gen-1520783093123-0\AutosarFiles_ValGen-1520793536814-0\DiagcMgr_ECUC_3953165495790839064.arxml
    Include file:  C:\Users\gz324f\Desktop\working\_Ford_T3T6_Eps_Impl_A_Working\ES101A_DiagcMgr_Impl\tools\template\..\..\..\TL105A_Artt\tools\include\Helper.tt
    Template:      C:\Users\gz324f\Desktop\working\_Ford_T3T6_Eps_Impl_A_Working\ES101A_DiagcMgr_Impl\tools\template\DiagcMgr_Cfg.c.tt
    Namespace:     http://autosar.org/schema/r4.0
    Prefix:        ar
The transformation produced the following errors and warnings:
c:\Users\gz324f\Desktop\working\_Ford_T3T6_Eps_Impl_A_Working\ES101A_DiagcMgr_Impl\tools\template\DiagcMgr_Cfg.c.tt(275,9) : warning CS0168: Compiling transformation: The variable 'curr_ntcnum' is declared but never used
    File:          C:/Users/gz324f/Desktop/working/_Ford_T3T6_Eps_Impl_A_Working/_Ford_T3T6_Eps_Impl_A/generate\DiagcMgr_Cfg.c. written.
    Duration:      00:00:06.9264444.
AUTOSAR XML Text Transformation v2.0.2.0
    Output folder: C:\Users\gz324f\Desktop\working\_Ford_T3T6_Eps_Impl_A_Working\_Ford_T3T6_Eps_Impl_A\generate
    Descr. file:   C:\Users\gz324f\AppData\Local\Temp\DaVinci\Cfg-4883633\Generation\Cfg_Gen-1523974894289-0\AutosarFiles_ValGen-1523991522573-0\DiagcMgr_ECUC_396122135904141143.arxml
    Include file:  C:\Users\gz324f\Desktop\working\_Ford_T3T6_Eps_Impl_A_Working\ES101A_DiagcMgr_Impl\tools\template\..\..\..\TL105A_Artt\tools\include\Helper.tt
    Template:      C:\Users\gz324f\Desktop\working\_Ford_T3T6_Eps_Impl_A_Working\ES101A_DiagcMgr_Impl\tools\template\DiagcMgr_Cfg.c.tt
    Namespace:     http://autosar.org/schema/r4.0
    Prefix:        ar
The transformation produced the following errors and warnings:
c:\Users\gz324f\Desktop\working\_Ford_T3T6_Eps_Impl_A_Working\ES101A_DiagcMgr_Impl\tools\template\DiagcMgr_Cfg.c.tt(275,9) : warning CS0168: Compiling transformation: The variable 'curr_ntcnum' is declared but never used
    File:          C:/Users/gz324f/Desktop/working/_Ford_T3T6_Eps_Impl_A_Working/_Ford_T3T6_Eps_Impl_A/generate\DiagcMgr_Cfg.c. written.
    Duration:      00:00:06.3804409.
AUTOSAR XML Text Transformation v2.0.2.0
    Output folder: C:\Users\gz324f\Desktop\working\_Ford_T3T6_Eps_Impl_A\_Ford_T3T6_Eps_Impl_A\generate
    Descr. file:   C:\Users\gz324f\AppData\Local\Temp\DaVinci\Cfg-6522015\Generation\Cfg_Gen-1525206532603-0\AutosarFiles_ValGen-1525211513932-0\DiagcMgr_ECUC_878735054202606479.arxml
    Include file:  C:\Users\gz324f\Desktop\working\_Ford_T3T6_Eps_Impl_A\ES101A_DiagcMgr_Impl\tools\template\..\..\..\TL105A_Artt\tools\include\Helper.tt
    Template:      C:\Users\gz324f\Desktop\working\_Ford_T3T6_Eps_Impl_A\ES101A_DiagcMgr_Impl\tools\template\DiagcMgr_Cfg.c.tt
    Namespace:     http://autosar.org/schema/r4.0
    Prefix:        ar
The transformation produced the following errors and warnings:
c:\Users\gz324f\Desktop\working\_Ford_T3T6_Eps_Impl_A\ES101A_DiagcMgr_Impl\tools\template\DiagcMgr_Cfg.c.tt(275,9) : warning CS0168: Compiling transformation: The variable 'curr_ntcnum' is declared but never used
    File:          C:/Users/gz324f/Desktop/working/_Ford_T3T6_Eps_Impl_A/_Ford_T3T6_Eps_Impl_A/generate\DiagcMgr_Cfg.c. written.
    Duration:      00:00:06.5988423.
AUTOSAR XML Text Transformation v2.0.2.0
    Output folder: C:\Users\gz324f\Desktop\working\_Ford_T3T6_Eps_Impl_A\_Ford_T3T6_Eps_Impl_A\generate
    Descr. file:   C:\Users\gz324f\AppData\Local\Temp\DaVinci\Cfg-9833276\Generation\Cfg_Gen-1525359844308-0\AutosarFiles_ValGen-1525375417629-0\DiagcMgr_ECUC_4739936613401749236.arxml
    Include file:  C:\Users\gz324f\Desktop\working\_Ford_T3T6_Eps_Impl_A\ES101A_DiagcMgr_Impl\tools\template\..\..\..\TL105A_Artt\tools\include\Helper.tt
    Template:      C:\Users\gz324f\Desktop\working\_Ford_T3T6_Eps_Impl_A\ES101A_DiagcMgr_Impl\tools\template\DiagcMgr_Cfg.c.tt
    Namespace:     http://autosar.org/schema/r4.0
    Prefix:        ar
The transformation produced the following errors and warnings:
c:\Users\gz324f\Desktop\working\_Ford_T3T6_Eps_Impl_A\ES101A_DiagcMgr_Impl\tools\template\DiagcMgr_Cfg.c.tt(275,9) : warning CS0168: Compiling transformation: The variable 'curr_ntcnum' is declared but never used
    File:          C:/Users/gz324f/Desktop/working/_Ford_T3T6_Eps_Impl_A/_Ford_T3T6_Eps_Impl_A/generate\DiagcMgr_Cfg.c. written.
    Duration:      00:00:08.3148533.
AUTOSAR XML Text Transformation v2.0.2.0
    Output folder: C:\Users\gz324f\Desktop\working\_Ford_T3T6_Eps_Impl_A\_Ford_T3T6_Eps_Impl_A\generate
    Descr. file:   C:\Users\gz324f\AppData\Local\Temp\DaVinci\Cfg-6125258\Generation\Cfg_Gen-1525376141543-0\AutosarFiles_ValGen-1525376569725-0\DiagcMgr_ECUC_6156102516398676534.arxml
    Include file:  C:\Users\gz324f\Desktop\working\_Ford_T3T6_Eps_Impl_A\ES101A_DiagcMgr_Impl\tools\template\..\..\..\TL105A_Artt\tools\include\Helper.tt
    Template:      C:\Users\gz324f\Desktop\working\_Ford_T3T6_Eps_Impl_A\ES101A_DiagcMgr_Impl\tools\template\DiagcMgr_Cfg.c.tt
    Namespace:     http://autosar.org/schema/r4.0
    Prefix:        ar
The transformation produced the following errors and warnings:
c:\Users\gz324f\Desktop\working\_Ford_T3T6_Eps_Impl_A\ES101A_DiagcMgr_Impl\tools\template\DiagcMgr_Cfg.c.tt(275,9) : warning CS0168: Compiling transformation: The variable 'curr_ntcnum' is declared but never used
    File:          C:/Users/gz324f/Desktop/working/_Ford_T3T6_Eps_Impl_A/_Ford_T3T6_Eps_Impl_A/generate\DiagcMgr_Cfg.c. written.
    Duration:      00:00:07.0512452.
AUTOSAR XML Text Transformation v2.0.2.0
    Output folder: C:\Users\gz324f\Desktop\working\_Ford_T3T6_Eps_Impl_A\_Ford_T3T6_Eps_Impl_A\generate
    Descr. file:   C:\Users\gz324f\AppData\Local\Temp\DaVinci\Cfg-4091616\Generation\Cfg_Gen-1525544102915-0\AutosarFiles_ValGen-1525544611154-0\DiagcMgr_ECUC_6431356759548269641.arxml
    Include file:  C:\Users\gz324f\Desktop\working\_Ford_T3T6_Eps_Impl_A\ES101A_DiagcMgr_Impl\tools\template\..\..\..\TL105A_Artt\tools\include\Helper.tt
    Template:      C:\Users\gz324f\Desktop\working\_Ford_T3T6_Eps_Impl_A\ES101A_DiagcMgr_Impl\tools\template\DiagcMgr_Cfg.c.tt
    Namespace:     http://autosar.org/schema/r4.0
    Prefix:        ar
The transformation produced the following errors and warnings:
c:\Users\gz324f\Desktop\working\_Ford_T3T6_Eps_Impl_A\ES101A_DiagcMgr_Impl\tools\template\DiagcMgr_Cfg.c.tt(275,9) : warning CS0168: Compiling transformation: The variable 'curr_ntcnum' is declared but never used
    File:          C:/Users/gz324f/Desktop/working/_Ford_T3T6_Eps_Impl_A/_Ford_T3T6_Eps_Impl_A/generate\DiagcMgr_Cfg.c. written.
    Duration:      00:00:07.5192482.
AUTOSAR XML Text Transformation v2.0.2.0
    Output folder: C:\Users\gz324f\Desktop\working\_Ford_T3T6_Eps_Impl_A\_Ford_T3T6_Eps_Impl_A\generate
    Descr. file:   C:\Users\gz324f\AppData\Local\Temp\DaVinci\Cfg-4091616\Generation\Cfg_Gen-1525544102915-0\AutosarFiles_ValGen-1525719279123-0\DiagcMgr_ECUC_1924603039705456663.arxml
    Include file:  C:\Users\gz324f\Desktop\working\_Ford_T3T6_Eps_Impl_A\ES101A_DiagcMgr_Impl\tools\template\..\..\..\TL105A_Artt\tools\include\Helper.tt
    Template:      C:\Users\gz324f\Desktop\working\_Ford_T3T6_Eps_Impl_A\ES101A_DiagcMgr_Impl\tools\template\DiagcMgr_Cfg.c.tt
    Namespace:     http://autosar.org/schema/r4.0
    Prefix:        ar
The transformation produced the following errors and warnings:
c:\Users\gz324f\Desktop\working\_Ford_T3T6_Eps_Impl_A\ES101A_DiagcMgr_Impl\tools\template\DiagcMgr_Cfg.c.tt(275,9) : warning CS0168: Compiling transformation: The variable 'curr_ntcnum' is declared but never used
    File:          C:/Users/gz324f/Desktop/working/_Ford_T3T6_Eps_Impl_A/_Ford_T3T6_Eps_Impl_A/generate\DiagcMgr_Cfg.c. written.
    Duration:      00:00:07.4880480.
