AUTOSAR XML Text Transformation v2.0.2.0
    Output folder: C:\Users\gz324f\Desktop\working\_Ford_T3T6_Eps_Impl_A_Working\_Ford_T3T6_Eps_Impl_A\generate
    Descr. file:   C:\Users\gz324f\AppData\Local\Temp\DaVinci\Cfg-6406444\Generation\Cfg_Gen-1520549097769-0\AutosarFiles_ValGen-1520604419165-0\ImcArbn_ECUC_3442646887709361682.arxml
    Include file:  C:\Users\gz324f\Desktop\working\_Ford_T3T6_Eps_Impl_A_Working\AR350A_ImcArbn_Impl\tools\template\..\..\..\TL105A_Artt\tools\include\Helper.tt
    Include file:  C:\Users\gz324f\Desktop\working\_Ford_T3T6_Eps_Impl_A_Working\AR350A_ImcArbn_Impl\tools\template\..\..\..\TL105A_Artt\tools\include\Logger.tt
    Include file:  C:\Users\gz324f\Desktop\working\_Ford_T3T6_Eps_Impl_A_Working\AR350A_ImcArbn_Impl\tools\template\ImcArbn_helper.tt
    Template:      C:\Users\gz324f\Desktop\working\_Ford_T3T6_Eps_Impl_A_Working\AR350A_ImcArbn_Impl\tools\template\ImcArbn_Cfg.h.tt
    Namespace:     http://autosar.org/schema/r4.0
    Prefix:        ar
    File:          C:/Users/gz324f/Desktop/working/_Ford_T3T6_Eps_Impl_A_Working/_Ford_T3T6_Eps_Impl_A/generate\ImcArbn_Cfg.h. written.
    Duration:      00:00:00.9828063.
AUTOSAR XML Text Transformation v2.0.2.0
    Output folder: C:\Users\gz324f\Desktop\working\_Ford_T3T6_Eps_Impl_A_Working\_Ford_T3T6_Eps_Impl_A\generate
    Descr. file:   C:\Users\gz324f\AppData\Local\Temp\DaVinci\Cfg-6406444\Generation\Cfg_Gen-1520549097769-0\AutosarFiles_ValGen-1520609761234-0\ImcArbn_ECUC_9171133257721450458.arxml
    Include file:  C:\Users\gz324f\Desktop\working\_Ford_T3T6_Eps_Impl_A_Working\AR350A_ImcArbn_Impl\tools\template\..\..\..\TL105A_Artt\tools\include\Helper.tt
    Include file:  C:\Users\gz324f\Desktop\working\_Ford_T3T6_Eps_Impl_A_Working\AR350A_ImcArbn_Impl\tools\template\..\..\..\TL105A_Artt\tools\include\Logger.tt
    Include file:  C:\Users\gz324f\Desktop\working\_Ford_T3T6_Eps_Impl_A_Working\AR350A_ImcArbn_Impl\tools\template\ImcArbn_helper.tt
    Template:      C:\Users\gz324f\Desktop\working\_Ford_T3T6_Eps_Impl_A_Working\AR350A_ImcArbn_Impl\tools\template\ImcArbn_Cfg.h.tt
    Namespace:     http://autosar.org/schema/r4.0
    Prefix:        ar
    File:          C:/Users/gz324f/Desktop/working/_Ford_T3T6_Eps_Impl_A_Working/_Ford_T3T6_Eps_Impl_A/generate\ImcArbn_Cfg.h. written.
    Duration:      00:00:01.2324079.
AUTOSAR XML Text Transformation v2.0.2.0
    Output folder: C:\Users\gz324f\Desktop\working\_Ford_T3T6_Eps_Impl_A_Working\_Ford_T3T6_Eps_Impl_A\generate
    Descr. file:   C:\Users\gz324f\AppData\Local\Temp\DaVinci\Cfg-3375924\Generation\Cfg_Gen-1522343386223-0\AutosarFiles_ValGen-1522344672373-0\ImcArbn_ECUC_8581842024522121199.arxml
    Include file:  C:\Users\gz324f\Desktop\working\_Ford_T3T6_Eps_Impl_A_Working\AR350A_ImcArbn_Impl\tools\template\..\..\..\TL105A_Artt\tools\include\Helper.tt
    Include file:  C:\Users\gz324f\Desktop\working\_Ford_T3T6_Eps_Impl_A_Working\AR350A_ImcArbn_Impl\tools\template\..\..\..\TL105A_Artt\tools\include\Logger.tt
    Include file:  C:\Users\gz324f\Desktop\working\_Ford_T3T6_Eps_Impl_A_Working\AR350A_ImcArbn_Impl\tools\template\ImcArbn_helper.tt
    Template:      C:\Users\gz324f\Desktop\working\_Ford_T3T6_Eps_Impl_A_Working\AR350A_ImcArbn_Impl\tools\template\ImcArbn_Cfg.h.tt
    Namespace:     http://autosar.org/schema/r4.0
    Prefix:        ar
    File:          C:/Users/gz324f/Desktop/working/_Ford_T3T6_Eps_Impl_A_Working/_Ford_T3T6_Eps_Impl_A/generate\ImcArbn_Cfg.h. written.
    Duration:      00:00:00.9516061.
AUTOSAR XML Text Transformation v2.0.2.0
    Output folder: C:\Users\gz324f\Desktop\working\_Ford_T3T6_Eps_Impl_A_Working\_Ford_T3T6_Eps_Impl_A\generate
    Descr. file:   C:\Users\gz324f\AppData\Local\Temp\DaVinci\Cfg-6249460\Generation\Cfg_Gen-1523386259812-0\AutosarFiles_ValGen-1523479982349-0\ImcArbn_ECUC_3155142250671192748.arxml
    Include file:  C:\Users\gz324f\Desktop\working\_Ford_T3T6_Eps_Impl_A_Working\AR350A_ImcArbn_Impl\tools\template\..\..\..\TL105A_Artt\tools\include\Helper.tt
    Include file:  C:\Users\gz324f\Desktop\working\_Ford_T3T6_Eps_Impl_A_Working\AR350A_ImcArbn_Impl\tools\template\..\..\..\TL105A_Artt\tools\include\Logger.tt
    Include file:  C:\Users\gz324f\Desktop\working\_Ford_T3T6_Eps_Impl_A_Working\AR350A_ImcArbn_Impl\tools\template\ImcArbn_helper.tt
    Template:      C:\Users\gz324f\Desktop\working\_Ford_T3T6_Eps_Impl_A_Working\AR350A_ImcArbn_Impl\tools\template\ImcArbn_Cfg.h.tt
    Namespace:     http://autosar.org/schema/r4.0
    Prefix:        ar
    File:          C:/Users/gz324f/Desktop/working/_Ford_T3T6_Eps_Impl_A_Working/_Ford_T3T6_Eps_Impl_A/generate\ImcArbn_Cfg.h. written.
    Duration:      00:00:01.2480080.
AUTOSAR XML Text Transformation v2.0.2.0
    Output folder: C:\Users\gz324f\Desktop\working\_Ford_T3T6_Eps_Impl_A_Working\_Ford_T3T6_Eps_Impl_A\generate
    Descr. file:   C:\Users\gz324f\AppData\Local\Temp\DaVinci\Cfg-6249460\Generation\Cfg_Gen-1523480589271-0\AutosarFiles_ValGen-1523555818965-0\ImcArbn_ECUC_1373463621203987897.arxml
    Include file:  C:\Users\gz324f\Desktop\working\_Ford_T3T6_Eps_Impl_A_Working\AR350A_ImcArbn_Impl\tools\template\..\..\..\TL105A_Artt\tools\include\Helper.tt
    Include file:  C:\Users\gz324f\Desktop\working\_Ford_T3T6_Eps_Impl_A_Working\AR350A_ImcArbn_Impl\tools\template\..\..\..\TL105A_Artt\tools\include\Logger.tt
    Include file:  C:\Users\gz324f\Desktop\working\_Ford_T3T6_Eps_Impl_A_Working\AR350A_ImcArbn_Impl\tools\template\ImcArbn_helper.tt
    Template:      C:\Users\gz324f\Desktop\working\_Ford_T3T6_Eps_Impl_A_Working\AR350A_ImcArbn_Impl\tools\template\ImcArbn_Cfg.h.tt
    Namespace:     http://autosar.org/schema/r4.0
    Prefix:        ar
    File:          C:/Users/gz324f/Desktop/working/_Ford_T3T6_Eps_Impl_A_Working/_Ford_T3T6_Eps_Impl_A/generate\ImcArbn_Cfg.h. written.
    Duration:      00:00:00.8892057.
AUTOSAR XML Text Transformation v2.0.2.0
    Output folder: C:\Users\gz324f\Desktop\working\_Ford_T3T6_Eps_Impl_A\_Ford_T3T6_Eps_Impl_A\generate
    Descr. file:   C:\Users\gz324f\AppData\Local\Temp\DaVinci\Cfg-3438483\Generation\Cfg_Gen-1525443453171-0\AutosarFiles_ValGen-1525473190556-0\ImcArbn_ECUC_348772361789204365.arxml
    Include file:  C:\Users\gz324f\Desktop\working\_Ford_T3T6_Eps_Impl_A\AR350A_ImcArbn_Impl\tools\template\..\..\..\TL105A_Artt\tools\include\Helper.tt
    Include file:  C:\Users\gz324f\Desktop\working\_Ford_T3T6_Eps_Impl_A\AR350A_ImcArbn_Impl\tools\template\..\..\..\TL105A_Artt\tools\include\Logger.tt
    Include file:  C:\Users\gz324f\Desktop\working\_Ford_T3T6_Eps_Impl_A\AR350A_ImcArbn_Impl\tools\template\ImcArbn_helper.tt
    Template:      C:\Users\gz324f\Desktop\working\_Ford_T3T6_Eps_Impl_A\AR350A_ImcArbn_Impl\tools\template\ImcArbn_Cfg.h.tt
    Namespace:     http://autosar.org/schema/r4.0
    Prefix:        ar
    File:          C:/Users/gz324f/Desktop/working/_Ford_T3T6_Eps_Impl_A/_Ford_T3T6_Eps_Impl_A/generate\ImcArbn_Cfg.h. written.
    Duration:      00:00:01.3572087.
AUTOSAR XML Text Transformation v2.0.2.0
    Output folder: C:\Users\gz324f\Desktop\working\_Ford_T3T6_Eps_Impl_A\_Ford_T3T6_Eps_Impl_A\generate
    Descr. file:   C:\Users\gz324f\AppData\Local\Temp\DaVinci\Cfg-3438483\Generation\Cfg_Gen-1525443453171-0\AutosarFiles_ValGen-1525473327311-0\ImcArbn_ECUC_3713802253143759722.arxml
    Include file:  C:\Users\gz324f\Desktop\working\_Ford_T3T6_Eps_Impl_A\AR350A_ImcArbn_Impl\tools\template\..\..\..\TL105A_Artt\tools\include\Helper.tt
    Include file:  C:\Users\gz324f\Desktop\working\_Ford_T3T6_Eps_Impl_A\AR350A_ImcArbn_Impl\tools\template\..\..\..\TL105A_Artt\tools\include\Logger.tt
    Include file:  C:\Users\gz324f\Desktop\working\_Ford_T3T6_Eps_Impl_A\AR350A_ImcArbn_Impl\tools\template\ImcArbn_helper.tt
    Template:      C:\Users\gz324f\Desktop\working\_Ford_T3T6_Eps_Impl_A\AR350A_ImcArbn_Impl\tools\template\ImcArbn_Cfg.h.tt
    Namespace:     http://autosar.org/schema/r4.0
    Prefix:        ar
    File:          C:/Users/gz324f/Desktop/working/_Ford_T3T6_Eps_Impl_A/_Ford_T3T6_Eps_Impl_A/generate\ImcArbn_Cfg.h. written.
    Duration:      00:00:01.0140065.
AUTOSAR XML Text Transformation v2.0.2.0
    Output folder: C:\Users\gz324f\Desktop\working\_Ford_T3T6_Eps_Impl_A\_Ford_T3T6_Eps_Impl_A\generate
    Descr. file:   C:\Users\gz324f\AppData\Local\Temp\DaVinci\Cfg-3438483\Generation\Cfg_Gen-1525443453171-0\AutosarFiles_ValGen-1525473811307-0\ImcArbn_ECUC_5984456851792224087.arxml
    Include file:  C:\Users\gz324f\Desktop\working\_Ford_T3T6_Eps_Impl_A\AR350A_ImcArbn_Impl\tools\template\..\..\..\TL105A_Artt\tools\include\Helper.tt
    Include file:  C:\Users\gz324f\Desktop\working\_Ford_T3T6_Eps_Impl_A\AR350A_ImcArbn_Impl\tools\template\..\..\..\TL105A_Artt\tools\include\Logger.tt
    Include file:  C:\Users\gz324f\Desktop\working\_Ford_T3T6_Eps_Impl_A\AR350A_ImcArbn_Impl\tools\template\ImcArbn_helper.tt
    Template:      C:\Users\gz324f\Desktop\working\_Ford_T3T6_Eps_Impl_A\AR350A_ImcArbn_Impl\tools\template\ImcArbn_Cfg.h.tt
    Namespace:     http://autosar.org/schema/r4.0
    Prefix:        ar
    File:          C:/Users/gz324f/Desktop/working/_Ford_T3T6_Eps_Impl_A/_Ford_T3T6_Eps_Impl_A/generate\ImcArbn_Cfg.h. written.
    Duration:      00:00:00.9516061.
AUTOSAR XML Text Transformation v2.0.2.0
    Output folder: C:\Users\gz324f\Desktop\working\_Ford_T3T6_Eps_Impl_A\_Ford_T3T6_Eps_Impl_A\generate
    Descr. file:   C:\Users\gz324f\AppData\Local\Temp\DaVinci\Cfg-4091616\Generation\Cfg_Gen-1525544102915-0\AutosarFiles_ValGen-1525544611154-0\ImcArbn_ECUC_890502151601314046.arxml
    Include file:  C:\Users\gz324f\Desktop\working\_Ford_T3T6_Eps_Impl_A\AR350A_ImcArbn_Impl\tools\template\..\..\..\TL105A_Artt\tools\include\Helper.tt
    Include file:  C:\Users\gz324f\Desktop\working\_Ford_T3T6_Eps_Impl_A\AR350A_ImcArbn_Impl\tools\template\..\..\..\TL105A_Artt\tools\include\Logger.tt
    Include file:  C:\Users\gz324f\Desktop\working\_Ford_T3T6_Eps_Impl_A\AR350A_ImcArbn_Impl\tools\template\ImcArbn_helper.tt
    Template:      C:\Users\gz324f\Desktop\working\_Ford_T3T6_Eps_Impl_A\AR350A_ImcArbn_Impl\tools\template\ImcArbn_Cfg.h.tt
    Namespace:     http://autosar.org/schema/r4.0
    Prefix:        ar
    File:          C:/Users/gz324f/Desktop/working/_Ford_T3T6_Eps_Impl_A/_Ford_T3T6_Eps_Impl_A/generate\ImcArbn_Cfg.h. written.
    Duration:      00:00:01.0920070.
AUTOSAR XML Text Transformation v2.0.2.0
    Output folder: C:\Users\gz324f\Desktop\working\_Ford_T3T6_Eps_Impl_A\_Ford_T3T6_Eps_Impl_A\generate
    Descr. file:   C:\Users\gz324f\AppData\Local\Temp\DaVinci\Cfg-4091616\Generation\Cfg_Gen-1525544102915-0\AutosarFiles_ValGen-1525547866258-0\ImcArbn_ECUC_4693071307164722285.arxml
    Include file:  C:\Users\gz324f\Desktop\working\_Ford_T3T6_Eps_Impl_A\AR350A_ImcArbn_Impl\tools\template\..\..\..\TL105A_Artt\tools\include\Helper.tt
    Include file:  C:\Users\gz324f\Desktop\working\_Ford_T3T6_Eps_Impl_A\AR350A_ImcArbn_Impl\tools\template\..\..\..\TL105A_Artt\tools\include\Logger.tt
    Include file:  C:\Users\gz324f\Desktop\working\_Ford_T3T6_Eps_Impl_A\AR350A_ImcArbn_Impl\tools\template\ImcArbn_helper.tt
    Template:      C:\Users\gz324f\Desktop\working\_Ford_T3T6_Eps_Impl_A\AR350A_ImcArbn_Impl\tools\template\ImcArbn_Cfg.h.tt
    Namespace:     http://autosar.org/schema/r4.0
    Prefix:        ar
    File:          C:/Users/gz324f/Desktop/working/_Ford_T3T6_Eps_Impl_A/_Ford_T3T6_Eps_Impl_A/generate\ImcArbn_Cfg.h. written.
    Duration:      00:00:00.9360060.
AUTOSAR XML Text Transformation v2.0.2.0
    Output folder: C:\Users\gz324f\Desktop\working\_Ford_T3T6_Eps_Impl_A\_Ford_T3T6_Eps_Impl_A\generate
    Descr. file:   C:\Users\gz324f\AppData\Local\Temp\DaVinci\Cfg-4091616\Generation\Cfg_Gen-1525544102915-0\AutosarFiles_ValGen-1525719279123-0\ImcArbn_ECUC_126032178836732173.arxml
    Include file:  C:\Users\gz324f\Desktop\working\_Ford_T3T6_Eps_Impl_A\AR350A_ImcArbn_Impl\tools\template\..\..\..\TL105A_Artt\tools\include\Helper.tt
    Include file:  C:\Users\gz324f\Desktop\working\_Ford_T3T6_Eps_Impl_A\AR350A_ImcArbn_Impl\tools\template\..\..\..\TL105A_Artt\tools\include\Logger.tt
    Include file:  C:\Users\gz324f\Desktop\working\_Ford_T3T6_Eps_Impl_A\AR350A_ImcArbn_Impl\tools\template\ImcArbn_helper.tt
    Template:      C:\Users\gz324f\Desktop\working\_Ford_T3T6_Eps_Impl_A\AR350A_ImcArbn_Impl\tools\template\ImcArbn_Cfg.h.tt
    Namespace:     http://autosar.org/schema/r4.0
    Prefix:        ar
    File:          C:/Users/gz324f/Desktop/working/_Ford_T3T6_Eps_Impl_A/_Ford_T3T6_Eps_Impl_A/generate\ImcArbn_Cfg.h. written.
    Duration:      00:00:00.9828063.
