AUTOSAR XML Text Transformation v2.0.2.0
    Output folder: C:\Users\nz2796\Documents\Matt\TestComponent\ES229C_HwTqCorrln_Impl\tools\local\generate
    Descr. file:   C:\Users\nz2796\AppData\Local\Temp\DaVinci\Cfg-6445074\Generation\Cfg_Gen-1490276452466-0\AutosarFiles_ValGen-1490276490702-0\HwTqCorrln_ECUC_1216033527962629203.arxml
    Include file:  C:\Users\nz2796\Documents\Matt\TestComponent\ES229C_HwTqCorrln_Impl\tools\template\..\..\..\TL105A_Artt\tools\include\Helper.tt
    Template:      C:\Users\nz2796\Documents\Matt\TestComponent\ES229C_HwTqCorrln_Impl\tools\template\HwTqCorrln_Cfg.h.tt
    Namespace:     http://autosar.org/schema/r4.0
    Prefix:        ar
    File:          C:/Users/nz2796/Documents/Matt/TestComponent/ES229C_HwTqCorrln_Impl/tools/local/generate\HwTqCorrln_Cfg.h. written.
    Duration:      00:00:00.8736056.
AUTOSAR XML Text Transformation v2.0.2.0
    Output folder: C:\Users\nz2796\Documents\TL_109_Script_Work\Test_Work_Area\ES229C_HwTqCorrln_Impl\tools\local\generate
    Descr. file:   C:\Users\nz2796\AppData\Local\Temp\DaVinci\Cfg-7116815\Generation\Cfg_Gen-1490707124154-0\AutosarFiles_ValGen-1490707175418-0\HwTqCorrln_ECUC_3580285119314482540.arxml
    Include file:  C:\Users\nz2796\Documents\TL_109_Script_Work\Test_Work_Area\ES229C_HwTqCorrln_Impl\tools\template\..\..\..\TL105A_Artt\tools\include\Helper.tt
    Template:      C:\Users\nz2796\Documents\TL_109_Script_Work\Test_Work_Area\ES229C_HwTqCorrln_Impl\tools\template\HwTqCorrln_Cfg.h.tt
    Namespace:     http://autosar.org/schema/r4.0
    Prefix:        ar
    File:          C:/Users/nz2796/Documents/TL_109_Script_Work/Test_Work_Area/ES229C_HwTqCorrln_Impl/tools/local/generate\HwTqCorrln_Cfg.h. written.
    Duration:      00:00:00.9048058.
AUTOSAR XML Text Transformation v2.0.2.0
    Output folder: C:\Users\nz2796\Documents\TL_109_Script_Work\Test_Work_Area\ES229C_HwTqCorrln_Impl\tools\local\generate
    Descr. file:   C:\Users\nz2796\AppData\Local\Temp\DaVinci\Cfg-7116815\Generation\Cfg_Gen-1490707124154-0\AutosarFiles_ValGen-1490707232756-0\HwTqCorrln_ECUC_2413853036600966476.arxml
    Include file:  C:\Users\nz2796\Documents\TL_109_Script_Work\Test_Work_Area\ES229C_HwTqCorrln_Impl\tools\template\..\..\..\TL105A_Artt\tools\include\Helper.tt
    Template:      C:\Users\nz2796\Documents\TL_109_Script_Work\Test_Work_Area\ES229C_HwTqCorrln_Impl\tools\template\HwTqCorrln_Cfg.h.tt
    Namespace:     http://autosar.org/schema/r4.0
    Prefix:        ar
    File:          C:/Users/nz2796/Documents/TL_109_Script_Work/Test_Work_Area/ES229C_HwTqCorrln_Impl/tools/local/generate\HwTqCorrln_Cfg.h. written.
    Duration:      00:00:00.9828063.
AUTOSAR XML Text Transformation v2.0.2.0
    Output folder: C:\Users\nz2796\Documents\TL_109_Script_Work\Test_Work_Area\ES229C_HwTqCorrln_Impl\tools\local\generate
    Descr. file:   C:\Users\nz2796\AppData\Local\Temp\DaVinci\Cfg-7289995\Generation\Cfg_Gen-1490707297812-0\AutosarFiles_ValGen-1490707322116-0\HwTqCorrln_ECUC_165831934499902910.arxml
    Include file:  C:\Users\nz2796\Documents\TL_109_Script_Work\Test_Work_Area\ES229C_HwTqCorrln_Impl\tools\template\..\..\..\TL105A_Artt\tools\include\Helper.tt
    Template:      C:\Users\nz2796\Documents\TL_109_Script_Work\Test_Work_Area\ES229C_HwTqCorrln_Impl\tools\template\HwTqCorrln_Cfg.h.tt
    Namespace:     http://autosar.org/schema/r4.0
    Prefix:        ar
    File:          C:/Users/nz2796/Documents/TL_109_Script_Work/Test_Work_Area/ES229C_HwTqCorrln_Impl/tools/local/generate\HwTqCorrln_Cfg.h. written.
    Duration:      00:00:00.8736056.
