2018-02-20 - 15:24:38
Workflow 'Update workflow.' started.
              Using DaVinci Configurator (beta)5.14.21 SP3 (x86_64).
 15:24:38 - Action 'Validate workflow environment' started.
 15:24:38 - Action 'Validate dpa file' started.
 15:24:39 - Action 'Validate dpa file' successfully finished.
 15:24:39 - Action 'SLP conformance check' started.
              [Warning] Definition target not found: /Renesas/EcucDefs_Fls/Fls/FlsGeneral/FlsDataFlash/FlsFdlCpuFrequency.
 15:24:39 - Action 'SLP conformance check' successfully finished with warnings.
                 [Warning] Definition target not found: /Renesas/EcucDefs_Fls/Fls/FlsGeneral/FlsDataFlash/FlsFdlCpuFrequency.
 15:24:39 - Action 'Validate input files' started.
 15:24:39 - Action 'Validate input files' successfully finished.
 15:24:39 - Action 'Validate workflow environment' finished.
 15:24:39 - Action 'File Pre Processing' started.
 15:24:39 - Action 'Processing the input files' started.
 15:24:39 - Action '/VariantDefinition/Criterion/Communication == 0' started.
              Start converting legacy file(s): C:\Users\gz324f\Desktop\working\_Ford_T3T6_Eps_Impl_A_Working\_Ford_T3T6_Eps_Impl_A\autosar\..\tools\DatabaseFiles\FD1_CAN_P702_GASD_MY21_V05.dbc.
 15:24:39 - Action 'Converting legacy file(s) to AUTOSAR files' started.
 15:24:39 - Action 'Converting legacy file(s) to AUTOSAR files' started.
              Convert legacy file(s) to System Description.
              Used executable: "C:\Users\gz324f\Desktop\working\_Ford_T3T6_Eps_Impl_A_Working\_Ford_T3T6_Eps_Impl_A\tools\SIP\Generators\LegacyDb2SystemDescrConverter\LegacyDb2SystemDescrConverter.exe".
              Arguments: ["C:\Users\gz324f\Desktop\working\_Ford_T3T6_Eps_Impl_A_Working\_Ford_T3T6_Eps_Impl_A\autosar\..\tools\DatabaseFiles\FD1_CAN_P702_GASD_MY21_V05.dbc", -o, "C:\Users\gz324f\AppData\Local\Temp\DaVinci\Cfg-4642584\Workflow\1519158279392-0\ConvertedLegacy.arxml", -r, 42, -e].
              
              Vector Legacy Database Converter.
              Version: 1.8.10.0.
              Copyright (c) 2017 Vector Informatik GmbH.
              License is restricted to the usage with CBD1601056 (D00) for MSR_Ford_SLP1.
              
              [info] Command line: "C:\Users\gz324f\Desktop\working\_Ford_T3T6_Eps_Impl_A_Working\_Ford_T3T6_Eps_Impl_A\tools\SIP\Generators\LegacyDb2SystemDescrConverter\LegacyDb2SystemDescrConverter.exe" "C:\Users\gz324f\Desktop\working\_Ford_T3T6_Eps_Impl_A_Working\_Ford_T3T6_Eps_Impl_A\autosar\..\tools\DatabaseFiles\FD1_CAN_P702_GASD_MY21_V05.dbc" -o "C:\Users\gz324f\AppData\Local\Temp\DaVinci\Cfg-4642584\Workflow\1519158279392-0\ConvertedLegacy.arxml" -r 42 -e.
              [info] Converting DBC file C:\Users\gz324f\Desktop\working\_Ford_T3T6_Eps_Impl_A_Working\_Ford_T3T6_Eps_Impl_A\tools\DatabaseFiles\FD1_CAN_P702_GASD_MY21_V05.dbc.
              [warning] ECU IPMA_ADAS is both sending and receiving DBC message SuspensionRoad_Data_FD1.
              [warning] ECU GWM_ECG is both sending and receiving DBC message LateralMotionControl_FD1.
              [warning] ECU GWM_ECG is both sending and receiving DBC message ACCDATA_FD1.
              [error] ECU PSCM_FD without CAN NM is sending 1 NM messages.
              [warning] DBC diagnostic request message TesterPhysicalReqGWM_FD1 has no response message.
                    ==> Cannot create CAN TP connection between ECUs TSTR and GWM_ECG.
              [warning] DBC diagnostic request message TesterPhysicalReqGWM_FD1 has no response message.
                    ==> Cannot create CAN TP connection between ECUs TSTR and GWM_ECG.
              [warning] DBC diagnostic request message TesterPhysicalReqPCM_FD1 has 2 possible response message.
                    ==> Cannot create CAN TP connection between ECUs TSTR and ECM_Diesel.
              [warning] DBC diagnostic request message TesterPhysicalReqPCM_FD1 has 2 possible response message.
                    ==> Cannot create CAN TP connection between ECUs TSTR and ECM_Diesel.
              [info] Writing System Description...
              [info] Writing 13 ECU Extracts...
              
              C:\Users\gz324f\AppData\Local\Temp\DaVinci\Cfg-4642584\Workflow\1519158279392-0\ConvertedLegacy.arxml.
              C:\Users\gz324f\AppData\Local\Temp\DaVinci\Cfg-4642584\Workflow\1519158279392-0\ConvertedLegacy__delete.arxml.
              C:\Users\gz324f\AppData\Local\Temp\DaVinci\Cfg-4642584\Workflow\1519158279392-0\ConvertedLegacy_ABS_ESC.arxml.
              C:\Users\gz324f\AppData\Local\Temp\DaVinci\Cfg-4642584\Workflow\1519158279392-0\ConvertedLegacy_ECM_Diesel.arxml.
              C:\Users\gz324f\AppData\Local\Temp\DaVinci\Cfg-4642584\Workflow\1519158279392-0\ConvertedLegacy_GENERIC_GWMWakeup.arxml.
              C:\Users\gz324f\AppData\Local\Temp\DaVinci\Cfg-4642584\Workflow\1519158279392-0\ConvertedLegacy_GWM_ECG.arxml.
              C:\Users\gz324f\AppData\Local\Temp\DaVinci\Cfg-4642584\Workflow\1519158279392-0\ConvertedLegacy_HCM_FD.arxml.
              C:\Users\gz324f\AppData\Local\Temp\DaVinci\Cfg-4642584\Workflow\1519158279392-0\ConvertedLegacy_IPMA_ADAS.arxml.
              C:\Users\gz324f\AppData\Local\Temp\DaVinci\Cfg-4642584\Workflow\1519158279392-0\ConvertedLegacy_PCM_FD.arxml.
              C:\Users\gz324f\AppData\Local\Temp\DaVinci\Cfg-4642584\Workflow\1519158279392-0\ConvertedLegacy_PCM_HEV_FD.arxml.
              C:\Users\gz324f\AppData\Local\Temp\DaVinci\Cfg-4642584\Workflow\1519158279392-0\ConvertedLegacy_PSCM_FD.arxml.
              C:\Users\gz324f\AppData\Local\Temp\DaVinci\Cfg-4642584\Workflow\1519158279392-0\ConvertedLegacy_TCCM_FD.arxml.
              C:\Users\gz324f\AppData\Local\Temp\DaVinci\Cfg-4642584\Workflow\1519158279392-0\ConvertedLegacy_TCM_DSL_FD.arxml.
              C:\Users\gz324f\AppData\Local\Temp\DaVinci\Cfg-4642584\Workflow\1519158279392-0\ConvertedLegacy_TSTR.arxml.
              Elapsed time: 1.797 seconds.
              1 Errors.
              7 Warnings.
              [Warning] Legacy Converter finished with errors/warnings.
 15:24:41 - Action 'Converting legacy file(s) to AUTOSAR files' successfully finished with warnings.
                 [Warning] Legacy Converter finished with errors/warnings.
 15:24:41 - Action 'Converting legacy file(s) to AUTOSAR files' successfully finished with warnings.
                 [Warning] Legacy Converter finished with errors/warnings.
              Legacy converter result file: C:\Users\gz324f\AppData\Local\Temp\DaVinci\Cfg-4642584\Workflow\1519158279392-0\ConvertedLegacy_PSCM_FD.arxml.
 15:24:41 - Action '/VariantDefinition/Criterion/Communication == 0' finished.
 15:24:41 - Action '/VariantDefinition/Criterion/Communication == 1' started.
 15:24:41 - Action 'Converting legacy file(s) to AUTOSAR files' started.
 15:24:42 - Action 'Converting legacy file(s) to AUTOSAR files' successfully finished with warnings.
                 [Warning] Legacy Converter finished with errors/warnings.
 15:24:42 - Action '/VariantDefinition/Criterion/Communication == 1' finished.
 15:24:42 - Action 'Evaluate system extract paths' started.
 15:24:42 - Action 'Evaluate system extract paths' successfully finished.
 15:24:42 - Action 'Processing the input files' finished.
 15:24:42 - Action 'Update System Extract Merger Configuration' started.
 15:24:43 - Action 'Update System Extract Merger Configuration' successfully finished.
 15:24:43 - Action 'SystemExtractMerger' started.
              Reading input configuration from "C:\Users\gz324f\Desktop\working\_Ford_T3T6_Eps_Impl_A_Working\_Ford_T3T6_Eps_Impl_A\autosar\Config\Variance\SystemDescriptionMergeConfig.xml"...
              Loading model "Communication_ECU1"...
              Loading model "Communication_ECU2"...
              Instantiating pre-processors for model "Communication_ECU1"...
              Instantiating pre-processors for model "Communication_ECU2"...
              Instantiating post-processors...
              Instantiating mergers for model "Communication_ECU2"...
              Scanning "Communication_ECU2"...
              Scanning "Communication_ECU2"...
              Merging...
              [Warning] Two CompuScales from "Communication_ECU1" and "Communication_ECU2" are simply merged if they share the same index in their respective lists of siblings. If this behavior is undesired <MERGE-BY-FEATURES> can be used in the merge configuration for "Communication_ECU2" to identify elements of that type by a combination of feature values.
              Cleaning up merge result...
              Deleting ARPackage "/Constant".
              Deleting ARPackage "/FlexrayFrame".
              Deleting ARPackage "/LinFrame".
              Deleting ARPackage "/Gateway".
              Deleting ARPackage "/NM".
              Deleting ARPackage "/Diagnostics".
              Checking if merge result is a valid ECU extract...
 15:24:44 - Action 'SystemExtractMerger' successfully finished with warnings.
                 [Warning] Two CompuScales from "Communication_ECU1" and "Communication_ECU2" are simply merged if they share the same index in their respective lists of siblings. If this behavior is undesired <MERGE-BY-FEATURES> can be used in the merge configuration for "Communication_ECU2" to identify elements of that type by a combination of feature values.
 15:24:44 - Action 'File Pre Processing' finished.
 15:24:44 - Action 'Creating back up' started.
              Create backup folder: 'C:\Users\gz324f\Desktop\working\_Ford_T3T6_Eps_Impl_A_Working\_Ford_T3T6_Eps_Impl_A\autosar\Backups\backup_dvpa_2018-02-20_15-24-38'.
              Copied project file from: 'C:\Users\gz324f\Desktop\working\_Ford_T3T6_Eps_Impl_A_Working\_Ford_T3T6_Eps_Impl_A\autosar\EPS.dpa' to 'C:\Users\gz324f\Desktop\working\_Ford_T3T6_Eps_Impl_A_Working\_Ford_T3T6_Eps_Impl_A\autosar\Backups\backup_dvpa_2018-02-20_15-24-38\EPS.dpa'.
              Copied ECUC folder from: 'C:\Users\gz324f\Desktop\working\_Ford_T3T6_Eps_Impl_A_Working\_Ford_T3T6_Eps_Impl_A\autosar\Config\ECUC' to 'C:\Users\gz324f\Desktop\working\_Ford_T3T6_Eps_Impl_A_Working\_Ford_T3T6_Eps_Impl_A\autosar\Backups\backup_dvpa_2018-02-20_15-24-38\Config\ECUC'.
              Copied 'System' folder from: 'C:\Users\gz324f\Desktop\working\_Ford_T3T6_Eps_Impl_A_Working\_Ford_T3T6_Eps_Impl_A\autosar\Config\System' to 'C:\Users\gz324f\Desktop\working\_Ford_T3T6_Eps_Impl_A_Working\_Ford_T3T6_Eps_Impl_A\autosar\Backups\backup_dvpa_2018-02-20_15-24-38\Config\System'.
              Copied DaVinci Developer Workspace folder from: 'C:\Users\gz324f\Desktop\working\_Ford_T3T6_Eps_Impl_A_Working\_Ford_T3T6_Eps_Impl_A\autosar\.\Config\Developer' to 'C:\Users\gz324f\Desktop\working\_Ford_T3T6_Eps_Impl_A_Working\_Ford_T3T6_Eps_Impl_A\autosar\Backups\backup_dvpa_2018-02-20_15-24-38\Config\Developer'.
              Copied BSW internal behavior folder from: 'C:\Users\gz324f\Desktop\working\_Ford_T3T6_Eps_Impl_A_Working\_Ford_T3T6_Eps_Impl_A\autosar\Config\InternalBehavior' to 'C:\Users\gz324f\Desktop\working\_Ford_T3T6_Eps_Impl_A_Working\_Ford_T3T6_Eps_Impl_A\autosar\Backups\backup_dvpa_2018-02-20_15-24-38\Config\InternalBehavior'.
              Copied SWC files folder from: 'C:\Users\gz324f\Desktop\working\_Ford_T3T6_Eps_Impl_A_Working\_Ford_T3T6_Eps_Impl_A\generate\ServiceComponents' to 'C:\Users\gz324f\Desktop\working\_Ford_T3T6_Eps_Impl_A_Working\_Ford_T3T6_Eps_Impl_A\autosar\Backups\backup_dvpa_2018-02-20_15-24-38\Config\ServiceComponents'.
              Copied Application Components files folder from: '[Ljava.lang.String;@32648591' to 'C:\Users\gz324f\Desktop\working\_Ford_T3T6_Eps_Impl_A_Working\_Ford_T3T6_Eps_Impl_A\autosar\Backups\backup_dvpa_2018-02-20_15-24-38\Config\ApplicationComponents'.
              Copied Definition Restriction files folder from: 'C:\Users\gz324f\Desktop\working\_Ford_T3T6_Eps_Impl_A_Working\_Ford_T3T6_Eps_Impl_A\autosar\DefRestrict' to 'C:\Users\gz324f\Desktop\working\_Ford_T3T6_Eps_Impl_A_Working\_Ford_T3T6_Eps_Impl_A\autosar\Backups\backup_dvpa_2018-02-20_15-24-38\DefRestrict'.
 15:24:45 - Action 'Creating back up' successfully finished.
 15:24:45 - Action 'Close Project' started.
 15:25:01 - Action 'Close Project' successfully finished.
 15:25:16 - Action 'Create copy of the Project' started.
              Copy project 'C:\Users\gz324f\Desktop\working\_Ford_T3T6_Eps_Impl_A_Working\_Ford_T3T6_Eps_Impl_A\autosar' to 'C:\Users\gz324f\AppData\Local\Temp\DaVinci\Cfg-4642584\Workflow\1519158315970-0'...
              Adjusting DPA file of copied project...
 15:25:17 - Action 'Create copy of the Project' successfully finished.
 15:25:17 - Action 'Prepare DaVinci Developer update data' started.
 15:25:17 - Action 'Prepare DaVinci Developer update data' successfully finished.
 15:25:17 - Action 'Prepare data for update' started.
 15:25:18 - Action 'Prepare data for update' successfully finished.
 15:25:18 - Action 'Prepare System Extract' started.
 15:25:18 - Action 'Preprocessing System Extract' started.
 15:25:18 - Action 'Preprocessing System Extract' successfully finished.
 15:25:18 - Action 'Create OEM Communication Extract' started.
 15:25:18 - Action 'Create OEM Communication Extract' successfully finished.
 15:25:18 - Action 'Prepare System Extract' successfully finished.
 15:25:18 - Action 'Updating the project' started.
 15:25:29 - Action 'Generate ECU configuration' started.
 15:25:37 - Action 'Diagnostics Description Import for CDD' started.
 15:25:42 - Action 'Diagnostics Description Import for CDD' successfully finished.
 15:25:42 - Action 'Merging ECUC variant 'ECU1'' started.
 15:25:44 - Action 'Merging ECUC variant 'ECU1'' successfully finished.
 15:25:48 - Action 'Diagnostics Description Import for CDD' started.
 15:25:53 - Action 'Diagnostics Description Import for CDD' successfully finished.
 15:25:53 - Action 'Merging ECUC variant 'ECU2'' started.
 15:25:54 - Action 'Merging ECUC variant 'ECU2'' successfully finished.
 15:25:55 - Action 'Validation and Auto-Solving-Actions' started.
 15:25:57 - Action 'Validation and Auto-Solving-Actions' successfully finished.
 15:25:57 - Action 'Generate ECU configuration' successfully finished.
 15:25:57 - Action 'Update ECU configuration' started.
 15:26:14 - Action 'Merging ECUC variant 'ECU1'' started.
 15:26:19 - Action 'Merging ECUC variant 'ECU1'' successfully finished.
 15:26:29 - Action 'Merging ECUC variant 'ECU2'' started.
 15:26:31 - Action 'Merging ECUC variant 'ECU2'' successfully finished.
 15:26:34 - Action 'Update ECU configuration' successfully finished.
 15:26:34 - Action 'Updating the project' successfully finished.
 15:26:34 - Action 'Adapt project file' started.
 15:26:35 - Action 'Adapt project file' successfully finished.
 15:26:35 - Action 'Generate update report' started.
 15:27:00 - Action 'Generate update report' successfully finished.
 15:27:00 - Action 'Execute update-specific solving actions' started.
              [Warning] [Warning] No AUTOSAR standard definition found for module: IoHwAb.
 15:27:17 - Action 'Execute update-specific solving actions' successfully finished with warnings.
                 [Warning] No AUTOSAR standard definition found for module: IoHwAb.
 15:27:17 - Action 'Update DaVinci Developer Workspace' started.
              ﻿Loading profile settings from file 'C:\Users\gz324f\AppData\Local\Temp\DaVinci\Cfg-4642584\Workflow\1519158315970-0\Config\Developer\ProfileSettings.xml'.
              Start import.
              Importing file (C:\Users\gz324f\AppData\Local\Temp\DaVinci\Cfg-4642584\Workflow\1519158315970-0\Update\DevData\ConvertedLegacy_PSCM_Communication.arxml).
              Importing file (C:\Users\gz324f\AppData\Local\Temp\DaVinci\Cfg-4642584\Workflow\1519158315970-0\Config\Developer\AAACalRegn02Rt01GroupA_Dummy.arxml).
              Importing file (C:\Users\gz324f\AppData\Local\Temp\DaVinci\Cfg-4642584\Workflow\1519158315970-0\Config\Developer\Adcf1CfgAndUse.arxml).
              Importing file (C:\Users\gz324f\AppData\Local\Temp\DaVinci\Cfg-4642584\Workflow\1519158315970-0\Config\Developer\Assi.arxml).
              Importing file (C:\Users\gz324f\AppData\Local\Temp\DaVinci\Cfg-4642584\Workflow\1519158315970-0\Config\Developer\AssiHiFrq.arxml).
              Importing file (C:\Users\gz324f\AppData\Local\Temp\DaVinci\Cfg-4642584\Workflow\1519158315970-0\Config\Developer\AssiPahSum.arxml).
              Importing file (C:\Users\gz324f\AppData\Local\Temp\DaVinci\Cfg-4642584\Workflow\1519158315970-0\Config\Developer\AssiSumLim.arxml).
              Importing file (C:\Users\gz324f\AppData\Local\Temp\DaVinci\Cfg-4642584\Workflow\1519158315970-0\Config\Developer\BattVltg.arxml).
              Importing file (C:\Users\gz324f\AppData\Local\Temp\DaVinci\Cfg-4642584\Workflow\1519158315970-0\Config\Developer\BattVltgCorrln.arxml).
              Importing file (C:\Users\gz324f\AppData\Local\Temp\DaVinci\Cfg-4642584\Workflow\1519158315970-0\Config\Developer\CalRegn01CmnGroupA.arxml).
              Importing file (C:\Users\gz324f\AppData\Local\Temp\DaVinci\Cfg-4642584\Workflow\1519158315970-0\Config\Developer\CalRegn01Inin00GroupA.arxml).
              Importing file (C:\Users\gz324f\AppData\Local\Temp\DaVinci\Cfg-4642584\Workflow\1519158315970-0\Config\Developer\CalRegn02CmnGroupA.arxml).
              Importing file (C:\Users\gz324f\AppData\Local\Temp\DaVinci\Cfg-4642584\Workflow\1519158315970-0\Config\Developer\CalRegn02Inin00GroupA.arxml).
              Importing file (C:\Users\gz324f\AppData\Local\Temp\DaVinci\Cfg-4642584\Workflow\1519158315970-0\Config\Developer\CalRegn02Rt00GroupA.arxml).
              Importing file (C:\Users\gz324f\AppData\Local\Temp\DaVinci\Cfg-4642584\Workflow\1519158315970-0\Config\Developer\CalRegn02Rt01GroupA.arxml).
              Importing file (C:\Users\gz324f\AppData\Local\Temp\DaVinci\Cfg-4642584\Workflow\1519158315970-0\Config\Developer\CalRegn02Rt02GroupA.arxml).
              Importing file (C:\Users\gz324f\AppData\Local\Temp\DaVinci\Cfg-4642584\Workflow\1519158315970-0\Config\Developer\CalRegn02Rt03GroupA.arxml).
              Importing file (C:\Users\gz324f\AppData\Local\Temp\DaVinci\Cfg-4642584\Workflow\1519158315970-0\Config\Developer\CalRegn02Rt04GroupA.arxml).
              Importing file (C:\Users\gz324f\AppData\Local\Temp\DaVinci\Cfg-4642584\Workflow\1519158315970-0\Config\Developer\CalRegn02Rt05GroupA.arxml).
              Importing file (C:\Users\gz324f\AppData\Local\Temp\DaVinci\Cfg-4642584\Workflow\1519158315970-0\Config\Developer\CDD_Adcf0CfgAndUse.arxml).
              Importing file (C:\Users\gz324f\AppData\Local\Temp\DaVinci\Cfg-4642584\Workflow\1519158315970-0\Config\Developer\CDD_ChkPtAppl10.arxml).
              Importing file (C:\Users\gz324f\AppData\Local\Temp\DaVinci\Cfg-4642584\Workflow\1519158315970-0\Config\Developer\CDD_ClkCfgAndMon.arxml).
              Importing file (C:\Users\gz324f\AppData\Local\Temp\DaVinci\Cfg-4642584\Workflow\1519158315970-0\Config\Developer\CDD_CurrMeas.arxml).
              Importing file (C:\Users\gz324f\AppData\Local\Temp\DaVinci\Cfg-4642584\Workflow\1519158315970-0\Config\Developer\CDD_CurrMeasArbn.arxml).
              Importing file (C:\Users\gz324f\AppData\Local\Temp\DaVinci\Cfg-4642584\Workflow\1519158315970-0\Config\Developer\CDD_DmaCfgAndUse.arxml).
              Importing file (C:\Users\gz324f\AppData\Local\Temp\DaVinci\Cfg-4642584\Workflow\1519158315970-0\Config\Developer\CDD_EcmOutpAndDiagc.arxml).
              Importing file (C:\Users\gz324f\AppData\Local\Temp\DaVinci\Cfg-4642584\Workflow\1519158315970-0\Config\Developer\CDD_ExcpnHndlg.arxml).
              Importing file (C:\Users\gz324f\AppData\Local\Temp\DaVinci\Cfg-4642584\Workflow\1519158315970-0\Config\Developer\CDD_FlsMem.arxml).
              Importing file (C:\Users\gz324f\AppData\Local\Temp\DaVinci\Cfg-4642584\Workflow\1519158315970-0\Config\Developer\CDD_FordT3T6McuCfg.arxml).
              Importing file (C:\Users\gz324f\AppData\Local\Temp\DaVinci\Cfg-4642584\Workflow\1519158315970-0\Config\Developer\CDD_GtmCfgAndUse.arxml).
              Importing file (C:\Users\gz324f\AppData\Local\Temp\DaVinci\Cfg-4642584\Workflow\1519158315970-0\Config\Developer\CDD_GuardCfgAndDiagc.arxml).
              Importing file (C:\Users\gz324f\AppData\Local\Temp\DaVinci\Cfg-4642584\Workflow\1519158315970-0\Config\Developer\CDD_HwTq1Meas.arxml).
              Importing file (C:\Users\gz324f\AppData\Local\Temp\DaVinci\Cfg-4642584\Workflow\1519158315970-0\Config\Developer\CDD_HwTq8Meas.arxml).
              Importing file (C:\Users\gz324f\AppData\Local\Temp\DaVinci\Cfg-4642584\Workflow\1519158315970-0\Config\Developer\CDD_McuCoreCfgAndDiagc.arxml).
              Importing file (C:\Users\gz324f\AppData\Local\Temp\DaVinci\Cfg-4642584\Workflow\1519158315970-0\Config\Developer\CDD_McuDiagc.arxml).
              Importing file (C:\Users\gz324f\AppData\Local\Temp\DaVinci\Cfg-4642584\Workflow\1519158315970-0\Config\Developer\CDD_MotAg5Meas.arxml).
              Importing file (C:\Users\gz324f\AppData\Local\Temp\DaVinci\Cfg-4642584\Workflow\1519158315970-0\Config\Developer\CDD_MotAg6Meas.arxml).
              Importing file (C:\Users\gz324f\AppData\Local\Temp\DaVinci\Cfg-4642584\Workflow\1519158315970-0\Config\Developer\CDD_MotAgArbn.arxml).
              Importing file (C:\Users\gz324f\AppData\Local\Temp\DaVinci\Cfg-4642584\Workflow\1519158315970-0\Config\Developer\CDD_MotAgCmp.arxml).
              Importing file (C:\Users\gz324f\AppData\Local\Temp\DaVinci\Cfg-4642584\Workflow\1519158315970-0\Config\Developer\CDD_MotAgSwCal.arxml).
              Importing file (C:\Users\gz324f\AppData\Local\Temp\DaVinci\Cfg-4642584\Workflow\1519158315970-0\Config\Developer\CDD_MotCtrlMgr.arxml).
              Importing file (C:\Users\gz324f\AppData\Local\Temp\DaVinci\Cfg-4642584\Workflow\1519158315970-0\Config\Developer\CDD_MotCurrRegVltgLimr.arxml).
              Importing file (C:\Users\gz324f\AppData\Local\Temp\DaVinci\Cfg-4642584\Workflow\1519158315970-0\Config\Developer\CDD_MotRplCoggCmd.arxml).
              Importing file (C:\Users\gz324f\AppData\Local\Temp\DaVinci\Cfg-4642584\Workflow\1519158315970-0\Config\Developer\CDD_MotVel.arxml).
              Importing file (C:\Users\gz324f\AppData\Local\Temp\DaVinci\Cfg-4642584\Workflow\1519158315970-0\Config\Developer\CDD_NvMProxy.arxml).
              Importing file (C:\Users\gz324f\AppData\Local\Temp\DaVinci\Cfg-4642584\Workflow\1519158315970-0\Config\Developer\CDD_NxtrTi.arxml).
              Importing file (C:\Users\gz324f\AppData\Local\Temp\DaVinci\Cfg-4642584\Workflow\1519158315970-0\Config\Developer\CDD_RamMem.arxml).
              Importing file (C:\Users\gz324f\AppData\Local\Temp\DaVinci\Cfg-4642584\Workflow\1519158315970-0\Config\Developer\CDD_SinVltgGenn.arxml).
              Importing file (C:\Users\gz324f\AppData\Local\Temp\DaVinci\Cfg-4642584\Workflow\1519158315970-0\Config\Developer\CDD_SyncCrc.arxml).
              Importing file (C:\Users\gz324f\AppData\Local\Temp\DaVinci\Cfg-4642584\Workflow\1519158315970-0\Config\Developer\CDD_Uart0CfgAndUse.arxml).
              Importing file (C:\Users\gz324f\AppData\Local\Temp\DaVinci\Cfg-4642584\Workflow\1519158315970-0\Config\Developer\CDD_Uart1CfgAndUse.arxml).
              Importing file (C:\Users\gz324f\AppData\Local\Temp\DaVinci\Cfg-4642584\Workflow\1519158315970-0\Config\Developer\CDD_VrfyCritReg.arxml).
              Importing file (C:\Users\gz324f\AppData\Local\Temp\DaVinci\Cfg-4642584\Workflow\1519158315970-0\Config\Developer\CDD_XcpIf.arxml).
              Importing file (C:\Users\gz324f\AppData\Local\Temp\DaVinci\Cfg-4642584\Workflow\1519158315970-0\Config\Developer\CmnMfgSrv.arxml).
              Importing file (C:\Users\gz324f\AppData\Local\Temp\DaVinci\Cfg-4642584\Workflow\1519158315970-0\Config\Developer\CmplncErr.arxml).
              Importing file (C:\Users\gz324f\AppData\Local\Temp\DaVinci\Cfg-4642584\Workflow\1519158315970-0\Config\Developer\CurrMeasCorrln.arxml).
              Importing file (C:\Users\gz324f\AppData\Local\Temp\DaVinci\Cfg-4642584\Workflow\1519158315970-0\Config\Developer\CurrReasbnDiagc.arxml).
              Importing file (C:\Users\gz324f\AppData\Local\Temp\DaVinci\Cfg-4642584\Workflow\1519158315970-0\Config\Developer\CustDiag.arxml).
              Importing file (C:\Users\gz324f\AppData\Local\Temp\DaVinci\Cfg-4642584\Workflow\1519158315970-0\Config\Developer\Dampg.arxml).
              Importing file (C:\Users\gz324f\AppData\Local\Temp\DaVinci\Cfg-4642584\Workflow\1519158315970-0\Config\Developer\DampgPahSum.arxml).
              Importing file (C:\Users\gz324f\AppData\Local\Temp\DaVinci\Cfg-4642584\Workflow\1519158315970-0\Config\Developer\DiagcMgr.arxml).
              Importing file (C:\Users\gz324f\AppData\Local\Temp\DaVinci\Cfg-4642584\Workflow\1519158315970-0\Config\Developer\DiagcMgrProxyAppl0.arxml).
              Importing file (C:\Users\gz324f\AppData\Local\Temp\DaVinci\Cfg-4642584\Workflow\1519158315970-0\Config\Developer\DiagcMgrProxyAppl1.arxml).
              Importing file (C:\Users\gz324f\AppData\Local\Temp\DaVinci\Cfg-4642584\Workflow\1519158315970-0\Config\Developer\DiagcMgrProxyAppl10.arxml).
              Importing file (C:\Users\gz324f\AppData\Local\Temp\DaVinci\Cfg-4642584\Workflow\1519158315970-0\Config\Developer\DiagcMgrProxyAppl2.arxml).
              Importing file (C:\Users\gz324f\AppData\Local\Temp\DaVinci\Cfg-4642584\Workflow\1519158315970-0\Config\Developer\DiagcMgrProxyAppl3.arxml).
              Importing file (C:\Users\gz324f\AppData\Local\Temp\DaVinci\Cfg-4642584\Workflow\1519158315970-0\Config\Developer\DiagcMgrProxyAppl4.arxml).
              Importing file (C:\Users\gz324f\AppData\Local\Temp\DaVinci\Cfg-4642584\Workflow\1519158315970-0\Config\Developer\DiagcMgrProxyAppl5.arxml).
              Importing file (C:\Users\gz324f\AppData\Local\Temp\DaVinci\Cfg-4642584\Workflow\1519158315970-0\Config\Developer\DiagcMgrProxyAppl6.arxml).
              Importing file (C:\Users\gz324f\AppData\Local\Temp\DaVinci\Cfg-4642584\Workflow\1519158315970-0\Config\Developer\DiagcMgrProxyAppl7.arxml).
              Importing file (C:\Users\gz324f\AppData\Local\Temp\DaVinci\Cfg-4642584\Workflow\1519158315970-0\Config\Developer\DiagcMgrProxyAppl8.arxml).
              Importing file (C:\Users\gz324f\AppData\Local\Temp\DaVinci\Cfg-4642584\Workflow\1519158315970-0\Config\Developer\DiagcMgrProxyAppl9.arxml).
              Importing file (C:\Users\gz324f\AppData\Local\Temp\DaVinci\Cfg-4642584\Workflow\1519158315970-0\Config\Developer\DiagcMgrStub.arxml).
              Importing file (C:\Users\gz324f\AppData\Local\Temp\DaVinci\Cfg-4642584\Workflow\1519158315970-0\Config\Developer\DiagSrv.arxml).
              Importing file (C:\Users\gz324f\AppData\Local\Temp\DaVinci\Cfg-4642584\Workflow\1519158315970-0\Config\Developer\DrvrTqEstimn.arxml).
              Importing file (C:\Users\gz324f\AppData\Local\Temp\DaVinci\Cfg-4642584\Workflow\1519158315970-0\Config\Developer\DualCtrlrOutpMgr.arxml).
              Importing file (C:\Users\gz324f\AppData\Local\Temp\DaVinci\Cfg-4642584\Workflow\1519158315970-0\Config\Developer\DualEcuIdn.arxml).
              Importing file (C:\Users\gz324f\AppData\Local\Temp\DaVinci\Cfg-4642584\Workflow\1519158315970-0\Config\Developer\DutyCycThermProtn.arxml).
              Importing file (C:\Users\gz324f\AppData\Local\Temp\DaVinci\Cfg-4642584\Workflow\1519158315970-0\Config\Developer\EcuTMeas.arxml).
              Importing file (C:\Users\gz324f\AppData\Local\Temp\DaVinci\Cfg-4642584\Workflow\1519158315970-0\Config\Developer\ElecPwrCns.arxml).
              Importing file (C:\Users\gz324f\AppData\Local\Temp\DaVinci\Cfg-4642584\Workflow\1519158315970-0\Config\Developer\EotLrng.arxml).
              Importing file (C:\Users\gz324f\AppData\Local\Temp\DaVinci\Cfg-4642584\Workflow\1519158315970-0\Config\Developer\EotProtn.arxml).
              Importing file (C:\Users\gz324f\AppData\Local\Temp\DaVinci\Cfg-4642584\Workflow\1519158315970-0\Config\Developer\EotProtnFwl.arxml).
              Importing file (C:\Users\gz324f\AppData\Local\Temp\DaVinci\Cfg-4642584\Workflow\1519158315970-0\Config\Developer\FltInj.arxml).
              Importing file (C:\Users\gz324f\AppData\Local\Temp\DaVinci\Cfg-4642584\Workflow\1519158315970-0\Config\Developer\FordCanDtcInhb.arxml).
              Importing file (C:\Users\gz324f\AppData\Local\Temp\DaVinci\Cfg-4642584\Workflow\1519158315970-0\Config\Developer\FordHwAgArbn.arxml).
              Importing file (C:\Users\gz324f\AppData\Local\Temp\DaVinci\Cfg-4642584\Workflow\1519158315970-0\Config\Developer\FordHwTqCdng.arxml).
              Importing file (C:\Users\gz324f\AppData\Local\Temp\DaVinci\Cfg-4642584\Workflow\1519158315970-0\Config\Developer\FordMsg07EBusHiSpd.arxml).
              Importing file (C:\Users\gz324f\AppData\Local\Temp\DaVinci\Cfg-4642584\Workflow\1519158315970-0\Config\Developer\FordMsg082BusHiSpd.arxml).
              Importing file (C:\Users\gz324f\AppData\Local\Temp\DaVinci\Cfg-4642584\Workflow\1519158315970-0\Config\Developer\FordMsg167BusHiSpd.arxml).
              Importing file (C:\Users\gz324f\AppData\Local\Temp\DaVinci\Cfg-4642584\Workflow\1519158315970-0\Config\Developer\FordMsg202BusHiSpd.arxml).
              Importing file (C:\Users\gz324f\AppData\Local\Temp\DaVinci\Cfg-4642584\Workflow\1519158315970-0\Config\Developer\FordMsg217BusHiSpd.arxml).
              Importing file (C:\Users\gz324f\AppData\Local\Temp\DaVinci\Cfg-4642584\Workflow\1519158315970-0\Config\Developer\FordMsg3B3BusHiSpd.arxml).
              Importing file (C:\Users\gz324f\AppData\Local\Temp\DaVinci\Cfg-4642584\Workflow\1519158315970-0\Config\Developer\FordMsg40ABusHiSpd.arxml).
              Importing file (C:\Users\gz324f\AppData\Local\Temp\DaVinci\Cfg-4642584\Workflow\1519158315970-0\Config\Developer\FordMsg414BusHiSpd.arxml).
              Importing file (C:\Users\gz324f\AppData\Local\Temp\DaVinci\Cfg-4642584\Workflow\1519158315970-0\Config\Developer\FordMsg415BusHiSpd.arxml).
              Importing file (C:\Users\gz324f\AppData\Local\Temp\DaVinci\Cfg-4642584\Workflow\1519158315970-0\Config\Developer\FordMsg417BusHiSpd.arxml).
              Importing file (C:\Users\gz324f\AppData\Local\Temp\DaVinci\Cfg-4642584\Workflow\1519158315970-0\Config\Developer\FordMsg41ABusHiSpd.arxml).
              Importing file (C:\Users\gz324f\AppData\Local\Temp\DaVinci\Cfg-4642584\Workflow\1519158315970-0\Config\Developer\FordMsg41EBusHiSpd.arxml).
              Importing file (C:\Users\gz324f\AppData\Local\Temp\DaVinci\Cfg-4642584\Workflow\1519158315970-0\Config\Developer\FordMsg430BusHiSpd.arxml).
              Importing file (C:\Users\gz324f\AppData\Local\Temp\DaVinci\Cfg-4642584\Workflow\1519158315970-0\Config\Developer\FordMsg5B5BusHiSpd.arxml).
              Importing file (C:\Users\gz324f\AppData\Local\Temp\DaVinci\Cfg-4642584\Workflow\1519158315970-0\Config\Developer\FordSysSt.arxml).
              Importing file (C:\Users\gz324f\AppData\Local\Temp\DaVinci\Cfg-4642584\Workflow\1519158315970-0\Config\Developer\FordVehSpdArbn.arxml).
              Importing file (C:\Users\gz324f\AppData\Local\Temp\DaVinci\Cfg-4642584\Workflow\1519158315970-0\Config\Developer\FordVltgIf.arxml).
              Importing file (C:\Users\gz324f\AppData\Local\Temp\DaVinci\Cfg-4642584\Workflow\1519158315970-0\Config\Developer\GateDrv0Ctrl.arxml).
              Importing file (C:\Users\gz324f\AppData\Local\Temp\DaVinci\Cfg-4642584\Workflow\1519158315970-0\Config\Developer\HiLoadStallLimr.arxml).
              Importing file (C:\Users\gz324f\AppData\Local\Temp\DaVinci\Cfg-4642584\Workflow\1519158315970-0\Config\Developer\HwAg1Meas.arxml).
              Importing file (C:\Users\gz324f\AppData\Local\Temp\DaVinci\Cfg-4642584\Workflow\1519158315970-0\Config\Developer\HwAgArbn.arxml).
              Importing file (C:\Users\gz324f\AppData\Local\Temp\DaVinci\Cfg-4642584\Workflow\1519158315970-0\Config\Developer\HwAgCorrln.arxml).
              Importing file (C:\Users\gz324f\AppData\Local\Temp\DaVinci\Cfg-4642584\Workflow\1519158315970-0\Config\Developer\HwAgSnsrls.arxml).
              Importing file (C:\Users\gz324f\AppData\Local\Temp\DaVinci\Cfg-4642584\Workflow\1519158315970-0\Config\Developer\HwAgSysArbn.arxml).
              Importing file (C:\Users\gz324f\AppData\Local\Temp\DaVinci\Cfg-4642584\Workflow\1519158315970-0\Config\Developer\HwTq10Meas.arxml).
              Importing file (C:\Users\gz324f\AppData\Local\Temp\DaVinci\Cfg-4642584\Workflow\1519158315970-0\Config\Developer\HwTq9Meas.arxml).
              Importing file (C:\Users\gz324f\AppData\Local\Temp\DaVinci\Cfg-4642584\Workflow\1519158315970-0\Config\Developer\HwTqArbn.arxml).
              Importing file (C:\Users\gz324f\AppData\Local\Temp\DaVinci\Cfg-4642584\Workflow\1519158315970-0\Config\Developer\HwTqCorrln.arxml).
              Importing file (C:\Users\gz324f\AppData\Local\Temp\DaVinci\Cfg-4642584\Workflow\1519158315970-0\Config\Developer\HysCmp.arxml).
              Importing file (C:\Users\gz324f\AppData\Local\Temp\DaVinci\Cfg-4642584\Workflow\1519158315970-0\Config\Developer\ImcArbn.arxml).
              Importing file (C:\Users\gz324f\AppData\Local\Temp\DaVinci\Cfg-4642584\Workflow\1519158315970-0\Config\Developer\ImcSigArbn.arxml).
              Importing file (C:\Users\gz324f\AppData\Local\Temp\DaVinci\Cfg-4642584\Workflow\1519158315970-0\Config\Developer\InertiaCmpVel.arxml).
              Importing file (C:\Users\gz324f\AppData\Local\Temp\DaVinci\Cfg-4642584\Workflow\1519158315970-0\Config\Developer\LimrCdng.arxml).
              Importing file (C:\Users\gz324f\AppData\Local\Temp\DaVinci\Cfg-4642584\Workflow\1519158315970-0\Config\Developer\LoaMgr.arxml).
              Importing file (C:\Users\gz324f\AppData\Local\Temp\DaVinci\Cfg-4642584\Workflow\1519158315970-0\Config\Developer\MotAg2Meas.arxml).
              Importing file (C:\Users\gz324f\AppData\Local\Temp\DaVinci\Cfg-4642584\Workflow\1519158315970-0\Config\Developer\MotAgCorrln.arxml).
              Importing file (C:\Users\gz324f\AppData\Local\Temp\DaVinci\Cfg-4642584\Workflow\1519158315970-0\Config\Developer\MotCtrlPrmEstimn.arxml).
              Importing file (C:\Users\gz324f\AppData\Local\Temp\DaVinci\Cfg-4642584\Workflow\1519158315970-0\Config\Developer\MotCurrPeakEstimn.arxml).
              Importing file (C:\Users\gz324f\AppData\Local\Temp\DaVinci\Cfg-4642584\Workflow\1519158315970-0\Config\Developer\MotCurrRegCfg.arxml).
              Importing file (C:\Users\gz324f\AppData\Local\Temp\DaVinci\Cfg-4642584\Workflow\1519158315970-0\Config\Developer\MotQuadDetn.arxml).
              Importing file (C:\Users\gz324f\AppData\Local\Temp\DaVinci\Cfg-4642584\Workflow\1519158315970-0\Config\Developer\MotRefMdl.arxml).
              Importing file (C:\Users\gz324f\AppData\Local\Temp\DaVinci\Cfg-4642584\Workflow\1519158315970-0\Config\Developer\MotRplCoggCfg.arxml).
              Importing file (C:\Users\gz324f\AppData\Local\Temp\DaVinci\Cfg-4642584\Workflow\1519158315970-0\Config\Developer\MotTqCmdSca.arxml).
              Importing file (C:\Users\gz324f\AppData\Local\Temp\DaVinci\Cfg-4642584\Workflow\1519158315970-0\Config\Developer\MotTqTranlDampg.arxml).
              Importing file (C:\Users\gz324f\AppData\Local\Temp\DaVinci\Cfg-4642584\Workflow\1519158315970-0\Config\Developer\MotVelCtrl.arxml).
              Importing file (C:\Users\gz324f\AppData\Local\Temp\DaVinci\Cfg-4642584\Workflow\1519158315970-0\Config\Developer\NxtrCalIds.arxml).
              Importing file (C:\Users\gz324f\AppData\Local\Temp\DaVinci\Cfg-4642584\Workflow\1519158315970-0\Config\Developer\NxtrMath.arxml).
              Importing file (C:\Users\gz324f\AppData\Local\Temp\DaVinci\Cfg-4642584\Workflow\1519158315970-0\Config\Developer\NxtrSwIds.arxml).
              Importing file (C:\Users\gz324f\AppData\Local\Temp\DaVinci\Cfg-4642584\Workflow\1519158315970-0\Config\Developer\PolarityCfg.arxml).
              Importing file (C:\Users\gz324f\AppData\Local\Temp\DaVinci\Cfg-4642584\Workflow\1519158315970-0\Config\Developer\PosnTrakgServo.arxml).
              Importing file (C:\Users\gz324f\AppData\Local\Temp\DaVinci\Cfg-4642584\Workflow\1519158315970-0\Config\Developer\PwrDiscnct.arxml).
              Importing file (C:\Users\gz324f\AppData\Local\Temp\DaVinci\Cfg-4642584\Workflow\1519158315970-0\Config\Developer\PwrLimr.arxml).
              Importing file (C:\Users\gz324f\AppData\Local\Temp\DaVinci\Cfg-4642584\Workflow\1519158315970-0\Config\Developer\PwrSply.arxml).
              Importing file (C:\Users\gz324f\AppData\Local\Temp\DaVinci\Cfg-4642584\Workflow\1519158315970-0\Config\Developer\PwrUpSeq.arxml).
              Importing file (C:\Users\gz324f\AppData\Local\Temp\DaVinci\Cfg-4642584\Workflow\1519158315970-0\Config\Developer\Rtn.arxml).
              Importing file (C:\Users\gz324f\AppData\Local\Temp\DaVinci\Cfg-4642584\Workflow\1519158315970-0\Config\Developer\RtnPahFwl.arxml).
              Importing file (C:\Users\gz324f\AppData\Local\Temp\DaVinci\Cfg-4642584\Workflow\1519158315970-0\Config\Developer\ShtdwnMech.arxml).
              Importing file (C:\Users\gz324f\AppData\Local\Temp\DaVinci\Cfg-4642584\Workflow\1519158315970-0\Config\Developer\StabyCmp.arxml).
              Importing file (C:\Users\gz324f\AppData\Local\Temp\DaVinci\Cfg-4642584\Workflow\1519158315970-0\Config\Developer\StOutpCtrl.arxml).
              Importing file (C:\Users\gz324f\AppData\Local\Temp\DaVinci\Cfg-4642584\Workflow\1519158315970-0\Config\Developer\Swp.arxml).
              Importing file (C:\Users\gz324f\AppData\Local\Temp\DaVinci\Cfg-4642584\Workflow\1519158315970-0\Config\Developer\SysFricLrng.arxml).
              Importing file (C:\Users\gz324f\AppData\Local\Temp\DaVinci\Cfg-4642584\Workflow\1519158315970-0\Config\Developer\SysPrfmncSts.arxml).
              Importing file (C:\Users\gz324f\AppData\Local\Temp\DaVinci\Cfg-4642584\Workflow\1519158315970-0\Config\Developer\SysStMod.arxml).
              Importing file (C:\Users\gz324f\AppData\Local\Temp\DaVinci\Cfg-4642584\Workflow\1519158315970-0\Config\Developer\TEstimn.arxml).
              Importing file (C:\Users\gz324f\AppData\Local\Temp\DaVinci\Cfg-4642584\Workflow\1519158315970-0\Config\Developer\TmplMonr.arxml).
              Importing file (C:\Users\gz324f\AppData\Local\Temp\DaVinci\Cfg-4642584\Workflow\1519158315970-0\Config\Developer\TqLoa.arxml).
              Importing file (C:\Users\gz324f\AppData\Local\Temp\DaVinci\Cfg-4642584\Workflow\1519158315970-0\Config\Developer\TunSelnAuthy.arxml).
              Importing file (C:\Users\gz324f\AppData\Local\Temp\DaVinci\Cfg-4642584\Workflow\1519158315970-0\Config\Developer\TunSelnMngt.arxml).
              Importing file (C:\Users\gz324f\AppData\Local\Temp\DaVinci\Cfg-4642584\Workflow\1519158315970-0\Config\Developer\VehSigCdng.arxml).
              Importing file (C:\Users\gz324f\AppData\Local\Temp\DaVinci\Cfg-4642584\Workflow\1519158315970-0\Config\Developer\VehSpdLimr.arxml).
              Importing file (C:\Users\gz324f\AppData\Local\Temp\DaVinci\Cfg-4642584\Workflow\1519158315970-0\Config\Developer\DataTypes.arxml).
              Importing file (C:\Users\gz324f\AppData\Local\Temp\DaVinci\Cfg-4642584\Workflow\1519158315970-0\Config\Developer\Packages.arxml).
              Importing file (C:\Users\gz324f\AppData\Local\Temp\DaVinci\Cfg-4642584\Workflow\1519158315970-0\Config\Developer\PortInterfaces.arxml).
              Importing file (C:\Users\gz324f\AppData\Local\Temp\DaVinci\Cfg-4642584\Workflow\1519158315970-0\Config\Developer\EPS.arxml).
              Importing file (C:\Users\gz324f\AppData\Local\Temp\DaVinci\Cfg-4642584\Workflow\1519158315970-0\Config\AUTOSAR\PlatformTypes_AR4.arxml).
              Importing file (C:\Users\gz324f\AppData\Local\Temp\DaVinci\Cfg-4642584\Workflow\1519158315970-0\Config\ServiceComponents\BswM_swc.arxml).
              Importing file (C:\Users\gz324f\AppData\Local\Temp\DaVinci\Cfg-4642584\Workflow\1519158315970-0\Config\ServiceComponents\ComM_swc.arxml).
              Importing file (C:\Users\gz324f\AppData\Local\Temp\DaVinci\Cfg-4642584\Workflow\1519158315970-0\Config\ServiceComponents\Dcm_swc.arxml).
              Importing file (C:\Users\gz324f\AppData\Local\Temp\DaVinci\Cfg-4642584\Workflow\1519158315970-0\Config\ServiceComponents\Dem_swc.arxml).
              Importing file (C:\Users\gz324f\AppData\Local\Temp\DaVinci\Cfg-4642584\Workflow\1519158315970-0\Config\ServiceComponents\Det_swc.arxml).
              Importing file (C:\Users\gz324f\AppData\Local\Temp\DaVinci\Cfg-4642584\Workflow\1519158315970-0\Config\ServiceComponents\EcuM_swc.arxml).
              Importing file (C:\Users\gz324f\AppData\Local\Temp\DaVinci\Cfg-4642584\Workflow\1519158315970-0\Config\ServiceComponents\IoHwAb_swc.arxml).
              Importing file (C:\Users\gz324f\AppData\Local\Temp\DaVinci\Cfg-4642584\Workflow\1519158315970-0\Config\ServiceComponents\NvMProxy_swc.arxml).
              Importing file (C:\Users\gz324f\AppData\Local\Temp\DaVinci\Cfg-4642584\Workflow\1519158315970-0\Config\ServiceComponents\NvM_swc.arxml).
              Importing file (C:\Users\gz324f\AppData\Local\Temp\DaVinci\Cfg-4642584\Workflow\1519158315970-0\Config\ServiceComponents\Os_swc.arxml).
              Importing file (C:\Users\gz324f\AppData\Local\Temp\DaVinci\Cfg-4642584\Workflow\1519158315970-0\Config\ServiceComponents\WdgM_swc.arxml).
              Importing file (C:\Users\gz324f\AppData\Local\Temp\DaVinci\Cfg-4642584\Workflow\1519158315970-0\Update\DevData\EvaluatedVariantSet.arxml).
              Importing file (C:\Users\gz324f\AppData\Local\Temp\DaVinci\Cfg-4642584\Workflow\1519158315970-0\Config\Developer\EPS_attr_def.xml).
              Merging imported data.
              Importing generic attribute file: C:\Users\gz324f\AppData\Local\Temp\DaVinci\Cfg-4642584\Workflow\1519158315970-0\Config\Developer\AAACalRegn02Rt01GroupA_Dummy_gen_attr.xml.
              Importing generic attribute file: C:\Users\gz324f\AppData\Local\Temp\DaVinci\Cfg-4642584\Workflow\1519158315970-0\Config\Developer\Adcf1CfgAndUse_gen_attr.xml.
              Importing generic attribute file: C:\Users\gz324f\AppData\Local\Temp\DaVinci\Cfg-4642584\Workflow\1519158315970-0\Config\Developer\Assi_gen_attr.xml.
              Importing generic attribute file: C:\Users\gz324f\AppData\Local\Temp\DaVinci\Cfg-4642584\Workflow\1519158315970-0\Config\Developer\AssiHiFrq_gen_attr.xml.
              Importing generic attribute file: C:\Users\gz324f\AppData\Local\Temp\DaVinci\Cfg-4642584\Workflow\1519158315970-0\Config\Developer\AssiPahSum_gen_attr.xml.
              Importing generic attribute file: C:\Users\gz324f\AppData\Local\Temp\DaVinci\Cfg-4642584\Workflow\1519158315970-0\Config\Developer\AssiSumLim_gen_attr.xml.
              Importing generic attribute file: C:\Users\gz324f\AppData\Local\Temp\DaVinci\Cfg-4642584\Workflow\1519158315970-0\Config\Developer\BattVltg_gen_attr.xml.
              Importing generic attribute file: C:\Users\gz324f\AppData\Local\Temp\DaVinci\Cfg-4642584\Workflow\1519158315970-0\Config\Developer\BattVltgCorrln_gen_attr.xml.
              Importing generic attribute file: C:\Users\gz324f\AppData\Local\Temp\DaVinci\Cfg-4642584\Workflow\1519158315970-0\Config\Developer\CalRegn01CmnGroupA_gen_attr.xml.
              Importing generic attribute file: C:\Users\gz324f\AppData\Local\Temp\DaVinci\Cfg-4642584\Workflow\1519158315970-0\Config\Developer\CalRegn01Inin00GroupA_gen_attr.xml.
              Importing generic attribute file: C:\Users\gz324f\AppData\Local\Temp\DaVinci\Cfg-4642584\Workflow\1519158315970-0\Config\Developer\CalRegn02CmnGroupA_gen_attr.xml.
              Importing generic attribute file: C:\Users\gz324f\AppData\Local\Temp\DaVinci\Cfg-4642584\Workflow\1519158315970-0\Config\Developer\CalRegn02Inin00GroupA_gen_attr.xml.
              Importing generic attribute file: C:\Users\gz324f\AppData\Local\Temp\DaVinci\Cfg-4642584\Workflow\1519158315970-0\Config\Developer\CalRegn02Rt00GroupA_gen_attr.xml.
              Importing generic attribute file: C:\Users\gz324f\AppData\Local\Temp\DaVinci\Cfg-4642584\Workflow\1519158315970-0\Config\Developer\CalRegn02Rt01GroupA_gen_attr.xml.
              Importing generic attribute file: C:\Users\gz324f\AppData\Local\Temp\DaVinci\Cfg-4642584\Workflow\1519158315970-0\Config\Developer\CalRegn02Rt02GroupA_gen_attr.xml.
              Importing generic attribute file: C:\Users\gz324f\AppData\Local\Temp\DaVinci\Cfg-4642584\Workflow\1519158315970-0\Config\Developer\CalRegn02Rt03GroupA_gen_attr.xml.
              Importing generic attribute file: C:\Users\gz324f\AppData\Local\Temp\DaVinci\Cfg-4642584\Workflow\1519158315970-0\Config\Developer\CalRegn02Rt04GroupA_gen_attr.xml.
              Importing generic attribute file: C:\Users\gz324f\AppData\Local\Temp\DaVinci\Cfg-4642584\Workflow\1519158315970-0\Config\Developer\CalRegn02Rt05GroupA_gen_attr.xml.
              Importing generic attribute file: C:\Users\gz324f\AppData\Local\Temp\DaVinci\Cfg-4642584\Workflow\1519158315970-0\Config\Developer\CDD_Adcf0CfgAndUse_gen_attr.xml.
              Importing generic attribute file: C:\Users\gz324f\AppData\Local\Temp\DaVinci\Cfg-4642584\Workflow\1519158315970-0\Config\Developer\CDD_ChkPtAppl10_gen_attr.xml.
              Importing generic attribute file: C:\Users\gz324f\AppData\Local\Temp\DaVinci\Cfg-4642584\Workflow\1519158315970-0\Config\Developer\CDD_ClkCfgAndMon_gen_attr.xml.
              Importing generic attribute file: C:\Users\gz324f\AppData\Local\Temp\DaVinci\Cfg-4642584\Workflow\1519158315970-0\Config\Developer\CDD_CurrMeas_gen_attr.xml.
              Importing generic attribute file: C:\Users\gz324f\AppData\Local\Temp\DaVinci\Cfg-4642584\Workflow\1519158315970-0\Config\Developer\CDD_CurrMeasArbn_gen_attr.xml.
              Importing generic attribute file: C:\Users\gz324f\AppData\Local\Temp\DaVinci\Cfg-4642584\Workflow\1519158315970-0\Config\Developer\CDD_DmaCfgAndUse_gen_attr.xml.
              Importing generic attribute file: C:\Users\gz324f\AppData\Local\Temp\DaVinci\Cfg-4642584\Workflow\1519158315970-0\Config\Developer\CDD_EcmOutpAndDiagc_gen_attr.xml.
              Importing generic attribute file: C:\Users\gz324f\AppData\Local\Temp\DaVinci\Cfg-4642584\Workflow\1519158315970-0\Config\Developer\CDD_ExcpnHndlg_gen_attr.xml.
              Importing generic attribute file: C:\Users\gz324f\AppData\Local\Temp\DaVinci\Cfg-4642584\Workflow\1519158315970-0\Config\Developer\CDD_FlsMem_gen_attr.xml.
              Importing generic attribute file: C:\Users\gz324f\AppData\Local\Temp\DaVinci\Cfg-4642584\Workflow\1519158315970-0\Config\Developer\CDD_FordT3T6McuCfg_gen_attr.xml.
              Importing generic attribute file: C:\Users\gz324f\AppData\Local\Temp\DaVinci\Cfg-4642584\Workflow\1519158315970-0\Config\Developer\CDD_GtmCfgAndUse_gen_attr.xml.
              Importing generic attribute file: C:\Users\gz324f\AppData\Local\Temp\DaVinci\Cfg-4642584\Workflow\1519158315970-0\Config\Developer\CDD_GuardCfgAndDiagc_gen_attr.xml.
              Importing generic attribute file: C:\Users\gz324f\AppData\Local\Temp\DaVinci\Cfg-4642584\Workflow\1519158315970-0\Config\Developer\CDD_HwTq1Meas_gen_attr.xml.
              Importing generic attribute file: C:\Users\gz324f\AppData\Local\Temp\DaVinci\Cfg-4642584\Workflow\1519158315970-0\Config\Developer\CDD_HwTq8Meas_gen_attr.xml.
              Importing generic attribute file: C:\Users\gz324f\AppData\Local\Temp\DaVinci\Cfg-4642584\Workflow\1519158315970-0\Config\Developer\CDD_McuCoreCfgAndDiagc_gen_attr.xml.
              Importing generic attribute file: C:\Users\gz324f\AppData\Local\Temp\DaVinci\Cfg-4642584\Workflow\1519158315970-0\Config\Developer\CDD_McuDiagc_gen_attr.xml.
              Importing generic attribute file: C:\Users\gz324f\AppData\Local\Temp\DaVinci\Cfg-4642584\Workflow\1519158315970-0\Config\Developer\CDD_MotAg5Meas_gen_attr.xml.
              Importing generic attribute file: C:\Users\gz324f\AppData\Local\Temp\DaVinci\Cfg-4642584\Workflow\1519158315970-0\Config\Developer\CDD_MotAg6Meas_gen_attr.xml.
              Importing generic attribute file: C:\Users\gz324f\AppData\Local\Temp\DaVinci\Cfg-4642584\Workflow\1519158315970-0\Config\Developer\CDD_MotAgArbn_gen_attr.xml.
              Importing generic attribute file: C:\Users\gz324f\AppData\Local\Temp\DaVinci\Cfg-4642584\Workflow\1519158315970-0\Config\Developer\CDD_MotAgCmp_gen_attr.xml.
              Importing generic attribute file: C:\Users\gz324f\AppData\Local\Temp\DaVinci\Cfg-4642584\Workflow\1519158315970-0\Config\Developer\CDD_MotAgSwCal_gen_attr.xml.
              Importing generic attribute file: C:\Users\gz324f\AppData\Local\Temp\DaVinci\Cfg-4642584\Workflow\1519158315970-0\Config\Developer\CDD_MotCtrlMgr_gen_attr.xml.
              Importing generic attribute file: C:\Users\gz324f\AppData\Local\Temp\DaVinci\Cfg-4642584\Workflow\1519158315970-0\Config\Developer\CDD_MotCurrRegVltgLimr_gen_attr.xml.
              Importing generic attribute file: C:\Users\gz324f\AppData\Local\Temp\DaVinci\Cfg-4642584\Workflow\1519158315970-0\Config\Developer\CDD_MotRplCoggCmd_gen_attr.xml.
              Importing generic attribute file: C:\Users\gz324f\AppData\Local\Temp\DaVinci\Cfg-4642584\Workflow\1519158315970-0\Config\Developer\CDD_MotVel_gen_attr.xml.
              Importing generic attribute file: C:\Users\gz324f\AppData\Local\Temp\DaVinci\Cfg-4642584\Workflow\1519158315970-0\Config\Developer\CDD_NvMProxy_gen_attr.xml.
              Importing generic attribute file: C:\Users\gz324f\AppData\Local\Temp\DaVinci\Cfg-4642584\Workflow\1519158315970-0\Config\Developer\CDD_NxtrTi_gen_attr.xml.
              Importing generic attribute file: C:\Users\gz324f\AppData\Local\Temp\DaVinci\Cfg-4642584\Workflow\1519158315970-0\Config\Developer\CDD_RamMem_gen_attr.xml.
              Importing generic attribute file: C:\Users\gz324f\AppData\Local\Temp\DaVinci\Cfg-4642584\Workflow\1519158315970-0\Config\Developer\CDD_SinVltgGenn_gen_attr.xml.
              Importing generic attribute file: C:\Users\gz324f\AppData\Local\Temp\DaVinci\Cfg-4642584\Workflow\1519158315970-0\Config\Developer\CDD_SyncCrc_gen_attr.xml.
              Importing generic attribute file: C:\Users\gz324f\AppData\Local\Temp\DaVinci\Cfg-4642584\Workflow\1519158315970-0\Config\Developer\CDD_Uart0CfgAndUse_gen_attr.xml.
              Importing generic attribute file: C:\Users\gz324f\AppData\Local\Temp\DaVinci\Cfg-4642584\Workflow\1519158315970-0\Config\Developer\CDD_Uart1CfgAndUse_gen_attr.xml.
              Importing generic attribute file: C:\Users\gz324f\AppData\Local\Temp\DaVinci\Cfg-4642584\Workflow\1519158315970-0\Config\Developer\CDD_VrfyCritReg_gen_attr.xml.
              Importing generic attribute file: C:\Users\gz324f\AppData\Local\Temp\DaVinci\Cfg-4642584\Workflow\1519158315970-0\Config\Developer\CDD_XcpIf_gen_attr.xml.
              Importing generic attribute file: C:\Users\gz324f\AppData\Local\Temp\DaVinci\Cfg-4642584\Workflow\1519158315970-0\Config\Developer\CmnMfgSrv_gen_attr.xml.
              Importing generic attribute file: C:\Users\gz324f\AppData\Local\Temp\DaVinci\Cfg-4642584\Workflow\1519158315970-0\Config\Developer\CmplncErr_gen_attr.xml.
              Importing generic attribute file: C:\Users\gz324f\AppData\Local\Temp\DaVinci\Cfg-4642584\Workflow\1519158315970-0\Config\Developer\CurrMeasCorrln_gen_attr.xml.
              Importing generic attribute file: C:\Users\gz324f\AppData\Local\Temp\DaVinci\Cfg-4642584\Workflow\1519158315970-0\Config\Developer\CurrReasbnDiagc_gen_attr.xml.
              Importing generic attribute file: C:\Users\gz324f\AppData\Local\Temp\DaVinci\Cfg-4642584\Workflow\1519158315970-0\Config\Developer\CustDiag_gen_attr.xml.
              Importing generic attribute file: C:\Users\gz324f\AppData\Local\Temp\DaVinci\Cfg-4642584\Workflow\1519158315970-0\Config\Developer\Dampg_gen_attr.xml.
              Importing generic attribute file: C:\Users\gz324f\AppData\Local\Temp\DaVinci\Cfg-4642584\Workflow\1519158315970-0\Config\Developer\DampgPahSum_gen_attr.xml.
              Importing generic attribute file: C:\Users\gz324f\AppData\Local\Temp\DaVinci\Cfg-4642584\Workflow\1519158315970-0\Config\Developer\DiagcMgr_gen_attr.xml.
              Importing generic attribute file: C:\Users\gz324f\AppData\Local\Temp\DaVinci\Cfg-4642584\Workflow\1519158315970-0\Config\Developer\DiagcMgrProxyAppl0_gen_attr.xml.
              Importing generic attribute file: C:\Users\gz324f\AppData\Local\Temp\DaVinci\Cfg-4642584\Workflow\1519158315970-0\Config\Developer\DiagcMgrProxyAppl1_gen_attr.xml.
              Importing generic attribute file: C:\Users\gz324f\AppData\Local\Temp\DaVinci\Cfg-4642584\Workflow\1519158315970-0\Config\Developer\DiagcMgrProxyAppl10_gen_attr.xml.
              Importing generic attribute file: C:\Users\gz324f\AppData\Local\Temp\DaVinci\Cfg-4642584\Workflow\1519158315970-0\Config\Developer\DiagcMgrProxyAppl2_gen_attr.xml.
              Importing generic attribute file: C:\Users\gz324f\AppData\Local\Temp\DaVinci\Cfg-4642584\Workflow\1519158315970-0\Config\Developer\DiagcMgrProxyAppl3_gen_attr.xml.
              Importing generic attribute file: C:\Users\gz324f\AppData\Local\Temp\DaVinci\Cfg-4642584\Workflow\1519158315970-0\Config\Developer\DiagcMgrProxyAppl4_gen_attr.xml.
              Importing generic attribute file: C:\Users\gz324f\AppData\Local\Temp\DaVinci\Cfg-4642584\Workflow\1519158315970-0\Config\Developer\DiagcMgrProxyAppl5_gen_attr.xml.
              Importing generic attribute file: C:\Users\gz324f\AppData\Local\Temp\DaVinci\Cfg-4642584\Workflow\1519158315970-0\Config\Developer\DiagcMgrProxyAppl6_gen_attr.xml.
              Importing generic attribute file: C:\Users\gz324f\AppData\Local\Temp\DaVinci\Cfg-4642584\Workflow\1519158315970-0\Config\Developer\DiagcMgrProxyAppl7_gen_attr.xml.
              Importing generic attribute file: C:\Users\gz324f\AppData\Local\Temp\DaVinci\Cfg-4642584\Workflow\1519158315970-0\Config\Developer\DiagcMgrProxyAppl8_gen_attr.xml.
              Importing generic attribute file: C:\Users\gz324f\AppData\Local\Temp\DaVinci\Cfg-4642584\Workflow\1519158315970-0\Config\Developer\DiagcMgrProxyAppl9_gen_attr.xml.
              Importing generic attribute file: C:\Users\gz324f\AppData\Local\Temp\DaVinci\Cfg-4642584\Workflow\1519158315970-0\Config\Developer\DiagcMgrStub_gen_attr.xml.
              Importing generic attribute file: C:\Users\gz324f\AppData\Local\Temp\DaVinci\Cfg-4642584\Workflow\1519158315970-0\Config\Developer\DiagSrv_gen_attr.xml.
              Importing generic attribute file: C:\Users\gz324f\AppData\Local\Temp\DaVinci\Cfg-4642584\Workflow\1519158315970-0\Config\Developer\DrvrTqEstimn_gen_attr.xml.
              Importing generic attribute file: C:\Users\gz324f\AppData\Local\Temp\DaVinci\Cfg-4642584\Workflow\1519158315970-0\Config\Developer\DualCtrlrOutpMgr_gen_attr.xml.
              Importing generic attribute file: C:\Users\gz324f\AppData\Local\Temp\DaVinci\Cfg-4642584\Workflow\1519158315970-0\Config\Developer\DualEcuIdn_gen_attr.xml.
              Importing generic attribute file: C:\Users\gz324f\AppData\Local\Temp\DaVinci\Cfg-4642584\Workflow\1519158315970-0\Config\Developer\DutyCycThermProtn_gen_attr.xml.
              Importing generic attribute file: C:\Users\gz324f\AppData\Local\Temp\DaVinci\Cfg-4642584\Workflow\1519158315970-0\Config\Developer\EcuTMeas_gen_attr.xml.
              Importing generic attribute file: C:\Users\gz324f\AppData\Local\Temp\DaVinci\Cfg-4642584\Workflow\1519158315970-0\Config\Developer\ElecPwrCns_gen_attr.xml.
              Importing generic attribute file: C:\Users\gz324f\AppData\Local\Temp\DaVinci\Cfg-4642584\Workflow\1519158315970-0\Config\Developer\EotLrng_gen_attr.xml.
              Importing generic attribute file: C:\Users\gz324f\AppData\Local\Temp\DaVinci\Cfg-4642584\Workflow\1519158315970-0\Config\Developer\EotProtn_gen_attr.xml.
              Importing generic attribute file: C:\Users\gz324f\AppData\Local\Temp\DaVinci\Cfg-4642584\Workflow\1519158315970-0\Config\Developer\EotProtnFwl_gen_attr.xml.
              Importing generic attribute file: C:\Users\gz324f\AppData\Local\Temp\DaVinci\Cfg-4642584\Workflow\1519158315970-0\Config\Developer\FltInj_gen_attr.xml.
              Importing generic attribute file: C:\Users\gz324f\AppData\Local\Temp\DaVinci\Cfg-4642584\Workflow\1519158315970-0\Config\Developer\FordCanDtcInhb_gen_attr.xml.
              Importing generic attribute file: C:\Users\gz324f\AppData\Local\Temp\DaVinci\Cfg-4642584\Workflow\1519158315970-0\Config\Developer\FordHwAgArbn_gen_attr.xml.
              Importing generic attribute file: C:\Users\gz324f\AppData\Local\Temp\DaVinci\Cfg-4642584\Workflow\1519158315970-0\Config\Developer\FordHwTqCdng_gen_attr.xml.
              Importing generic attribute file: C:\Users\gz324f\AppData\Local\Temp\DaVinci\Cfg-4642584\Workflow\1519158315970-0\Config\Developer\FordMsg07EBusHiSpd_gen_attr.xml.
              Importing generic attribute file: C:\Users\gz324f\AppData\Local\Temp\DaVinci\Cfg-4642584\Workflow\1519158315970-0\Config\Developer\FordMsg082BusHiSpd_gen_attr.xml.
              Importing generic attribute file: C:\Users\gz324f\AppData\Local\Temp\DaVinci\Cfg-4642584\Workflow\1519158315970-0\Config\Developer\FordMsg167BusHiSpd_gen_attr.xml.
              Importing generic attribute file: C:\Users\gz324f\AppData\Local\Temp\DaVinci\Cfg-4642584\Workflow\1519158315970-0\Config\Developer\FordMsg202BusHiSpd_gen_attr.xml.
              Importing generic attribute file: C:\Users\gz324f\AppData\Local\Temp\DaVinci\Cfg-4642584\Workflow\1519158315970-0\Config\Developer\FordMsg217BusHiSpd_gen_attr.xml.
              Importing generic attribute file: C:\Users\gz324f\AppData\Local\Temp\DaVinci\Cfg-4642584\Workflow\1519158315970-0\Config\Developer\FordMsg3B3BusHiSpd_gen_attr.xml.
              Importing generic attribute file: C:\Users\gz324f\AppData\Local\Temp\DaVinci\Cfg-4642584\Workflow\1519158315970-0\Config\Developer\FordMsg40ABusHiSpd_gen_attr.xml.
              Importing generic attribute file: C:\Users\gz324f\AppData\Local\Temp\DaVinci\Cfg-4642584\Workflow\1519158315970-0\Config\Developer\FordMsg414BusHiSpd_gen_attr.xml.
              Importing generic attribute file: C:\Users\gz324f\AppData\Local\Temp\DaVinci\Cfg-4642584\Workflow\1519158315970-0\Config\Developer\FordMsg415BusHiSpd_gen_attr.xml.
              Importing generic attribute file: C:\Users\gz324f\AppData\Local\Temp\DaVinci\Cfg-4642584\Workflow\1519158315970-0\Config\Developer\FordMsg417BusHiSpd_gen_attr.xml.
              Importing generic attribute file: C:\Users\gz324f\AppData\Local\Temp\DaVinci\Cfg-4642584\Workflow\1519158315970-0\Config\Developer\FordMsg41ABusHiSpd_gen_attr.xml.
              Importing generic attribute file: C:\Users\gz324f\AppData\Local\Temp\DaVinci\Cfg-4642584\Workflow\1519158315970-0\Config\Developer\FordMsg41EBusHiSpd_gen_attr.xml.
              Importing generic attribute file: C:\Users\gz324f\AppData\Local\Temp\DaVinci\Cfg-4642584\Workflow\1519158315970-0\Config\Developer\FordMsg430BusHiSpd_gen_attr.xml.
              Importing generic attribute file: C:\Users\gz324f\AppData\Local\Temp\DaVinci\Cfg-4642584\Workflow\1519158315970-0\Config\Developer\FordMsg5B5BusHiSpd_gen_attr.xml.
              Importing generic attribute file: C:\Users\gz324f\AppData\Local\Temp\DaVinci\Cfg-4642584\Workflow\1519158315970-0\Config\Developer\FordSysSt_gen_attr.xml.
              Importing generic attribute file: C:\Users\gz324f\AppData\Local\Temp\DaVinci\Cfg-4642584\Workflow\1519158315970-0\Config\Developer\FordVehSpdArbn_gen_attr.xml.
              Importing generic attribute file: C:\Users\gz324f\AppData\Local\Temp\DaVinci\Cfg-4642584\Workflow\1519158315970-0\Config\Developer\FordVltgIf_gen_attr.xml.
              Importing generic attribute file: C:\Users\gz324f\AppData\Local\Temp\DaVinci\Cfg-4642584\Workflow\1519158315970-0\Config\Developer\GateDrv0Ctrl_gen_attr.xml.
              Importing generic attribute file: C:\Users\gz324f\AppData\Local\Temp\DaVinci\Cfg-4642584\Workflow\1519158315970-0\Config\Developer\HiLoadStallLimr_gen_attr.xml.
              Importing generic attribute file: C:\Users\gz324f\AppData\Local\Temp\DaVinci\Cfg-4642584\Workflow\1519158315970-0\Config\Developer\HwAg1Meas_gen_attr.xml.
              Importing generic attribute file: C:\Users\gz324f\AppData\Local\Temp\DaVinci\Cfg-4642584\Workflow\1519158315970-0\Config\Developer\HwAgArbn_gen_attr.xml.
              Importing generic attribute file: C:\Users\gz324f\AppData\Local\Temp\DaVinci\Cfg-4642584\Workflow\1519158315970-0\Config\Developer\HwAgCorrln_gen_attr.xml.
              Importing generic attribute file: C:\Users\gz324f\AppData\Local\Temp\DaVinci\Cfg-4642584\Workflow\1519158315970-0\Config\Developer\HwAgSnsrls_gen_attr.xml.
              Importing generic attribute file: C:\Users\gz324f\AppData\Local\Temp\DaVinci\Cfg-4642584\Workflow\1519158315970-0\Config\Developer\HwAgSysArbn_gen_attr.xml.
              Importing generic attribute file: C:\Users\gz324f\AppData\Local\Temp\DaVinci\Cfg-4642584\Workflow\1519158315970-0\Config\Developer\HwTq10Meas_gen_attr.xml.
              Importing generic attribute file: C:\Users\gz324f\AppData\Local\Temp\DaVinci\Cfg-4642584\Workflow\1519158315970-0\Config\Developer\HwTq9Meas_gen_attr.xml.
              Importing generic attribute file: C:\Users\gz324f\AppData\Local\Temp\DaVinci\Cfg-4642584\Workflow\1519158315970-0\Config\Developer\HwTqArbn_gen_attr.xml.
              Importing generic attribute file: C:\Users\gz324f\AppData\Local\Temp\DaVinci\Cfg-4642584\Workflow\1519158315970-0\Config\Developer\HwTqCorrln_gen_attr.xml.
              Importing generic attribute file: C:\Users\gz324f\AppData\Local\Temp\DaVinci\Cfg-4642584\Workflow\1519158315970-0\Config\Developer\HysCmp_gen_attr.xml.
              Importing generic attribute file: C:\Users\gz324f\AppData\Local\Temp\DaVinci\Cfg-4642584\Workflow\1519158315970-0\Config\Developer\ImcArbn_gen_attr.xml.
              Importing generic attribute file: C:\Users\gz324f\AppData\Local\Temp\DaVinci\Cfg-4642584\Workflow\1519158315970-0\Config\Developer\ImcSigArbn_gen_attr.xml.
              Importing generic attribute file: C:\Users\gz324f\AppData\Local\Temp\DaVinci\Cfg-4642584\Workflow\1519158315970-0\Config\Developer\InertiaCmpVel_gen_attr.xml.
              Importing generic attribute file: C:\Users\gz324f\AppData\Local\Temp\DaVinci\Cfg-4642584\Workflow\1519158315970-0\Config\Developer\LimrCdng_gen_attr.xml.
              Importing generic attribute file: C:\Users\gz324f\AppData\Local\Temp\DaVinci\Cfg-4642584\Workflow\1519158315970-0\Config\Developer\LoaMgr_gen_attr.xml.
              Importing generic attribute file: C:\Users\gz324f\AppData\Local\Temp\DaVinci\Cfg-4642584\Workflow\1519158315970-0\Config\Developer\MotAg2Meas_gen_attr.xml.
              Importing generic attribute file: C:\Users\gz324f\AppData\Local\Temp\DaVinci\Cfg-4642584\Workflow\1519158315970-0\Config\Developer\MotAgCorrln_gen_attr.xml.
              Importing generic attribute file: C:\Users\gz324f\AppData\Local\Temp\DaVinci\Cfg-4642584\Workflow\1519158315970-0\Config\Developer\MotCtrlPrmEstimn_gen_attr.xml.
              Importing generic attribute file: C:\Users\gz324f\AppData\Local\Temp\DaVinci\Cfg-4642584\Workflow\1519158315970-0\Config\Developer\MotCurrPeakEstimn_gen_attr.xml.
              Importing generic attribute file: C:\Users\gz324f\AppData\Local\Temp\DaVinci\Cfg-4642584\Workflow\1519158315970-0\Config\Developer\MotCurrRegCfg_gen_attr.xml.
              Importing generic attribute file: C:\Users\gz324f\AppData\Local\Temp\DaVinci\Cfg-4642584\Workflow\1519158315970-0\Config\Developer\MotQuadDetn_gen_attr.xml.
              Importing generic attribute file: C:\Users\gz324f\AppData\Local\Temp\DaVinci\Cfg-4642584\Workflow\1519158315970-0\Config\Developer\MotRefMdl_gen_attr.xml.
              Importing generic attribute file: C:\Users\gz324f\AppData\Local\Temp\DaVinci\Cfg-4642584\Workflow\1519158315970-0\Config\Developer\MotRplCoggCfg_gen_attr.xml.
              Importing generic attribute file: C:\Users\gz324f\AppData\Local\Temp\DaVinci\Cfg-4642584\Workflow\1519158315970-0\Config\Developer\MotTqCmdSca_gen_attr.xml.
              Importing generic attribute file: C:\Users\gz324f\AppData\Local\Temp\DaVinci\Cfg-4642584\Workflow\1519158315970-0\Config\Developer\MotTqTranlDampg_gen_attr.xml.
              Importing generic attribute file: C:\Users\gz324f\AppData\Local\Temp\DaVinci\Cfg-4642584\Workflow\1519158315970-0\Config\Developer\MotVelCtrl_gen_attr.xml.
              Importing generic attribute file: C:\Users\gz324f\AppData\Local\Temp\DaVinci\Cfg-4642584\Workflow\1519158315970-0\Config\Developer\NxtrCalIds_gen_attr.xml.
              Importing generic attribute file: C:\Users\gz324f\AppData\Local\Temp\DaVinci\Cfg-4642584\Workflow\1519158315970-0\Config\Developer\NxtrMath_gen_attr.xml.
              Importing generic attribute file: C:\Users\gz324f\AppData\Local\Temp\DaVinci\Cfg-4642584\Workflow\1519158315970-0\Config\Developer\NxtrSwIds_gen_attr.xml.
              Importing generic attribute file: C:\Users\gz324f\AppData\Local\Temp\DaVinci\Cfg-4642584\Workflow\1519158315970-0\Config\Developer\PolarityCfg_gen_attr.xml.
              Importing generic attribute file: C:\Users\gz324f\AppData\Local\Temp\DaVinci\Cfg-4642584\Workflow\1519158315970-0\Config\Developer\PosnTrakgServo_gen_attr.xml.
              Importing generic attribute file: C:\Users\gz324f\AppData\Local\Temp\DaVinci\Cfg-4642584\Workflow\1519158315970-0\Config\Developer\PwrDiscnct_gen_attr.xml.
              Importing generic attribute file: C:\Users\gz324f\AppData\Local\Temp\DaVinci\Cfg-4642584\Workflow\1519158315970-0\Config\Developer\PwrLimr_gen_attr.xml.
              Importing generic attribute file: C:\Users\gz324f\AppData\Local\Temp\DaVinci\Cfg-4642584\Workflow\1519158315970-0\Config\Developer\PwrSply_gen_attr.xml.
              Importing generic attribute file: C:\Users\gz324f\AppData\Local\Temp\DaVinci\Cfg-4642584\Workflow\1519158315970-0\Config\Developer\PwrUpSeq_gen_attr.xml.
              Importing generic attribute file: C:\Users\gz324f\AppData\Local\Temp\DaVinci\Cfg-4642584\Workflow\1519158315970-0\Config\Developer\Rtn_gen_attr.xml.
              Importing generic attribute file: C:\Users\gz324f\AppData\Local\Temp\DaVinci\Cfg-4642584\Workflow\1519158315970-0\Config\Developer\RtnPahFwl_gen_attr.xml.
              Importing generic attribute file: C:\Users\gz324f\AppData\Local\Temp\DaVinci\Cfg-4642584\Workflow\1519158315970-0\Config\Developer\ShtdwnMech_gen_attr.xml.
              Importing generic attribute file: C:\Users\gz324f\AppData\Local\Temp\DaVinci\Cfg-4642584\Workflow\1519158315970-0\Config\Developer\StabyCmp_gen_attr.xml.
              Importing generic attribute file: C:\Users\gz324f\AppData\Local\Temp\DaVinci\Cfg-4642584\Workflow\1519158315970-0\Config\Developer\StOutpCtrl_gen_attr.xml.
              Importing generic attribute file: C:\Users\gz324f\AppData\Local\Temp\DaVinci\Cfg-4642584\Workflow\1519158315970-0\Config\Developer\Swp_gen_attr.xml.
              Importing generic attribute file: C:\Users\gz324f\AppData\Local\Temp\DaVinci\Cfg-4642584\Workflow\1519158315970-0\Config\Developer\SysFricLrng_gen_attr.xml.
              Importing generic attribute file: C:\Users\gz324f\AppData\Local\Temp\DaVinci\Cfg-4642584\Workflow\1519158315970-0\Config\Developer\SysPrfmncSts_gen_attr.xml.
              Importing generic attribute file: C:\Users\gz324f\AppData\Local\Temp\DaVinci\Cfg-4642584\Workflow\1519158315970-0\Config\Developer\SysStMod_gen_attr.xml.
              Importing generic attribute file: C:\Users\gz324f\AppData\Local\Temp\DaVinci\Cfg-4642584\Workflow\1519158315970-0\Config\Developer\TEstimn_gen_attr.xml.
              Importing generic attribute file: C:\Users\gz324f\AppData\Local\Temp\DaVinci\Cfg-4642584\Workflow\1519158315970-0\Config\Developer\TmplMonr_gen_attr.xml.
              Importing generic attribute file: C:\Users\gz324f\AppData\Local\Temp\DaVinci\Cfg-4642584\Workflow\1519158315970-0\Config\Developer\TqLoa_gen_attr.xml.
              Importing generic attribute file: C:\Users\gz324f\AppData\Local\Temp\DaVinci\Cfg-4642584\Workflow\1519158315970-0\Config\Developer\TunSelnAuthy_gen_attr.xml.
              Importing generic attribute file: C:\Users\gz324f\AppData\Local\Temp\DaVinci\Cfg-4642584\Workflow\1519158315970-0\Config\Developer\TunSelnMngt_gen_attr.xml.
              Importing generic attribute file: C:\Users\gz324f\AppData\Local\Temp\DaVinci\Cfg-4642584\Workflow\1519158315970-0\Config\Developer\VehSigCdng_gen_attr.xml.
              Importing generic attribute file: C:\Users\gz324f\AppData\Local\Temp\DaVinci\Cfg-4642584\Workflow\1519158315970-0\Config\Developer\VehSpdLimr_gen_attr.xml.
              Importing generic attribute file: C:\Users\gz324f\AppData\Local\Temp\DaVinci\Cfg-4642584\Workflow\1519158315970-0\Config\Developer\DataTypes_gen_attr.xml.
              Importing generic attribute file: C:\Users\gz324f\AppData\Local\Temp\DaVinci\Cfg-4642584\Workflow\1519158315970-0\Config\Developer\Packages_gen_attr.xml.
              Importing generic attribute file: C:\Users\gz324f\AppData\Local\Temp\DaVinci\Cfg-4642584\Workflow\1519158315970-0\Config\Developer\PortInterfaces_gen_attr.xml.
              Importing generic attribute file: C:\Users\gz324f\AppData\Local\Temp\DaVinci\Cfg-4642584\Workflow\1519158315970-0\Config\Developer\EPS_gen_attr.xml.
              Finished import.
              Workspace 'C:\Users\gz324f\AppData\Local\Temp\DaVinci\Cfg-4642584\Workflow\1519158315970-0\Config\Developer\EPS.dcf' successfully opened.
              Start import.
              Importing file (C:\Users\gz324f\AppData\Local\Temp\DaVinci\Cfg-4642584\Workflow\1519158315970-0\Config\System\Sysdesc_merged.arxml).
              Importing file (C:\Users\gz324f\AppData\Local\Temp\DaVinci\Cfg-4642584\Workflow\1519158315970-0\Config\System\EvaluatedVariantSet.arxml).
              Merging imported data.
              Imported generic attribute file.
              Finished import.
              Exporting to xml file 'C:\Users\gz324f\AppData\Local\Temp\DaVinci\Cfg-4642584\Workflow\1519158315970-0\Config\Developer\EPS_attr_def.xml'.
              Finished export.
              Exporting to xml file 'C:\Users\gz324f\AppData\Local\Temp\DaVinci\Cfg-4642584\Workflow\1519158315970-0\Config\Developer\DataTypes.arxml'.
              Finished export.
              Exporting to xml file 'C:\Users\gz324f\AppData\Local\Temp\DaVinci\Cfg-4642584\Workflow\1519158315970-0\Config\Developer\Packages.arxml'.
              Finished export.
              Exporting to xml file 'C:\Users\gz324f\AppData\Local\Temp\DaVinci\Cfg-4642584\Workflow\1519158315970-0\Config\Developer\EPS.arxml'.
              Finished export.
              Saving profile settings to file 'C:\Users\gz324f\AppData\Local\Temp\DaVinci\Cfg-4642584\Workflow\1519158315970-0\Config\Developer\ProfileSettings.xml'.
              Workspace 'C:\Users\gz324f\AppData\Local\Temp\DaVinci\Cfg-4642584\Workflow\1519158315970-0\Config\Developer\EPS.dcf' saved successfully.
              Workspace 'C:\Users\gz324f\AppData\Local\Temp\DaVinci\Cfg-4642584\Workflow\1519158315970-0\Config\Developer\EPS.dcf' closed.
              OK.
 15:27:47 - Action 'Update DaVinci Developer Workspace' successfully finished.
 15:27:47 - Action 'Update RTE configuration' started.
              [Warning] [Warning] No AUTOSAR standard definition found for module: IoHwAb.
 15:28:02 - Action 'Update RTE configuration' successfully finished with warnings.
                 [Warning] No AUTOSAR standard definition found for module: IoHwAb.
 15:28:02 - Action 'Align differences after successful update' started.
 15:28:03 - Action 'Align differences after successful update' successfully finished.
 15:28:03 - Action 'Clean up update data' started.
 15:28:03 - Action 'Clean up update data' successfully finished.
 15:28:10 - Action 'Open Project' started.
 15:28:28 - Action 'Open Project' successfully finished.
15:28:40 - Workflow 'Update workflow.' finished.
